============================================================
Track C Iterative Optimization - Benchmark Execution
Job: iter_ior_misaligned_r0_baseline
Command: ior -a POSIX -t 1000 -b 1000000 -s 50 -F -e -C -w -r -o /work/hdd/bdau/mbanisharifdehkordi/bench_scratch/iterative/ior_test_file
Date: Thu Mar 26 00:34:55 CDT 2026
Host: cn055.delta.ncsa.illinois.edu
============================================================
IOR-3.3.0: MPI Coordinated Test of Parallel I/O
Began               : Thu Mar 26 00:34:56 2026
Command line        : /sw/rh9.4/spack/v1.0.0/sw/linux-x86_64_v2/ior-3.3.0-oznn4mz/bin/ior -a POSIX -t 1000 -b 1000000 -s 50 -F -e -C -w -r -o /work/hdd/bdau/mbanisharifdehkordi/bench_scratch/iterative/ior_test_file
Machine             : Linux cn055.delta.ncsa.illinois.edu
TestID              : 0
StartTime           : Thu Mar 26 00:34:56 2026
Path                : /work/hdd/bdau/mbanisharifdehkordi/bench_scratch/iterative
FS                  : 1.5 TiB   Used FS: 22.8%   Inodes: 2.4 Mi   Used Inodes: 67.7%

Options: 
api                 : POSIX
apiVersion          : 
test filename       : /work/hdd/bdau/mbanisharifdehkordi/bench_scratch/iterative/ior_test_file
access              : file-per-process
type                : independent
segments            : 50
ordering in a file  : sequential
ordering inter file : constant task offset
task offset         : 1
nodes               : 1
tasks               : 16
clients per node    : 16
repetitions         : 1
xfersize            : 1000 bytes
blocksize           : 1000000 bytes
aggregate filesize  : 762.94 MiB

Results: 

access    bw(MiB/s)  IOPS       Latency(s)  block(KiB) xfer(KiB)  open(s)    wr/rd(s)   close(s)   total(s)   iter
------    ---------  ----       ----------  ---------- ---------  --------   --------   --------   --------   ----
write     826.61     868334     0.000705    976.56     0.976562   0.007191   0.921305   0.261416   0.922970   0   
read      2135.31    2243886    0.000273    976.56     0.976562   0.000965   0.356524   0.109284   0.357297   0   
remove    -          -          -           -          -          -          -          -          0.202818   0   
Max Write: 826.61 MiB/sec (866.77 MB/sec)
Max Read:  2135.31 MiB/sec (2239.03 MB/sec)

Summary of all tests:
Operation   Max(MiB)   Min(MiB)  Mean(MiB)     StdDev   Max(OPs)   Min(OPs)  Mean(OPs)     StdDev    Mean(s) Stonewall(s) Stonewall(MiB) Test# #Tasks tPN reps fPP reord reordoff reordrand seed segcnt   blksiz    xsize aggs(MiB)   API RefNum
write         826.61     826.61     826.61       0.00  866766.62  866766.62  866766.62       0.00    0.92297         NA            NA     0     16  16    1   1     1        1         0    0     50  1000000     1000     762.9 POSIX      0
read         2135.31    2135.31    2135.31       0.00 2239032.35 2239032.35 2239032.35       0.00    0.35730         NA            NA     0     16  16    1   1     1        1         0    0     50  1000000     1000     762.9 POSIX      0
Finished            : Thu Mar 26 00:34:58 2026

Exit code: 0
Completed: Thu Mar 26 00:34:58 CDT 2026
Darshan log: /work/hdd/bdau/mbanisharifdehkordi/SC_2026/data/benchmark_logs/iterative/mbanisha_ior_id17003826-1476570_3-26-2096-16959238307270298657_1.darshan
