============================================================
Track C Iterative Optimization - Benchmark Execution
Job: iter_ior_small_posix_r2_i1
Command: ior -a MPIIO -t 1048576 -b 1048576 -s 100 -e -C -w -r -c -o /work/hdd/bdau/mbanisharifdehkordi/bench_scratch/iterative/ior_test_file
Date: Wed Mar 25 17:42:52 CDT 2026
Host: cn052.delta.ncsa.illinois.edu
============================================================
IOR-3.3.0: MPI Coordinated Test of Parallel I/O
Began               : Wed Mar 25 17:42:52 2026
Command line        : /sw/rh9.4/spack/v1.0.0/sw/linux-x86_64_v2/ior-3.3.0-oznn4mz/bin/ior -a MPIIO -t 1048576 -b 1048576 -s 100 -e -C -w -r -c -o /work/hdd/bdau/mbanisharifdehkordi/bench_scratch/iterative/ior_test_file
Machine             : Linux cn052.delta.ncsa.illinois.edu
TestID              : 0
StartTime           : Wed Mar 25 17:42:52 2026
Path                : /work/hdd/bdau/mbanisharifdehkordi/bench_scratch/iterative
FS                  : 1.5 TiB   Used FS: 22.8%   Inodes: 2.4 Mi   Used Inodes: 67.7%

Options: 
api                 : MPIIO
apiVersion          : (3.1)
test filename       : /work/hdd/bdau/mbanisharifdehkordi/bench_scratch/iterative/ior_test_file
access              : single-shared-file
type                : collective
segments            : 100
ordering in a file  : sequential
ordering inter file : constant task offset
task offset         : 1
nodes               : 1
tasks               : 16
clients per node    : 16
repetitions         : 1
xfersize            : 1 MiB
blocksize           : 1 MiB
aggregate filesize  : 1.56 GiB

Results: 

access    bw(MiB/s)  IOPS       Latency(s)  block(KiB) xfer(KiB)  open(s)    wr/rd(s)   close(s)   total(s)   iter
------    ---------  ----       ----------  ---------- ---------  --------   --------   --------   --------   ----
write     664.99     679.77     2.35        1024.00    1024.00    0.051365   2.35       0.001263   2.41       0   
read      7033       7196       0.222173    1024.00    1024.00    0.004792   0.222344   0.001773   0.227496   0   
remove    -          -          -           -          -          -          -          -          0.689729   0   
Max Write: 664.99 MiB/sec (697.29 MB/sec)
Max Read:  7033.10 MiB/sec (7374.74 MB/sec)

Summary of all tests:
Operation   Max(MiB)   Min(MiB)  Mean(MiB)     StdDev   Max(OPs)   Min(OPs)  Mean(OPs)     StdDev    Mean(s) Stonewall(s) Stonewall(MiB) Test# #Tasks tPN reps fPP reord reordoff reordrand seed segcnt   blksiz    xsize aggs(MiB)   API RefNum
write         664.99     664.99     664.99       0.00     664.99     664.99     664.99       0.00    2.40606         NA            NA     0     16  16    1   0     1        1         0    0    100  1048576  1048576    1600.0 MPIIO      0
read         7033.10    7033.10    7033.10       0.00    7033.10    7033.10    7033.10       0.00    0.22750         NA            NA     0     16  16    1   0     1        1         0    0    100  1048576  1048576    1600.0 MPIIO      0
Finished            : Wed Mar 25 17:42:56 2026

Exit code: 0
Completed: Wed Mar 25 17:42:56 CDT 2026
Darshan log: /work/hdd/bdau/mbanisharifdehkordi/SC_2026/data/benchmark_logs/iterative/mbanisha_ior_id17001038-483849_3-25-63772-13486366733403412751_1.darshan
