============================================================
Track C Iterative Optimization - Benchmark Execution
Job: iter_ior_small_posix_r0_i1
Command: ior -a MPIIO -t 1048576 -b 1048576 -s 100 -F -e -C -w -r -c -o /work/hdd/bdau/mbanisharifdehkordi/bench_scratch/iterative/ior_test_file
Date: Thu Mar 26 13:42:10 CDT 2026
Host: cn064.delta.ncsa.illinois.edu
============================================================
IOR-3.3.0: MPI Coordinated Test of Parallel I/O
Began               : Thu Mar 26 13:42:10 2026
Command line        : /sw/rh9.4/spack/v1.0.0/sw/linux-x86_64_v2/ior-3.3.0-oznn4mz/bin/ior -a MPIIO -t 1048576 -b 1048576 -s 100 -F -e -C -w -r -c -o /work/hdd/bdau/mbanisharifdehkordi/bench_scratch/iterative/ior_test_file
Machine             : Linux cn064.delta.ncsa.illinois.edu
TestID              : 0
StartTime           : Thu Mar 26 13:42:10 2026
Path                : /work/hdd/bdau/mbanisharifdehkordi/bench_scratch/iterative
FS                  : 1.5 TiB   Used FS: 23.5%   Inodes: 2.4 Mi   Used Inodes: 72.5%

Options: 
api                 : MPIIO
apiVersion          : (3.1)
test filename       : /work/hdd/bdau/mbanisharifdehkordi/bench_scratch/iterative/ior_test_file
access              : file-per-process
type                : collective
segments            : 100
ordering in a file  : sequential
ordering inter file : constant task offset
task offset         : 1
nodes               : 1
tasks               : 16
clients per node    : 16
repetitions         : 1
xfersize            : 1 MiB
blocksize           : 1 MiB
aggregate filesize  : 1.56 GiB

Results: 

access    bw(MiB/s)  IOPS       Latency(s)  block(KiB) xfer(KiB)  open(s)    wr/rd(s)   close(s)   total(s)   iter
------    ---------  ----       ----------  ---------- ---------  --------   --------   --------   --------   ----
write     1424.50    1441.88    1.08        1024.00    1024.00    0.169682   1.11       0.550011   1.12       0   
read      11152      11283      0.076060    1024.00    1024.00    0.002264   0.141804   0.086724   0.143470   0   
remove    -          -          -           -          -          -          -          -          0.376438   0   
Max Write: 1424.50 MiB/sec (1493.70 MB/sec)
Max Read:  11152.14 MiB/sec (11693.86 MB/sec)

Summary of all tests:
Operation   Max(MiB)   Min(MiB)  Mean(MiB)     StdDev   Max(OPs)   Min(OPs)  Mean(OPs)     StdDev    Mean(s) Stonewall(s) Stonewall(MiB) Test# #Tasks tPN reps fPP reord reordoff reordrand seed segcnt   blksiz    xsize aggs(MiB)   API RefNum
write        1424.50    1424.50    1424.50       0.00    1424.50    1424.50    1424.50       0.00    1.12320         NA            NA     0     16  16    1   1     1        1         0    0    100  1048576  1048576    1600.0 MPIIO      0
read        11152.14   11152.14   11152.14       0.00   11152.14   11152.14   11152.14       0.00    0.14347         NA            NA     0     16  16    1   1     1        1         0    0    100  1048576  1048576    1600.0 MPIIO      0
Finished            : Thu Mar 26 13:42:12 2026

Exit code: 0
Completed: Thu Mar 26 13:42:13 CDT 2026
Darshan log: /work/hdd/bdau/mbanisharifdehkordi/SC_2026/data/benchmark_logs/iterative/mbanisha_ior_id17009189-440616_3-26-49330-2281070424577725654_1.darshan
