============================================================
Track C Iterative Optimization - Benchmark Execution
Job: iter_ior_small_direct_r2_baseline
Command: ior -a POSIX -t 4096 -b 1048576 -s 100 -F -e -C -w -r -O useO_DIRECT=1 -o /work/hdd/bdau/mbanisharifdehkordi/bench_scratch/iterative/ior_test_file
Date: Wed Mar 25 22:53:34 CDT 2026
Host: cn028.delta.ncsa.illinois.edu
============================================================
IOR-3.3.0: MPI Coordinated Test of Parallel I/O
Began               : Wed Mar 25 22:53:34 2026
Command line        : /sw/rh9.4/spack/v1.0.0/sw/linux-x86_64_v2/ior-3.3.0-oznn4mz/bin/ior -a POSIX -t 4096 -b 1048576 -s 100 -F -e -C -w -r -O useO_DIRECT=1 -o /work/hdd/bdau/mbanisharifdehkordi/bench_scratch/iterative/ior_test_file
Machine             : Linux cn028.delta.ncsa.illinois.edu
TestID              : 0
StartTime           : Wed Mar 25 22:53:34 2026
Path                : /work/hdd/bdau/mbanisharifdehkordi/bench_scratch/iterative
FS                  : 1.5 TiB   Used FS: 22.8%   Inodes: 2.4 Mi   Used Inodes: 67.7%

Options: 
api                 : POSIX
apiVersion          : 
test filename       : /work/hdd/bdau/mbanisharifdehkordi/bench_scratch/iterative/ior_test_file
access              : file-per-process
type                : independent
segments            : 100
ordering in a file  : sequential
ordering inter file : constant task offset
task offset         : 1
nodes               : 1
tasks               : 16
clients per node    : 16
repetitions         : 1
xfersize            : 4096 bytes
blocksize           : 1 MiB
aggregate filesize  : 1.56 GiB

Results: 

access    bw(MiB/s)  IOPS       Latency(s)  block(KiB) xfer(KiB)  open(s)    wr/rd(s)   close(s)   total(s)   iter
------    ---------  ----       ----------  ---------- ---------  --------   --------   --------   --------   ----
write     64.01      16388      0.093095    1024.00    4.00       0.006911   24.99      3.79       25.00      0   
read      197.08     50460      0.029923    1024.00    4.00       0.001532   8.12       0.714572   8.12       0   
remove    -          -          -           -          -          -          -          -          0.007887   0   
Max Write: 64.01 MiB/sec (67.12 MB/sec)
Max Read:  197.08 MiB/sec (206.66 MB/sec)

Summary of all tests:
Operation   Max(MiB)   Min(MiB)  Mean(MiB)     StdDev   Max(OPs)   Min(OPs)  Mean(OPs)     StdDev    Mean(s) Stonewall(s) Stonewall(MiB) Test# #Tasks tPN reps fPP reord reordoff reordrand seed segcnt   blksiz    xsize aggs(MiB)   API RefNum
write          64.01      64.01      64.01       0.00   16387.13   16387.13   16387.13       0.00   24.99523         NA            NA     0     16  16    1   1     1        1         0    0    100  1048576     4096    1600.0 POSIX      0
read          197.08     197.08     197.08       0.00   50453.44   50453.44   50453.44       0.00    8.11838         NA            NA     0     16  16    1   1     1        1         0    0    100  1048576     4096    1600.0 POSIX      0
Finished            : Wed Mar 25 22:54:08 2026

Exit code: 0
Completed: Wed Mar 25 22:54:08 CDT 2026
Darshan log: /work/hdd/bdau/mbanisharifdehkordi/SC_2026/data/benchmark_logs/iterative/mbanisha_ior_id17003295-1773938_3-25-82414-595609832756037201_1.darshan
