============================================================
Track C Iterative Optimization - Benchmark Execution
Job: iter_ior_misaligned_r0_baseline
Command: ior -a POSIX -t 1000 -b 1000000 -s 50 -F -e -C -w -r -o /work/hdd/bdau/mbanisharifdehkordi/bench_scratch/iterative/ior_test_file
Date: Wed Mar 25 17:11:20 CDT 2026
Host: cn114.delta.ncsa.illinois.edu
============================================================
IOR-3.3.0: MPI Coordinated Test of Parallel I/O
Began               : Wed Mar 25 17:11:21 2026
Command line        : /sw/rh9.4/spack/v1.0.0/sw/linux-x86_64_v2/ior-3.3.0-oznn4mz/bin/ior -a POSIX -t 1000 -b 1000000 -s 50 -F -e -C -w -r -o /work/hdd/bdau/mbanisharifdehkordi/bench_scratch/iterative/ior_test_file
Machine             : Linux cn114.delta.ncsa.illinois.edu
TestID              : 0
StartTime           : Wed Mar 25 17:11:21 2026
Path                : /work/hdd/bdau/mbanisharifdehkordi/bench_scratch/iterative
FS                  : 1.5 TiB   Used FS: 22.8%   Inodes: 2.4 Mi   Used Inodes: 67.6%

Options: 
api                 : POSIX
apiVersion          : 
test filename       : /work/hdd/bdau/mbanisharifdehkordi/bench_scratch/iterative/ior_test_file
access              : file-per-process
type                : independent
segments            : 50
ordering in a file  : sequential
ordering inter file : constant task offset
task offset         : 1
nodes               : 1
tasks               : 16
clients per node    : 16
repetitions         : 1
xfersize            : 1000 bytes
blocksize           : 1000000 bytes
aggregate filesize  : 762.94 MiB

Results: 

access    bw(MiB/s)  IOPS       Latency(s)  block(KiB) xfer(KiB)  open(s)    wr/rd(s)   close(s)   total(s)   iter
------    ---------  ----       ----------  ---------- ---------  --------   --------   --------   --------   ----
write     672.27     706010     0.000773    976.56     0.976562   0.006035   1.13       0.482808   1.13       0   
read      2270.65    2387629    0.000270    976.56     0.976562   0.001345   0.335060   0.101033   0.336000   0   
remove    -          -          -           -          -          -          -          -          0.204669   0   
Max Write: 672.27 MiB/sec (704.93 MB/sec)
Max Read:  2270.65 MiB/sec (2380.95 MB/sec)

Summary of all tests:
Operation   Max(MiB)   Min(MiB)  Mean(MiB)     StdDev   Max(OPs)   Min(OPs)  Mean(OPs)     StdDev    Mean(s) Stonewall(s) Stonewall(MiB) Test# #Tasks tPN reps fPP reord reordoff reordrand seed segcnt   blksiz    xsize aggs(MiB)   API RefNum
write         672.27     672.27     672.27       0.00  704927.41  704927.41  704927.41       0.00    1.13487         NA            NA     0     16  16    1   1     1        1         0    0     50  1000000     1000     762.9 POSIX      0
read         2270.65    2270.65    2270.65       0.00 2380950.93 2380950.93 2380950.93       0.00    0.33600         NA            NA     0     16  16    1   1     1        1         0    0     50  1000000     1000     762.9 POSIX      0
Finished            : Wed Mar 25 17:11:23 2026

Exit code: 0
Completed: Wed Mar 25 17:11:23 CDT 2026
Darshan log: /work/hdd/bdau/mbanisharifdehkordi/SC_2026/data/benchmark_logs/iterative/mbanisha_ior_id17000727-1470823_3-25-61881-13587634003512623565_1.darshan
