============================================================
Track C Iterative Optimization - Benchmark Execution
Job: iter_ior_healthy_baseline_r0_i1
Command: ior -a MPIIO -t 4194304 -b 1073741824 -s 4 -F -c -e -C -w -r -F -o /work/hdd/bdau/mbanisharifdehkordi/bench_scratch/iterative/ior_test_file
Date: Thu Mar 26 01:45:01 CDT 2026
Host: cn036.delta.ncsa.illinois.edu
============================================================
IOR-3.3.0: MPI Coordinated Test of Parallel I/O
Began               : Thu Mar 26 01:45:01 2026
Command line        : /sw/rh9.4/spack/v1.0.0/sw/linux-x86_64_v2/ior-3.3.0-oznn4mz/bin/ior -a MPIIO -t 4194304 -b 1073741824 -s 4 -F -c -e -C -w -r -F -o /work/hdd/bdau/mbanisharifdehkordi/bench_scratch/iterative/ior_test_file
Machine             : Linux cn036.delta.ncsa.illinois.edu
TestID              : 0
StartTime           : Thu Mar 26 01:45:01 2026
Path                : /work/hdd/bdau/mbanisharifdehkordi/bench_scratch/iterative
FS                  : 1.5 TiB   Used FS: 22.8%   Inodes: 2.4 Mi   Used Inodes: 68.3%

Options: 
api                 : MPIIO
apiVersion          : (3.1)
test filename       : /work/hdd/bdau/mbanisharifdehkordi/bench_scratch/iterative/ior_test_file
access              : file-per-process
type                : collective
segments            : 4
ordering in a file  : sequential
ordering inter file : constant task offset
task offset         : 1
nodes               : 1
tasks               : 16
clients per node    : 16
repetitions         : 1
xfersize            : 4 MiB
blocksize           : 1 GiB
aggregate filesize  : 64 GiB

Results: 

access    bw(MiB/s)  IOPS       Latency(s)  block(KiB) xfer(KiB)  open(s)    wr/rd(s)   close(s)   total(s)   iter
------    ---------  ----       ----------  ---------- ---------  --------   --------   --------   --------   ----
WARNING: Expected aggregate file size       = 68719476736.
WARNING: Stat() of aggregate file size      = 4294967296.
WARNING: Using actual aggregate bytes moved = 68719476736.
write     2202.30    550.63     0.112198    1048576    4096       0.049514   29.76      8.20       29.76      0   
WARNING: Expected aggregate file size       = 68719476736.
WARNING: Stat() of aggregate file size      = 4294967296.
WARNING: Using actual aggregate bytes moved = 68719476736.
read      22248      5582       0.004571    1048576    4096       0.020932   2.94       2.21       2.95       0   
remove    -          -          -           -          -          -          -          -          9.05       0   
Max Write: 2202.30 MiB/sec (2309.28 MB/sec)
Max Read:  22248.36 MiB/sec (23329.09 MB/sec)

Summary of all tests:
Operation   Max(MiB)   Min(MiB)  Mean(MiB)     StdDev   Max(OPs)   Min(OPs)  Mean(OPs)     StdDev    Mean(s) Stonewall(s) Stonewall(MiB) Test# #Tasks tPN reps fPP reord reordoff reordrand seed segcnt   blksiz    xsize aggs(MiB)   API RefNum
write        2202.30    2202.30    2202.30       0.00     550.58     550.58     550.58       0.00   29.75792         NA            NA     0     16  16    1   2     1        1         0    0      4 1073741824  4194304   65536.0 MPIIO      0
read        22248.36   22248.36   22248.36       0.00    5562.09    5562.09    5562.09       0.00    2.94566         NA            NA     0     16  16    1   2     1        1         0    0      4 1073741824  4194304   65536.0 MPIIO      0
Finished            : Thu Mar 26 01:45:44 2026

Exit code: 0
Completed: Thu Mar 26 01:45:44 CDT 2026
Darshan log: /work/hdd/bdau/mbanisharifdehkordi/SC_2026/data/benchmark_logs/iterative/mbanisha_ior_id17004156-3650076_3-26-6301-16328120059884002453_1.darshan
