============================================================
Track C Iterative Optimization - Benchmark Execution
Job: iter_ior_small_posix_r0_i3
Command: ior -a POSIX -t 1048576 -b 1048576 -s 100 -F -e -C -w -r -o /work/hdd/bdau/mbanisharifdehkordi/bench_scratch/iterative/iter_ior_small_posix_r0_i3/ior_test_file
Date: Thu Mar 26 14:06:20 CDT 2026
Host: cn093.delta.ncsa.illinois.edu
============================================================
IOR-3.3.0: MPI Coordinated Test of Parallel I/O
Began               : Thu Mar 26 14:06:21 2026
Command line        : /sw/rh9.4/spack/v1.0.0/sw/linux-x86_64_v2/ior-3.3.0-oznn4mz/bin/ior -a POSIX -t 1048576 -b 1048576 -s 100 -F -e -C -w -r -o /work/hdd/bdau/mbanisharifdehkordi/bench_scratch/iterative/iter_ior_small_posix_r0_i3/ior_test_file
Machine             : Linux cn093.delta.ncsa.illinois.edu
TestID              : 0
StartTime           : Thu Mar 26 14:06:21 2026
Path                : /work/hdd/bdau/mbanisharifdehkordi/bench_scratch/iterative/iter_ior_small_posix_r0_i3
FS                  : 1.5 TiB   Used FS: 23.6%   Inodes: 2.4 Mi   Used Inodes: 68.4%

Options: 
api                 : POSIX
apiVersion          : 
test filename       : /work/hdd/bdau/mbanisharifdehkordi/bench_scratch/iterative/iter_ior_small_posix_r0_i3/ior_test_file
access              : file-per-process
type                : independent
segments            : 100
ordering in a file  : sequential
ordering inter file : constant task offset
task offset         : 1
nodes               : 1
tasks               : 16
clients per node    : 16
repetitions         : 1
xfersize            : 1 MiB
blocksize           : 1 MiB
aggregate filesize  : 1.56 GiB

Results: 

access    bw(MiB/s)  IOPS       Latency(s)  block(KiB) xfer(KiB)  open(s)    wr/rd(s)   close(s)   total(s)   iter
------    ---------  ----       ----------  ---------- ---------  --------   --------   --------   --------   ----
write     1810.69    1820.16    0.795261    1024.00    1024.00    0.015420   0.879043   0.314700   0.883641   0   
read      16066      16220      0.084841    1024.00    1024.00    0.009802   0.098641   0.040436   0.099587   0   
remove    -          -          -           -          -          -          -          -          0.428550   0   
Max Write: 1810.69 MiB/sec (1898.65 MB/sec)
Max Read:  16066.38 MiB/sec (16846.82 MB/sec)

Summary of all tests:
Operation   Max(MiB)   Min(MiB)  Mean(MiB)     StdDev   Max(OPs)   Min(OPs)  Mean(OPs)     StdDev    Mean(s) Stonewall(s) Stonewall(MiB) Test# #Tasks tPN reps fPP reord reordoff reordrand seed segcnt   blksiz    xsize aggs(MiB)   API RefNum
write        1810.69    1810.69    1810.69       0.00    1810.69    1810.69    1810.69       0.00    0.88364         NA            NA     0     16  16    1   1     1        1         0    0    100  1048576  1048576    1600.0 POSIX      0
read        16066.38   16066.38   16066.38       0.00   16066.38   16066.38   16066.38       0.00    0.09959         NA            NA     0     16  16    1   1     1        1         0    0    100  1048576  1048576    1600.0 POSIX      0
Finished            : Thu Mar 26 14:06:23 2026

Exit code: 0
Completed: Thu Mar 26 14:06:23 CDT 2026
Darshan log: /work/hdd/bdau/mbanisharifdehkordi/SC_2026/data/benchmark_logs/iterative/mbanisha_ior_id17009507-126534_3-26-50781-2959854404294911739_1.darshan
