============================================================
Track C Iterative Optimization - Benchmark Execution
Job: iter_ior_fsync_heavy_r0_baseline
Command: ior -a POSIX -t 65536 -b 104857600 -s 10 -F -e -C -Y -w -r -o /work/hdd/bdau/mbanisharifdehkordi/bench_scratch/iterative/iter_ior_fsync_heavy_r0_baseline/ior_test_file
Date: Wed Apr  1 03:05:45 CDT 2026
Host: cn094.delta.ncsa.illinois.edu
============================================================
IOR-3.3.0: MPI Coordinated Test of Parallel I/O
Began               : Wed Apr  1 03:05:45 2026
Command line        : /sw/rh9.4/spack/v1.0.0/sw/linux-x86_64_v2/ior-3.3.0-oznn4mz/bin/ior -a POSIX -t 65536 -b 104857600 -s 10 -F -e -C -Y -w -r -o /work/hdd/bdau/mbanisharifdehkordi/bench_scratch/iterative/iter_ior_fsync_heavy_r0_baseline/ior_test_file
Machine             : Linux cn094.delta.ncsa.illinois.edu
TestID              : 0
StartTime           : Wed Apr  1 03:05:45 2026
Path                : /work/hdd/bdau/mbanisharifdehkordi/bench_scratch/iterative/iter_ior_fsync_heavy_r0_baseline
FS                  : 1.5 TiB   Used FS: 23.0%   Inodes: 2.4 Mi   Used Inodes: 71.0%

Options: 
api                 : POSIX
apiVersion          : 
test filename       : /work/hdd/bdau/mbanisharifdehkordi/bench_scratch/iterative/iter_ior_fsync_heavy_r0_baseline/ior_test_file
access              : file-per-process
type                : independent
segments            : 10
ordering in a file  : sequential
ordering inter file : constant task offset
task offset         : 1
nodes               : 1
tasks               : 16
clients per node    : 16
repetitions         : 1
xfersize            : 65536 bytes
blocksize           : 100 MiB
aggregate filesize  : 15.62 GiB

Results: 

access    bw(MiB/s)  IOPS       Latency(s)  block(KiB) xfer(KiB)  open(s)    wr/rd(s)   close(s)   total(s)   iter
------    ---------  ----       ----------  ---------- ---------  --------   --------   --------   --------   ----
write     437.22     6996       0.019925    102400     64.00      0.007311   36.59      7.18       36.59      0   
read      9193       147802     0.000971    102400     64.00      0.000863   1.73       1.56       1.74       0   
remove    -          -          -           -          -          -          -          -          1.92       0   
Max Write: 437.22 MiB/sec (458.46 MB/sec)
Max Read:  9193.41 MiB/sec (9639.99 MB/sec)

Summary of all tests:
Operation   Max(MiB)   Min(MiB)  Mean(MiB)     StdDev   Max(OPs)   Min(OPs)  Mean(OPs)     StdDev    Mean(s) Stonewall(s) Stonewall(MiB) Test# #Tasks tPN reps fPP reord reordoff reordrand seed segcnt   blksiz    xsize aggs(MiB)   API RefNum
write         437.22     437.22     437.22       0.00    6995.51    6995.51    6995.51       0.00   36.59492         NA            NA     0     16  16    1   1     1        1         0    0     10 104857600    65536   16000.0 POSIX      0
read         9193.41    9193.41    9193.41       0.00  147094.59  147094.59  147094.59       0.00    1.74038         NA            NA     0     16  16    1   1     1        1         0    0     10 104857600    65536   16000.0 POSIX      0
Finished            : Wed Apr  1 03:06:25 2026

Exit code: 0
Completed: Wed Apr  1 03:06:26 CDT 2026
Darshan log: /work/hdd/bdau/mbanisharifdehkordi/SC_2026/data/benchmark_logs/iterative/mbanisha_ior_id17180888-1844347_4-1-11145-14796190125719813457_1.darshan
