============================================================
Track C Iterative Optimization - Benchmark Execution
Job: iter_ior_small_posix_r0_i0
Command: ior -a POSIX -t 1048576 -b 1048576 -s 100 -F -e -C -w -r -o /work/hdd/bdau/mbanisharifdehkordi/bench_scratch/iterative/iter_ior_small_posix_r0_i0/ior_test_file
Date: Thu Mar 26 14:08:50 CDT 2026
Host: cn093.delta.ncsa.illinois.edu
============================================================
IOR-3.3.0: MPI Coordinated Test of Parallel I/O
Began               : Thu Mar 26 14:08:50 2026
Command line        : /sw/rh9.4/spack/v1.0.0/sw/linux-x86_64_v2/ior-3.3.0-oznn4mz/bin/ior -a POSIX -t 1048576 -b 1048576 -s 100 -F -e -C -w -r -o /work/hdd/bdau/mbanisharifdehkordi/bench_scratch/iterative/iter_ior_small_posix_r0_i0/ior_test_file
Machine             : Linux cn093.delta.ncsa.illinois.edu
TestID              : 0
StartTime           : Thu Mar 26 14:08:50 2026
Path                : /work/hdd/bdau/mbanisharifdehkordi/bench_scratch/iterative/iter_ior_small_posix_r0_i0
FS                  : 1.5 TiB   Used FS: 23.4%   Inodes: 2.4 Mi   Used Inodes: 68.4%

Options: 
api                 : POSIX
apiVersion          : 
test filename       : /work/hdd/bdau/mbanisharifdehkordi/bench_scratch/iterative/iter_ior_small_posix_r0_i0/ior_test_file
access              : file-per-process
type                : independent
segments            : 100
ordering in a file  : sequential
ordering inter file : constant task offset
task offset         : 1
nodes               : 1
tasks               : 16
clients per node    : 16
repetitions         : 1
xfersize            : 1 MiB
blocksize           : 1 MiB
aggregate filesize  : 1.56 GiB

Results: 

access    bw(MiB/s)  IOPS       Latency(s)  block(KiB) xfer(KiB)  open(s)    wr/rd(s)   close(s)   total(s)   iter
------    ---------  ----       ----------  ---------- ---------  --------   --------   --------   --------   ----
write     1694.16    1696.30    0.942860    1024.00    1024.00    0.006644   0.943230   0.475715   0.944423   0   
read      18277      18477      0.082698    1024.00    1024.00    0.001235   0.086595   0.038473   0.087541   0   
remove    -          -          -           -          -          -          -          -          0.378344   0   
Max Write: 1694.16 MiB/sec (1776.45 MB/sec)
Max Read:  18277.10 MiB/sec (19164.93 MB/sec)

Summary of all tests:
Operation   Max(MiB)   Min(MiB)  Mean(MiB)     StdDev   Max(OPs)   Min(OPs)  Mean(OPs)     StdDev    Mean(s) Stonewall(s) Stonewall(MiB) Test# #Tasks tPN reps fPP reord reordoff reordrand seed segcnt   blksiz    xsize aggs(MiB)   API RefNum
write        1694.16    1694.16    1694.16       0.00    1694.16    1694.16    1694.16       0.00    0.94442         NA            NA     0     16  16    1   1     1        1         0    0    100  1048576  1048576    1600.0 POSIX      0
read        18277.10   18277.10   18277.10       0.00   18277.10   18277.10   18277.10       0.00    0.08754         NA            NA     0     16  16    1   1     1        1         0    0    100  1048576  1048576    1600.0 POSIX      0
Finished            : Thu Mar 26 14:08:52 2026

Exit code: 0
Completed: Thu Mar 26 14:08:52 CDT 2026
Darshan log: /work/hdd/bdau/mbanisharifdehkordi/SC_2026/data/benchmark_logs/iterative/mbanisha_ior_id17009537-127453_3-26-50930-9080312498919597415_1.darshan
