============================================================
Track C Iterative Optimization - Benchmark Execution
Job: iter_ior_small_posix_r1_i1
Command: ior -a POSIX -t 4194304 -b 4194304 -s 100 -F -e -C -w -r -o /work/hdd/bdau/mbanisharifdehkordi/bench_scratch/iterative/ior_test_file
Date: Wed Mar 25 17:51:24 CDT 2026
Host: cn044.delta.ncsa.illinois.edu
============================================================
IOR-3.3.0: MPI Coordinated Test of Parallel I/O
Began               : Wed Mar 25 17:51:24 2026
Command line        : /sw/rh9.4/spack/v1.0.0/sw/linux-x86_64_v2/ior-3.3.0-oznn4mz/bin/ior -a POSIX -t 4194304 -b 4194304 -s 100 -F -e -C -w -r -o /work/hdd/bdau/mbanisharifdehkordi/bench_scratch/iterative/ior_test_file
Machine             : Linux cn044.delta.ncsa.illinois.edu
TestID              : 0
StartTime           : Wed Mar 25 17:51:24 2026
Path                : /work/hdd/bdau/mbanisharifdehkordi/bench_scratch/iterative
FS                  : 1.5 TiB   Used FS: 22.8%   Inodes: 2.4 Mi   Used Inodes: 67.7%

Options: 
api                 : POSIX
apiVersion          : 
test filename       : /work/hdd/bdau/mbanisharifdehkordi/bench_scratch/iterative/ior_test_file
access              : file-per-process
type                : independent
segments            : 100
ordering in a file  : sequential
ordering inter file : constant task offset
task offset         : 1
nodes               : 1
tasks               : 16
clients per node    : 16
repetitions         : 1
xfersize            : 4 MiB
blocksize           : 4 MiB
aggregate filesize  : 6.25 GiB

Results: 

access    bw(MiB/s)  IOPS       Latency(s)  block(KiB) xfer(KiB)  open(s)    wr/rd(s)   close(s)   total(s)   iter
------    ---------  ----       ----------  ---------- ---------  --------   --------   --------   --------   ----
write     2841.11    710.66     2.20        4096       4096       0.006935   2.25       0.684117   2.25       0   
read      11939      3059.15    0.098819    4096       4096       0.000915   0.523021   0.455470   0.536053   0   
remove    -          -          -           -          -          -          -          -          1.58       0   
Max Write: 2841.11 MiB/sec (2979.12 MB/sec)
Max Read:  11939.13 MiB/sec (12519.08 MB/sec)

Summary of all tests:
Operation   Max(MiB)   Min(MiB)  Mean(MiB)     StdDev   Max(OPs)   Min(OPs)  Mean(OPs)     StdDev    Mean(s) Stonewall(s) Stonewall(MiB) Test# #Tasks tPN reps fPP reord reordoff reordrand seed segcnt   blksiz    xsize aggs(MiB)   API RefNum
write        2841.11    2841.11    2841.11       0.00     710.28     710.28     710.28       0.00    2.25264         NA            NA     0     16  16    1   1     1        1         0    0    100  4194304  4194304    6400.0 POSIX      0
read        11939.13   11939.13   11939.13       0.00    2984.78    2984.78    2984.78       0.00    0.53605         NA            NA     0     16  16    1   1     1        1         0    0    100  4194304  4194304    6400.0 POSIX      0
Finished            : Wed Mar 25 17:51:29 2026

Exit code: 0
Completed: Wed Mar 25 17:51:29 CDT 2026
Darshan log: /work/hdd/bdau/mbanisharifdehkordi/SC_2026/data/benchmark_logs/iterative/mbanisha_ior_id17001077-747242_3-25-64284-12912815046684085453_1.darshan
