============================================================
Track C Iterative Optimization - Benchmark Execution
Job: iter_ior_random_access_r0_i1
Command: ior -a MPIIO -t 1048576 -b 104857600 -s 10 -F -e -C -w -r -c -o /work/hdd/bdau/mbanisharifdehkordi/bench_scratch/iterative/ior_test_file
Date: Thu Mar 26 13:52:28 CDT 2026
Host: cn040.delta.ncsa.illinois.edu
============================================================
IOR-3.3.0: MPI Coordinated Test of Parallel I/O
Began               : Thu Mar 26 13:52:28 2026
Command line        : /sw/rh9.4/spack/v1.0.0/sw/linux-x86_64_v2/ior-3.3.0-oznn4mz/bin/ior -a MPIIO -t 1048576 -b 104857600 -s 10 -F -e -C -w -r -c -o /work/hdd/bdau/mbanisharifdehkordi/bench_scratch/iterative/ior_test_file
Machine             : Linux cn040.delta.ncsa.illinois.edu
TestID              : 0
StartTime           : Thu Mar 26 13:52:28 2026
Path                : /work/hdd/bdau/mbanisharifdehkordi/bench_scratch/iterative
FS                  : 1.5 TiB   Used FS: 22.9%   Inodes: 2.4 Mi   Used Inodes: 72.8%

Options: 
api                 : MPIIO
apiVersion          : (3.1)
test filename       : /work/hdd/bdau/mbanisharifdehkordi/bench_scratch/iterative/ior_test_file
access              : file-per-process
type                : collective
segments            : 10
ordering in a file  : sequential
ordering inter file : constant task offset
task offset         : 1
nodes               : 1
tasks               : 16
clients per node    : 16
repetitions         : 1
xfersize            : 1 MiB
blocksize           : 100 MiB
aggregate filesize  : 15.62 GiB

Results: 

access    bw(MiB/s)  IOPS       Latency(s)  block(KiB) xfer(KiB)  open(s)    wr/rd(s)   close(s)   total(s)   iter
------    ---------  ----       ----------  ---------- ---------  --------   --------   --------   --------   ----
write     2643.72    2655.89    0.052486    102400     1024.00    0.100715   6.02       1.39       6.05       0   
read      19638      19693      0.002743    102400     1024.00    0.004301   0.812492   0.538347   0.814763   0   
remove    -          -          -           -          -          -          -          -          2.97       0   
Max Write: 2643.72 MiB/sec (2772.14 MB/sec)
Max Read:  19637.61 MiB/sec (20591.52 MB/sec)

Summary of all tests:
Operation   Max(MiB)   Min(MiB)  Mean(MiB)     StdDev   Max(OPs)   Min(OPs)  Mean(OPs)     StdDev    Mean(s) Stonewall(s) Stonewall(MiB) Test# #Tasks tPN reps fPP reord reordoff reordrand seed segcnt   blksiz    xsize aggs(MiB)   API RefNum
write        2643.72    2643.72    2643.72       0.00    2643.72    2643.72    2643.72       0.00    6.05208         NA            NA     0     16  16    1   1     1        1         0    0     10 104857600  1048576   16000.0 MPIIO      0
read        19637.61   19637.61   19637.61       0.00   19637.61   19637.61   19637.61       0.00    0.81476         NA            NA     0     16  16    1   1     1        1         0    0     10 104857600  1048576   16000.0 MPIIO      0
Finished            : Thu Mar 26 13:52:39 2026

Exit code: 0
Completed: Thu Mar 26 13:52:39 CDT 2026
Darshan log: /work/hdd/bdau/mbanisharifdehkordi/SC_2026/data/benchmark_logs/iterative/mbanisha_ior_id17009304-364562_3-26-49948-10363027276725675706_1.darshan
