============================================================
Track C Iterative Optimization - Benchmark Execution
Job: iter_ior_fsync_heavy_r2_i1
Command: ior -a POSIX -t 16777216 -b 117440512 -s 10 -F -e -C -w -r -o /work/hdd/bdau/mbanisharifdehkordi/bench_scratch/iterative/ior_test_file
Date: Wed Mar 25 21:20:14 CDT 2026
Host: cn054.delta.ncsa.illinois.edu
============================================================
IOR-3.3.0: MPI Coordinated Test of Parallel I/O
Began               : Wed Mar 25 21:20:15 2026
Command line        : /sw/rh9.4/spack/v1.0.0/sw/linux-x86_64_v2/ior-3.3.0-oznn4mz/bin/ior -a POSIX -t 16777216 -b 117440512 -s 10 -F -e -C -w -r -o /work/hdd/bdau/mbanisharifdehkordi/bench_scratch/iterative/ior_test_file
Machine             : Linux cn054.delta.ncsa.illinois.edu
TestID              : 0
StartTime           : Wed Mar 25 21:20:15 2026
Path                : /work/hdd/bdau/mbanisharifdehkordi/bench_scratch/iterative
FS                  : 1.5 TiB   Used FS: 22.8%   Inodes: 2.4 Mi   Used Inodes: 67.7%

Options: 
api                 : POSIX
apiVersion          : 
test filename       : /work/hdd/bdau/mbanisharifdehkordi/bench_scratch/iterative/ior_test_file
access              : file-per-process
type                : independent
segments            : 10
ordering in a file  : sequential
ordering inter file : constant task offset
task offset         : 1
nodes               : 1
tasks               : 16
clients per node    : 16
repetitions         : 1
xfersize            : 16 MiB
blocksize           : 112 MiB
aggregate filesize  : 17.50 GiB

Results: 

access    bw(MiB/s)  IOPS       Latency(s)  block(KiB) xfer(KiB)  open(s)    wr/rd(s)   close(s)   total(s)   iter
------    ---------  ----       ----------  ---------- ---------  --------   --------   --------   --------   ----
write     901.06     56.33      2.34        114688     16384      0.018423   19.88      17.05      19.89      0   
read      31191      1952.76    0.027675    114688     16384      0.021261   0.573547   0.404500   0.574517   0   
remove    -          -          -           -          -          -          -          -          4.02       0   
Max Write: 901.06 MiB/sec (944.83 MB/sec)
Max Read:  31191.43 MiB/sec (32706.59 MB/sec)

Summary of all tests:
Operation   Max(MiB)   Min(MiB)  Mean(MiB)     StdDev   Max(OPs)   Min(OPs)  Mean(OPs)     StdDev    Mean(s) Stonewall(s) Stonewall(MiB) Test# #Tasks tPN reps fPP reord reordoff reordrand seed segcnt   blksiz    xsize aggs(MiB)   API RefNum
write         901.06     901.06     901.06       0.00      56.32      56.32      56.32       0.00   19.88764         NA            NA     0     16  16    1   1     1        1         0    0     10 117440512 16777216   17920.0 POSIX      0
read        31191.43   31191.43   31191.43       0.00    1949.46    1949.46    1949.46       0.00    0.57452         NA            NA     0     16  16    1   1     1        1         0    0     10 117440512 16777216   17920.0 POSIX      0
Finished            : Wed Mar 25 21:20:40 2026

Exit code: 0
Completed: Wed Mar 25 21:20:40 CDT 2026
Darshan log: /work/hdd/bdau/mbanisharifdehkordi/SC_2026/data/benchmark_logs/iterative/mbanisha_ior_id17002829-2406792_3-25-76815-8693712460313817842_1.darshan
