============================================================
Track C Iterative Optimization - Benchmark Execution
Job: iter_ior_small_direct_r1_baseline
Command: ior -a POSIX -t 4096 -b 1048576 -s 100 -F -e -C -w -r -O useO_DIRECT=1 -o /work/hdd/bdau/mbanisharifdehkordi/bench_scratch/iterative/ior_test_file
Date: Wed Mar 25 23:20:18 CDT 2026
Host: cn026.delta.ncsa.illinois.edu
============================================================
IOR-3.3.0: MPI Coordinated Test of Parallel I/O
Began               : Wed Mar 25 23:20:19 2026
Command line        : /sw/rh9.4/spack/v1.0.0/sw/linux-x86_64_v2/ior-3.3.0-oznn4mz/bin/ior -a POSIX -t 4096 -b 1048576 -s 100 -F -e -C -w -r -O useO_DIRECT=1 -o /work/hdd/bdau/mbanisharifdehkordi/bench_scratch/iterative/ior_test_file
Machine             : Linux cn026.delta.ncsa.illinois.edu
TestID              : 0
StartTime           : Wed Mar 25 23:20:19 2026
Path                : /work/hdd/bdau/mbanisharifdehkordi/bench_scratch/iterative
FS                  : 1.5 TiB   Used FS: 22.8%   Inodes: 2.4 Mi   Used Inodes: 67.7%

Options: 
api                 : POSIX
apiVersion          : 
test filename       : /work/hdd/bdau/mbanisharifdehkordi/bench_scratch/iterative/ior_test_file
access              : file-per-process
type                : independent
segments            : 100
ordering in a file  : sequential
ordering inter file : constant task offset
task offset         : 1
nodes               : 1
tasks               : 16
clients per node    : 16
repetitions         : 1
xfersize            : 4096 bytes
blocksize           : 1 MiB
aggregate filesize  : 1.56 GiB

Results: 

access    bw(MiB/s)  IOPS       Latency(s)  block(KiB) xfer(KiB)  open(s)    wr/rd(s)   close(s)   total(s)   iter
------    ---------  ----       ----------  ---------- ---------  --------   --------   --------   --------   ----
write     66.19      16949      0.084153    1024.00    4.00       0.019667   24.17      4.72       24.17      0   
read      222.56     56984      0.027077    1024.00    4.00       0.014000   7.19       0.580585   7.19       0   
remove    -          -          -           -          -          -          -          -          0.007940   0   
Max Write: 66.19 MiB/sec (69.41 MB/sec)
Max Read:  222.56 MiB/sec (233.37 MB/sec)

Summary of all tests:
Operation   Max(MiB)   Min(MiB)  Mean(MiB)     StdDev   Max(OPs)   Min(OPs)  Mean(OPs)     StdDev    Mean(s) Stonewall(s) Stonewall(MiB) Test# #Tasks tPN reps fPP reord reordoff reordrand seed segcnt   blksiz    xsize aggs(MiB)   API RefNum
write          66.19      66.19      66.19       0.00   16945.86   16945.86   16945.86       0.00   24.17109         NA            NA     0     16  16    1   1     1        1         0    0    100  1048576     4096    1600.0 POSIX      0
read          222.56     222.56     222.56       0.00   56976.02   56976.02   56976.02       0.00    7.18899         NA            NA     0     16  16    1   1     1        1         0    0    100  1048576     4096    1600.0 POSIX      0
Finished            : Wed Mar 25 23:20:50 2026

Exit code: 0
Completed: Wed Mar 25 23:20:51 CDT 2026
Darshan log: /work/hdd/bdau/mbanisharifdehkordi/SC_2026/data/benchmark_logs/iterative/mbanisha_ior_id17003427-1107595_3-25-84018-14845662472225413369_1.darshan
