============================================================
Track C Iterative Optimization - Benchmark Execution
Job: iter_ior_small_posix_r1_i1
Command: ior -a MPIIO -t 1048576 -b 1048576 -s 100 -e -C -w -r -c -o /work/hdd/bdau/mbanisharifdehkordi/bench_scratch/iterative/ior_test_file
Date: Wed Mar 25 17:38:48 CDT 2026
Host: cn055.delta.ncsa.illinois.edu
============================================================
IOR-3.3.0: MPI Coordinated Test of Parallel I/O
Began               : Wed Mar 25 17:38:49 2026
Command line        : /sw/rh9.4/spack/v1.0.0/sw/linux-x86_64_v2/ior-3.3.0-oznn4mz/bin/ior -a MPIIO -t 1048576 -b 1048576 -s 100 -e -C -w -r -c -o /work/hdd/bdau/mbanisharifdehkordi/bench_scratch/iterative/ior_test_file
Machine             : Linux cn055.delta.ncsa.illinois.edu
TestID              : 0
StartTime           : Wed Mar 25 17:38:49 2026
Path                : /work/hdd/bdau/mbanisharifdehkordi/bench_scratch/iterative
FS                  : 1.5 TiB   Used FS: 22.8%   Inodes: 2.4 Mi   Used Inodes: 67.6%

Options: 
api                 : MPIIO
apiVersion          : (3.1)
test filename       : /work/hdd/bdau/mbanisharifdehkordi/bench_scratch/iterative/ior_test_file
access              : single-shared-file
type                : collective
segments            : 100
ordering in a file  : sequential
ordering inter file : constant task offset
task offset         : 1
nodes               : 1
tasks               : 16
clients per node    : 16
repetitions         : 1
xfersize            : 1 MiB
blocksize           : 1 MiB
aggregate filesize  : 1.56 GiB

Results: 

access    bw(MiB/s)  IOPS       Latency(s)  block(KiB) xfer(KiB)  open(s)    wr/rd(s)   close(s)   total(s)   iter
------    ---------  ----       ----------  ---------- ---------  --------   --------   --------   --------   ----
write     682.44     767.32     2.07        1024.00    1024.00    0.271529   2.09       0.013771   2.34       0   
read      5921       6015       0.252947    1024.00    1024.00    0.016825   0.266012   0.013655   0.270238   0   
remove    -          -          -           -          -          -          -          -          0.688676   0   
Max Write: 682.44 MiB/sec (715.60 MB/sec)
Max Read:  5920.70 MiB/sec (6208.30 MB/sec)

Summary of all tests:
Operation   Max(MiB)   Min(MiB)  Mean(MiB)     StdDev   Max(OPs)   Min(OPs)  Mean(OPs)     StdDev    Mean(s) Stonewall(s) Stonewall(MiB) Test# #Tasks tPN reps fPP reord reordoff reordrand seed segcnt   blksiz    xsize aggs(MiB)   API RefNum
write         682.44     682.44     682.44       0.00     682.44     682.44     682.44       0.00    2.34451         NA            NA     0     16  16    1   0     1        1         0    0    100  1048576  1048576    1600.0 MPIIO      0
read         5920.70    5920.70    5920.70       0.00    5920.70    5920.70    5920.70       0.00    0.27024         NA            NA     0     16  16    1   0     1        1         0    0    100  1048576  1048576    1600.0 MPIIO      0
Finished            : Wed Mar 25 17:38:52 2026

Exit code: 0
Completed: Wed Mar 25 17:38:52 CDT 2026
Darshan log: /work/hdd/bdau/mbanisharifdehkordi/SC_2026/data/benchmark_logs/iterative/mbanisha_ior_id17001022-1323483_3-25-63528-11283333233119639768_1.darshan
