============================================================
Track C Iterative Optimization - Benchmark Execution
Job: iter_ior_fsync_heavy_r1_i1
Command: ior -a POSIX -t 16777216 -b 117440512 -s 10 -F -e -C -w -r -o /work/hdd/bdau/mbanisharifdehkordi/bench_scratch/iterative/ior_test_file
Date: Wed Mar 25 21:02:59 CDT 2026
Host: cn008.delta.ncsa.illinois.edu
============================================================
IOR-3.3.0: MPI Coordinated Test of Parallel I/O
Began               : Wed Mar 25 21:02:59 2026
Command line        : /sw/rh9.4/spack/v1.0.0/sw/linux-x86_64_v2/ior-3.3.0-oznn4mz/bin/ior -a POSIX -t 16777216 -b 117440512 -s 10 -F -e -C -w -r -o /work/hdd/bdau/mbanisharifdehkordi/bench_scratch/iterative/ior_test_file
Machine             : Linux cn008.delta.ncsa.illinois.edu
TestID              : 0
StartTime           : Wed Mar 25 21:02:59 2026
Path                : /work/hdd/bdau/mbanisharifdehkordi/bench_scratch/iterative
FS                  : 1.5 TiB   Used FS: 22.8%   Inodes: 2.4 Mi   Used Inodes: 67.7%

Options: 
api                 : POSIX
apiVersion          : 
test filename       : /work/hdd/bdau/mbanisharifdehkordi/bench_scratch/iterative/ior_test_file
access              : file-per-process
type                : independent
segments            : 10
ordering in a file  : sequential
ordering inter file : constant task offset
task offset         : 1
nodes               : 1
tasks               : 16
clients per node    : 16
repetitions         : 1
xfersize            : 16 MiB
blocksize           : 112 MiB
aggregate filesize  : 17.50 GiB

Results: 

access    bw(MiB/s)  IOPS       Latency(s)  block(KiB) xfer(KiB)  open(s)    wr/rd(s)   close(s)   total(s)   iter
------    ---------  ----       ----------  ---------- ---------  --------   --------   --------   --------   ----
write     3041.20    190.12     0.804547    114688     16384      0.006447   5.89       1.90       5.89       0   
read      20647      1291.95    0.026766    114688     16384      0.001259   0.866908   0.682462   0.867937   0   
remove    -          -          -           -          -          -          -          -          4.40       0   
Max Write: 3041.20 MiB/sec (3188.93 MB/sec)
Max Read:  20646.66 MiB/sec (21649.59 MB/sec)

Summary of all tests:
Operation   Max(MiB)   Min(MiB)  Mean(MiB)     StdDev   Max(OPs)   Min(OPs)  Mean(OPs)     StdDev    Mean(s) Stonewall(s) Stonewall(MiB) Test# #Tasks tPN reps fPP reord reordoff reordrand seed segcnt   blksiz    xsize aggs(MiB)   API RefNum
write        3041.20    3041.20    3041.20       0.00     190.08     190.08     190.08       0.00    5.89241         NA            NA     0     16  16    1   1     1        1         0    0     10 117440512 16777216   17920.0 POSIX      0
read        20646.66   20646.66   20646.66       0.00    1290.42    1290.42    1290.42       0.00    0.86794         NA            NA     0     16  16    1   1     1        1         0    0     10 117440512 16777216   17920.0 POSIX      0
Finished            : Wed Mar 25 21:03:11 2026

Exit code: 0
Completed: Wed Mar 25 21:03:11 CDT 2026
Darshan log: /work/hdd/bdau/mbanisharifdehkordi/SC_2026/data/benchmark_logs/iterative/mbanisha_ior_id17002754-712892_3-25-75779-2782604504834709522_1.darshan
