============================================================
Track C Iterative Optimization - Benchmark Execution
Job: iter_ior_interface_shared_r0_baseline
Command: ior -a POSIX -t 1048576 -b 104857600 -s 10 -e -C -w -r -o /work/hdd/bdau/mbanisharifdehkordi/bench_scratch/iterative/ior_test_file
Date: Wed Mar 25 17:08:34 CDT 2026
Host: cn114.delta.ncsa.illinois.edu
============================================================
IOR-3.3.0: MPI Coordinated Test of Parallel I/O
Began               : Wed Mar 25 17:08:35 2026
Command line        : /sw/rh9.4/spack/v1.0.0/sw/linux-x86_64_v2/ior-3.3.0-oznn4mz/bin/ior -a POSIX -t 1048576 -b 104857600 -s 10 -e -C -w -r -o /work/hdd/bdau/mbanisharifdehkordi/bench_scratch/iterative/ior_test_file
Machine             : Linux cn114.delta.ncsa.illinois.edu
TestID              : 0
StartTime           : Wed Mar 25 17:08:35 2026
Path                : /work/hdd/bdau/mbanisharifdehkordi/bench_scratch/iterative
FS                  : 1.5 TiB   Used FS: 22.8%   Inodes: 2.4 Mi   Used Inodes: 67.6%

Options: 
api                 : POSIX
apiVersion          : 
test filename       : /work/hdd/bdau/mbanisharifdehkordi/bench_scratch/iterative/ior_test_file
access              : single-shared-file
type                : independent
segments            : 10
ordering in a file  : sequential
ordering inter file : constant task offset
task offset         : 1
nodes               : 1
tasks               : 16
clients per node    : 16
repetitions         : 1
xfersize            : 1 MiB
blocksize           : 100 MiB
aggregate filesize  : 15.62 GiB

Results: 

access    bw(MiB/s)  IOPS       Latency(s)  block(KiB) xfer(KiB)  open(s)    wr/rd(s)   close(s)   total(s)   iter
------    ---------  ----       ----------  ---------- ---------  --------   --------   --------   --------   ----
write     760.91     760.98     0.210133    102400     1024.00    0.013628   21.03      0.012747   21.03      0   
read      11771      11782      0.012411    102400     1024.00    0.015021   1.36       0.163910   1.36       0   
remove    -          -          -           -          -          -          -          -          4.55       0   
Max Write: 760.91 MiB/sec (797.87 MB/sec)
Max Read:  11771.50 MiB/sec (12343.31 MB/sec)

Summary of all tests:
Operation   Max(MiB)   Min(MiB)  Mean(MiB)     StdDev   Max(OPs)   Min(OPs)  Mean(OPs)     StdDev    Mean(s) Stonewall(s) Stonewall(MiB) Test# #Tasks tPN reps fPP reord reordoff reordrand seed segcnt   blksiz    xsize aggs(MiB)   API RefNum
write         760.91     760.91     760.91       0.00     760.91     760.91     760.91       0.00   21.02750         NA            NA     0     16  16    1   0     1        1         0    0     10 104857600  1048576   16000.0 POSIX      0
read        11771.50   11771.50   11771.50       0.00   11771.50   11771.50   11771.50       0.00    1.35922         NA            NA     0     16  16    1   0     1        1         0    0     10 104857600  1048576   16000.0 POSIX      0
Finished            : Wed Mar 25 17:09:02 2026

Exit code: 0
Completed: Wed Mar 25 17:09:03 CDT 2026
Darshan log: /work/hdd/bdau/mbanisharifdehkordi/SC_2026/data/benchmark_logs/iterative/mbanisha_ior_id17000674-1469559_3-25-61715-10939325317125633079_1.darshan
