============================================================
Track C Iterative Optimization - Benchmark Execution
Job: iter_ior_small_posix_r1_i2
Command: ior -a MPIIO -t 1048576 -b 1048576 -s 100 -F -e -C -w -r -o /work/hdd/bdau/mbanisharifdehkordi/bench_scratch/iterative/ior_test_file
Date: Wed Mar 25 17:39:28 CDT 2026
Host: cn055.delta.ncsa.illinois.edu
============================================================
IOR-3.3.0: MPI Coordinated Test of Parallel I/O
Began               : Wed Mar 25 17:39:29 2026
Command line        : /sw/rh9.4/spack/v1.0.0/sw/linux-x86_64_v2/ior-3.3.0-oznn4mz/bin/ior -a MPIIO -t 1048576 -b 1048576 -s 100 -F -e -C -w -r -o /work/hdd/bdau/mbanisharifdehkordi/bench_scratch/iterative/ior_test_file
Machine             : Linux cn055.delta.ncsa.illinois.edu
TestID              : 0
StartTime           : Wed Mar 25 17:39:29 2026
Path                : /work/hdd/bdau/mbanisharifdehkordi/bench_scratch/iterative
FS                  : 1.5 TiB   Used FS: 22.8%   Inodes: 2.4 Mi   Used Inodes: 67.6%

Options: 
api                 : MPIIO
apiVersion          : (3.1)
test filename       : /work/hdd/bdau/mbanisharifdehkordi/bench_scratch/iterative/ior_test_file
access              : file-per-process
type                : independent
segments            : 100
ordering in a file  : sequential
ordering inter file : constant task offset
task offset         : 1
nodes               : 1
tasks               : 16
clients per node    : 16
repetitions         : 1
xfersize            : 1 MiB
blocksize           : 1 MiB
aggregate filesize  : 1.56 GiB

Results: 

access    bw(MiB/s)  IOPS       Latency(s)  block(KiB) xfer(KiB)  open(s)    wr/rd(s)   close(s)   total(s)   iter
------    ---------  ----       ----------  ---------- ---------  --------   --------   --------   --------   ----
write     2258.37    2268.39    0.518312    1024.00    1024.00    0.050024   0.705347   0.328679   0.708475   0   
read      14762      15025      0.070056    1024.00    1024.00    0.016342   0.106492   0.056637   0.108390   0   
remove    -          -          -           -          -          -          -          -          0.249579   0   
Max Write: 2258.37 MiB/sec (2368.07 MB/sec)
Max Read:  14761.55 MiB/sec (15478.61 MB/sec)

Summary of all tests:
Operation   Max(MiB)   Min(MiB)  Mean(MiB)     StdDev   Max(OPs)   Min(OPs)  Mean(OPs)     StdDev    Mean(s) Stonewall(s) Stonewall(MiB) Test# #Tasks tPN reps fPP reord reordoff reordrand seed segcnt   blksiz    xsize aggs(MiB)   API RefNum
write        2258.37    2258.37    2258.37       0.00    2258.37    2258.37    2258.37       0.00    0.70848         NA            NA     0     16  16    1   1     1        1         0    0    100  1048576  1048576    1600.0 MPIIO      0
read        14761.55   14761.55   14761.55       0.00   14761.55   14761.55   14761.55       0.00    0.10839         NA            NA     0     16  16    1   1     1        1         0    0    100  1048576  1048576    1600.0 MPIIO      0
Finished            : Wed Mar 25 17:39:30 2026

Exit code: 0
Completed: Wed Mar 25 17:39:31 CDT 2026
Darshan log: /work/hdd/bdau/mbanisharifdehkordi/SC_2026/data/benchmark_logs/iterative/mbanisha_ior_id17001032-1323947_3-25-63569-12616373461378327241_1.darshan
