============================================================
Track C Iterative Optimization - Benchmark Execution
Job: iter_ior_misaligned_r0_baseline
Command: ior -a POSIX -t 1000 -b 1000000 -s 50 -F -e -C -w -r -o /work/hdd/bdau/mbanisharifdehkordi/bench_scratch/iterative/ior_test_file
Date: Thu Mar 26 01:18:48 CDT 2026
Host: cn039.delta.ncsa.illinois.edu
============================================================
IOR-3.3.0: MPI Coordinated Test of Parallel I/O
Began               : Thu Mar 26 01:18:49 2026
Command line        : /sw/rh9.4/spack/v1.0.0/sw/linux-x86_64_v2/ior-3.3.0-oznn4mz/bin/ior -a POSIX -t 1000 -b 1000000 -s 50 -F -e -C -w -r -o /work/hdd/bdau/mbanisharifdehkordi/bench_scratch/iterative/ior_test_file
Machine             : Linux cn039.delta.ncsa.illinois.edu
TestID              : 0
StartTime           : Thu Mar 26 01:18:49 2026
Path                : /work/hdd/bdau/mbanisharifdehkordi/bench_scratch/iterative
FS                  : 1.5 TiB   Used FS: 22.8%   Inodes: 2.4 Mi   Used Inodes: 68.3%

Options: 
api                 : POSIX
apiVersion          : 
test filename       : /work/hdd/bdau/mbanisharifdehkordi/bench_scratch/iterative/ior_test_file
access              : file-per-process
type                : independent
segments            : 50
ordering in a file  : sequential
ordering inter file : constant task offset
task offset         : 1
nodes               : 1
tasks               : 16
clients per node    : 16
repetitions         : 1
xfersize            : 1000 bytes
blocksize           : 1000000 bytes
aggregate filesize  : 762.94 MiB

Results: 

access    bw(MiB/s)  IOPS       Latency(s)  block(KiB) xfer(KiB)  open(s)    wr/rd(s)   close(s)   total(s)   iter
------    ---------  ----       ----------  ---------- ---------  --------   --------   --------   --------   ----
write     681.63     716111     0.000710    976.56     0.976562   0.007931   1.12       0.430037   1.12       0   
read      2184.60    2296179    0.000281    976.56     0.976562   0.001242   0.348405   0.105016   0.349235   0   
remove    -          -          -           -          -          -          -          -          0.170898   0   
Max Write: 681.63 MiB/sec (714.74 MB/sec)
Max Read:  2184.60 MiB/sec (2290.72 MB/sec)

Summary of all tests:
Operation   Max(MiB)   Min(MiB)  Mean(MiB)     StdDev   Max(OPs)   Min(OPs)  Mean(OPs)     StdDev    Mean(s) Stonewall(s) Stonewall(MiB) Test# #Tasks tPN reps fPP reord reordoff reordrand seed segcnt   blksiz    xsize aggs(MiB)   API RefNum
write         681.63     681.63     681.63       0.00  714742.80  714742.80  714742.80       0.00    1.11928         NA            NA     0     16  16    1   1     1        1         0    0     50  1000000     1000     762.9 POSIX      0
read         2184.60    2184.60    2184.60       0.00 2290719.61 2290719.61 2290719.61       0.00    0.34924         NA            NA     0     16  16    1   1     1        1         0    0     50  1000000     1000     762.9 POSIX      0
Finished            : Thu Mar 26 01:18:50 2026

Exit code: 0
Completed: Thu Mar 26 01:18:51 CDT 2026
Darshan log: /work/hdd/bdau/mbanisharifdehkordi/SC_2026/data/benchmark_logs/iterative/mbanisha_ior_id17004006-3702992_3-26-4728-6952499580938430313_1.darshan
