============================================================
Track C Iterative Optimization - Benchmark Execution
Job: iter_ior_small_posix_r0_baseline
Command: ior -a POSIX -t 64 -b 1048576 -s 100 -F -e -C -w -r -o /work/hdd/bdau/mbanisharifdehkordi/bench_scratch/iterative/ior_test_file
Date: Wed Mar 25 17:56:10 CDT 2026
Host: cn052.delta.ncsa.illinois.edu
============================================================
IOR-3.3.0: MPI Coordinated Test of Parallel I/O
Began               : Wed Mar 25 17:56:10 2026
Command line        : /sw/rh9.4/spack/v1.0.0/sw/linux-x86_64_v2/ior-3.3.0-oznn4mz/bin/ior -a POSIX -t 64 -b 1048576 -s 100 -F -e -C -w -r -o /work/hdd/bdau/mbanisharifdehkordi/bench_scratch/iterative/ior_test_file
Machine             : Linux cn052.delta.ncsa.illinois.edu
TestID              : 0
StartTime           : Wed Mar 25 17:56:10 2026
Path                : /work/hdd/bdau/mbanisharifdehkordi/bench_scratch/iterative
FS                  : 1.5 TiB   Used FS: 22.8%   Inodes: 2.4 Mi   Used Inodes: 67.7%

Options: 
api                 : POSIX
apiVersion          : 
test filename       : /work/hdd/bdau/mbanisharifdehkordi/bench_scratch/iterative/ior_test_file
access              : file-per-process
type                : independent
segments            : 100
ordering in a file  : sequential
ordering inter file : constant task offset
task offset         : 1
nodes               : 1
tasks               : 16
clients per node    : 16
repetitions         : 1
xfersize            : 64 bytes
blocksize           : 1 MiB
aggregate filesize  : 1.56 GiB

Results: 
ior ERROR: stat("/work/hdd/bdau/mbanisharifdehkordi/bench_scratch/iterative/ior_test_file.00000005", ...) failed, errno 2, No such file or directory (aiori-POSIX.c:636)
ior ERROR: stat("/work/hdd/bdau/mbanisharifdehkordi/bench_scratch/iterative/ior_test_file.00000007", ...) failed, errno 2, No such file or directory (aiori-POSIX.c:636)

access    bw(MiB/s)  IOPS       Latency(s)  block(KiB) xfer(KiB)  open(s)    wr/rd(s)   close(s)   total(s)   iter
------    ---------  ----       ----------  ---------- ---------  --------   --------   --------   --------   ----
ior ERROR: stat("/work/hdd/bdau/mbanisharifdehkordi/bench_scratch/iterative/ior_test_file.00000000", ...) failed, errno 2, No such file or directory (aiori-POSIX.c:636)
ior ERROR: stat("/work/hdd/bdau/mbanisharifdehkordi/bench_scratch/iterative/ior_test_file.00000001", ...) failed, errno 2, No such file or directory (aiori-POSIX.c:636)
ior ERROR: stat("/work/hdd/bdau/mbanisharifdehkordi/bench_scratch/iterative/ior_test_file.00000002", ...) failed, errno 2, No such file or directory (aiori-POSIX.c:636)
ior ERROR: stat("/work/hdd/bdau/mbanisharifdehkordi/bench_scratch/iterative/ior_test_file.00000009", ...) failed, errno 2, No such file or directory (aiori-POSIX.c:636)
ior ERROR: stat("/work/hdd/bdau/mbanisharifdehkordi/bench_scratch/iterative/ior_test_file.00000012", ...) failed, errno 2, No such file or directory (aiori-POSIX.c:636)
ior ERROR: stat("/work/hdd/bdau/mbanisharifdehkordi/bench_scratch/iterative/ior_test_file.00000008", ...) failed, errno 2, No such file or directory (aiori-POSIX.c:636)
ior ERROR: stat("/work/hdd/bdau/mbanisharifdehkordi/bench_scratch/iterative/ior_test_file.00000013", ...) failed, errno 2, No such file or directory (aiori-POSIX.c:636)
ior ERROR: stat("/work/hdd/bdau/mbanisharifdehkordi/bench_scratch/iterative/ior_test_file.00000011", ...) failed, errno 2, No such file or directory (aiori-POSIX.c:636)
ior ERROR: stat("/work/hdd/bdau/mbanisharifdehkordi/bench_scratch/iterative/ior_test_file.00000003", ...) failed, errno 2, No such file or directory (aiori-POSIX.c:636)
ior ERROR: stat("/work/hdd/bdau/mbanisharifdehkordi/bench_scratch/iterative/ior_test_file.00000015", ...) failed, errno 2, No such file or directory (aiori-POSIX.c:636)
ior ERROR: stat("/work/hdd/bdau/mbanisharifdehkordi/bench_scratch/iterative/ior_test_file.00000010", ...) failed, errno 2, No such file or directory (aiori-POSIX.c:636)
ior ERROR: stat("/work/hdd/bdau/mbanisharifdehkordi/bench_scratch/iterative/ior_test_file.00000004", ...) failed, errno 2, No such file or directory (aiori-POSIX.c:636)
ior ERROR: stat("/work/hdd/bdau/mbanisharifdehkordi/bench_scratch/iterative/ior_test_file.00000014", ...) failed, errno 2, No such file or directory (aiori-POSIX.c:636)
ior ERROR: stat("/work/hdd/bdau/mbanisharifdehkordi/bench_scratch/iterative/ior_test_file.00000006", ...) failed, errno 2, No such file or directory (aiori-POSIX.c:636)

Exit code: 255
Completed: Wed Mar 25 17:56:16 CDT 2026
Darshan log: /work/hdd/bdau/mbanisharifdehkordi/SC_2026/data/benchmark_logs/iterative/mbanisha_ior_id17001114-751027_3-25-64571-5381830383629200887_1.darshan
