============================================================
IOSage Iterative Optimization - Benchmark Execution
Job: iter_ior_fsync_heavy_r0_llama_i1
Command: ior -a POSIX -t 1048576 -b 104857600 -s 10 -F -e -C -w -r -o /work/hdd/bdau/mbanisharifdehkordi/bench_scratch/iterative/iter_ior_fsync_heavy_r0_llama_i1/ior_test_file
Date: Mon Apr  6 01:33:14 CDT 2026
Host: cn061.delta.ncsa.illinois.edu
============================================================
IOR-3.3.0: MPI Coordinated Test of Parallel I/O
Began               : Mon Apr  6 01:33:14 2026
Command line        : /sw/rh9.4/spack/v1.0.0/sw/linux-x86_64_v2/ior-3.3.0-oznn4mz/bin/ior -a POSIX -t 1048576 -b 104857600 -s 10 -F -e -C -w -r -o /work/hdd/bdau/mbanisharifdehkordi/bench_scratch/iterative/iter_ior_fsync_heavy_r0_llama_i1/ior_test_file
Machine             : Linux cn061.delta.ncsa.illinois.edu
TestID              : 0
StartTime           : Mon Apr  6 01:33:14 2026
Path                : /work/hdd/bdau/mbanisharifdehkordi/bench_scratch/iterative/iter_ior_fsync_heavy_r0_llama_i1
FS                  : 1.5 TiB   Used FS: 51.4%   Inodes: 2.4 Mi   Used Inodes: 73.5%

Options: 
api                 : POSIX
apiVersion          : 
test filename       : /work/hdd/bdau/mbanisharifdehkordi/bench_scratch/iterative/iter_ior_fsync_heavy_r0_llama_i1/ior_test_file
access              : file-per-process
type                : independent
segments            : 10
ordering in a file  : sequential
ordering inter file : constant task offset
task offset         : 1
nodes               : 1
tasks               : 16
clients per node    : 16
repetitions         : 1
xfersize            : 1 MiB
blocksize           : 100 MiB
aggregate filesize  : 15.62 GiB

Results: 

access    bw(MiB/s)  IOPS       Latency(s)  block(KiB) xfer(KiB)  open(s)    wr/rd(s)   close(s)   total(s)   iter
------    ---------  ----       ----------  ---------- ---------  --------   --------   --------   --------   ----
write     1165.24    1165.36    0.049478    102400     1024.00    0.006652   13.73      9.29       13.73      0   
read      29904      30491      0.004528    102400     1024.00    0.001902   0.524743   0.246421   0.535050   0   
remove    -          -          -           -          -          -          -          -          2.24       0   
Max Write: 1165.24 MiB/sec (1221.85 MB/sec)
Max Read:  29903.74 MiB/sec (31356.34 MB/sec)

Summary of all tests:
Operation   Max(MiB)   Min(MiB)  Mean(MiB)     StdDev   Max(OPs)   Min(OPs)  Mean(OPs)     StdDev    Mean(s) Stonewall(s) Stonewall(MiB) Test# #Tasks tPN reps fPP reord reordoff reordrand seed segcnt   blksiz    xsize aggs(MiB)   API RefNum
write        1165.24    1165.24    1165.24       0.00    1165.24    1165.24    1165.24       0.00   13.73103         NA            NA     0     16  16    1   1     1        1         0    0     10 104857600  1048576   16000.0 POSIX      0
read        29903.74   29903.74   29903.74       0.00   29903.74   29903.74   29903.74       0.00    0.53505         NA            NA     0     16  16    1   1     1        1         0    0     10 104857600  1048576   16000.0 POSIX      0
Finished            : Mon Apr  6 01:33:31 2026

Exit code: 0
Completed: Mon Apr  6 01:33:31 CDT 2026
Darshan log: /work/hdd/bdau/mbanisharifdehkordi/SC_2026/data/benchmark_logs/iterative/mbanisha_ior_id17318993-243763_4-6-5594-7085202633763621353_1.darshan
