============================================================
Track C Iterative Optimization - Benchmark Execution
Job: iter_ior_small_posix_r3_i0
Command: ior -a POSIX -t 1048576 -b 1048576 -s 100 -F -e -C -w -r -o /work/hdd/bdau/mbanisharifdehkordi/bench_scratch/iterative/ior_test_file
Date: Wed Mar 25 18:57:48 CDT 2026
Host: cn037.delta.ncsa.illinois.edu
============================================================
IOR-3.3.0: MPI Coordinated Test of Parallel I/O
Began               : Wed Mar 25 18:57:49 2026
Command line        : /sw/rh9.4/spack/v1.0.0/sw/linux-x86_64_v2/ior-3.3.0-oznn4mz/bin/ior -a POSIX -t 1048576 -b 1048576 -s 100 -F -e -C -w -r -o /work/hdd/bdau/mbanisharifdehkordi/bench_scratch/iterative/ior_test_file
Machine             : Linux cn037.delta.ncsa.illinois.edu
TestID              : 0
StartTime           : Wed Mar 25 18:57:49 2026
Path                : /work/hdd/bdau/mbanisharifdehkordi/bench_scratch/iterative
FS                  : 1.5 TiB   Used FS: 22.8%   Inodes: 2.4 Mi   Used Inodes: 67.7%

Options: 
api                 : POSIX
apiVersion          : 
test filename       : /work/hdd/bdau/mbanisharifdehkordi/bench_scratch/iterative/ior_test_file
access              : file-per-process
type                : independent
segments            : 100
ordering in a file  : sequential
ordering inter file : constant task offset
task offset         : 1
nodes               : 1
tasks               : 16
clients per node    : 16
repetitions         : 1
xfersize            : 1 MiB
blocksize           : 1 MiB
aggregate filesize  : 1.56 GiB

Results: 

access    bw(MiB/s)  IOPS       Latency(s)  block(KiB) xfer(KiB)  open(s)    wr/rd(s)   close(s)   total(s)   iter
------    ---------  ----       ----------  ---------- ---------  --------   --------   --------   --------   ----
write     2231.00    2251.59    0.690123    1024.00    1024.00    0.019775   0.710608   0.218722   0.717166   0   
read      12336      12438      0.083686    1024.00    1024.00    0.014218   0.128637   0.073304   0.129701   0   
remove    -          -          -           -          -          -          -          -          0.294335   0   
Max Write: 2231.00 MiB/sec (2339.38 MB/sec)
Max Read:  12336.05 MiB/sec (12935.29 MB/sec)

Summary of all tests:
Operation   Max(MiB)   Min(MiB)  Mean(MiB)     StdDev   Max(OPs)   Min(OPs)  Mean(OPs)     StdDev    Mean(s) Stonewall(s) Stonewall(MiB) Test# #Tasks tPN reps fPP reord reordoff reordrand seed segcnt   blksiz    xsize aggs(MiB)   API RefNum
write        2231.00    2231.00    2231.00       0.00    2231.00    2231.00    2231.00       0.00    0.71717         NA            NA     0     16  16    1   1     1        1         0    0    100  1048576  1048576    1600.0 POSIX      0
read        12336.05   12336.05   12336.05       0.00   12336.05   12336.05   12336.05       0.00    0.12970         NA            NA     0     16  16    1   1     1        1         0    0    100  1048576  1048576    1600.0 POSIX      0
Finished            : Wed Mar 25 18:57:50 2026

Exit code: 0
Completed: Wed Mar 25 18:57:51 CDT 2026
Darshan log: /work/hdd/bdau/mbanisharifdehkordi/SC_2026/data/benchmark_logs/iterative/mbanisha_ior_id17001434-3610042_3-25-68268-9166179830014719716_2.darshan
