============================================================
Track C Iterative Optimization - Benchmark Execution
Job: iter_ior_fsync_heavy_r0_baseline
Command: ior -a POSIX -t 65536 -b 104857600 -s 10 -F -e -C -Y -w -r -o /work/hdd/bdau/mbanisharifdehkordi/bench_scratch/iterative/ior_test_file
Date: Thu Mar 26 13:40:52 CDT 2026
Host: cn004.delta.ncsa.illinois.edu
============================================================
IOR-3.3.0: MPI Coordinated Test of Parallel I/O
Began               : Thu Mar 26 13:40:53 2026
Command line        : /sw/rh9.4/spack/v1.0.0/sw/linux-x86_64_v2/ior-3.3.0-oznn4mz/bin/ior -a POSIX -t 65536 -b 104857600 -s 10 -F -e -C -Y -w -r -o /work/hdd/bdau/mbanisharifdehkordi/bench_scratch/iterative/ior_test_file
Machine             : Linux cn004.delta.ncsa.illinois.edu
TestID              : 0
StartTime           : Thu Mar 26 13:40:53 2026
Path                : /work/hdd/bdau/mbanisharifdehkordi/bench_scratch/iterative
FS                  : 1.5 TiB   Used FS: 22.9%   Inodes: 2.4 Mi   Used Inodes: 71.2%

Options: 
api                 : POSIX
apiVersion          : 
test filename       : /work/hdd/bdau/mbanisharifdehkordi/bench_scratch/iterative/ior_test_file
access              : file-per-process
type                : independent
segments            : 10
ordering in a file  : sequential
ordering inter file : constant task offset
task offset         : 1
nodes               : 1
tasks               : 16
clients per node    : 16
repetitions         : 1
xfersize            : 65536 bytes
blocksize           : 100 MiB
aggregate filesize  : 15.62 GiB

Results: 

access    bw(MiB/s)  IOPS       Latency(s)  block(KiB) xfer(KiB)  open(s)    wr/rd(s)   close(s)   total(s)   iter
------    ---------  ----       ----------  ---------- ---------  --------   --------   --------   --------   ----
WARNING: Expected aggregate file size       = 16777216000.
WARNING: Stat() of aggregate file size      = 4780523520.
WARNING: Using actual aggregate bytes moved = 16777216000.
write     81.27      1300.41    0.076089    102400     64.00      0.010301   196.86     99.02      196.86     0   
ior ERROR: read(7, 0x1269000, 65536) returned EOF prematurely, errno 2, No such file or directory (aiori-POSIX.c:547)
ior ERROR: read(7, 0x918000, 65536) returned EOF prematurely, errno 2, No such file or directory (aiori-POSIX.c:547)
ior ERROR: read(7, 0x5e9000, 65536) returned EOF prematurely, errno 2, No such file or directory (aiori-POSIX.c:547)
ior ERROR: read(7, 0x143c000, 65536) returned EOF prematurely, errno 2, No such file or directory (aiori-POSIX.c:547)
ior ERROR: read(7, 0x94c000, 65536) returned EOF prematurely, errno 2, No such file or directory (aiori-POSIX.c:547)
ior ERROR: read(7, 0x1f3b000, 65536) returned EOF prematurely, errno 2, No such file or directory (aiori-POSIX.c:547)
ior ERROR: read(7, 0x1b46000, 65536) returned EOF prematurely, errno 2, No such file or directory (aiori-POSIX.c:547)
ior ERROR: read(7, 0x1267000, 65536) returned EOF prematurely, errno 2, No such file or directory (aiori-POSIX.c:547)
ior ERROR: read(7, 0x983000, 65536) returned EOF prematurely, errno 2, No such file or directory (aiori-POSIX.c:547)
ior ERROR: read(7, 0x9aa000, 65536) returned EOF prematurely, errno 2, No such file or directory (aiori-POSIX.c:547)
ior ERROR: read(7, 0x12d6000, 65536) returned EOF prematurely, errno 2, No such file or directory (aiori-POSIX.c:547)
ior ERROR: read(7, 0x774000, 65536) returned EOF prematurely, errno 2, No such file or directory (aiori-POSIX.c:547)
ior ERROR: read(7, 0x2020000, 65536) returned EOF prematurely, errno 2, No such file or directory (aiori-POSIX.c:547)
ior ERROR: read(7, 0x1ebe000, 65536) returned EOF prematurely, errno 2, No such file or directory (aiori-POSIX.c:547)
ior ERROR: read(7, 0x1ff3000, 65536) returned EOF prematurely, errno 2, No such file or directory (aiori-POSIX.c:547)
ior ERROR: read(7, 0x200c000, 65536) returned EOF prematurely, errno 2, No such file or directory (aiori-POSIX.c:547)

Exit code: 255
Completed: Thu Mar 26 13:44:12 CDT 2026
Darshan log: /work/hdd/bdau/mbanisharifdehkordi/SC_2026/data/benchmark_logs/iterative/mbanisha_ior_id17009189-440616_3-26-49330-2281070424577725654_1.darshan
