============================================================
Track C Iterative Optimization - Benchmark Execution
Job: iter_ior_random_access_r0_baseline
Command: ior -a POSIX -t 65536 -b 104857600 -s 10 -F -e -C -z -w -r -o /work/hdd/bdau/mbanisharifdehkordi/bench_scratch/iterative/iter_ior_random_access_r0_baseline/ior_test_file
Date: Thu Mar 26 14:24:32 CDT 2026
Host: cn080.delta.ncsa.illinois.edu
============================================================
IOR-3.3.0: MPI Coordinated Test of Parallel I/O
Began               : Thu Mar 26 14:24:32 2026
Command line        : /sw/rh9.4/spack/v1.0.0/sw/linux-x86_64_v2/ior-3.3.0-oznn4mz/bin/ior -a POSIX -t 65536 -b 104857600 -s 10 -F -e -C -z -w -r -o /work/hdd/bdau/mbanisharifdehkordi/bench_scratch/iterative/iter_ior_random_access_r0_baseline/ior_test_file
Machine             : Linux cn080.delta.ncsa.illinois.edu
TestID              : 0
StartTime           : Thu Mar 26 14:24:32 2026
Path                : /work/hdd/bdau/mbanisharifdehkordi/bench_scratch/iterative/iter_ior_random_access_r0_baseline
FS                  : 1.5 TiB   Used FS: 22.8%   Inodes: 2.4 Mi   Used Inodes: 69.0%

Options: 
api                 : POSIX
apiVersion          : 
test filename       : /work/hdd/bdau/mbanisharifdehkordi/bench_scratch/iterative/iter_ior_random_access_r0_baseline/ior_test_file
access              : file-per-process
type                : independent
segments            : 10
ordering in a file  : random
ordering inter file : constant task offset
task offset         : 1
nodes               : 1
tasks               : 16
clients per node    : 16
repetitions         : 1
xfersize            : 65536 bytes
blocksize           : 100 MiB
aggregate filesize  : 15.62 GiB

Results: 

access    bw(MiB/s)  IOPS       Latency(s)  block(KiB) xfer(KiB)  open(s)    wr/rd(s)   close(s)   total(s)   iter
------    ---------  ----       ----------  ---------- ---------  --------   --------   --------   --------   ----
write     1922.92    30773      0.005119    102400     64.00      0.007007   8.32       2.32       8.32       0   
read      6211       99419      0.000236    102400     64.00      0.013146   2.57       2.40       2.58       0   
remove    -          -          -           -          -          -          -          -          2.26       0   
Max Write: 1922.92 MiB/sec (2016.33 MB/sec)
Max Read:  6211.20 MiB/sec (6512.92 MB/sec)

Summary of all tests:
Operation   Max(MiB)   Min(MiB)  Mean(MiB)     StdDev   Max(OPs)   Min(OPs)  Mean(OPs)     StdDev    Mean(s) Stonewall(s) Stonewall(MiB) Test# #Tasks tPN reps fPP reord reordoff reordrand seed segcnt   blksiz    xsize aggs(MiB)   API RefNum
write        1922.92    1922.92    1922.92       0.00   30766.73   30766.73   30766.73       0.00    8.32068         NA            NA     0     16  16    1   1     1        1         0    0     10 104857600    65536   16000.0 POSIX      0
read         6211.20    6211.20    6211.20       0.00   99379.28   99379.28   99379.28       0.00    2.57599         NA            NA     0     16  16    1   1     1        1         0    0     10 104857600    65536   16000.0 POSIX      0
Finished            : Thu Mar 26 14:24:46 2026

Exit code: 0
Completed: Thu Mar 26 14:24:47 CDT 2026
Darshan log: /work/hdd/bdau/mbanisharifdehkordi/SC_2026/data/benchmark_logs/iterative/mbanisha_ior_id17009674-1038929_3-26-51872-6999782381932512451_1.darshan
