============================================================
Track C Iterative Optimization - Benchmark Execution
Job: iter_ior_fsync_heavy_r0_i0
Command: ior -a POSIX -t 1048576 -b 104857600 -s 10 -F -e -C -w -r -o /work/hdd/bdau/mbanisharifdehkordi/bench_scratch/iterative/iter_ior_fsync_heavy_r0_i0/ior_test_file
Date: Wed Apr  1 03:06:51 CDT 2026
Host: cn094.delta.ncsa.illinois.edu
============================================================
IOR-3.3.0: MPI Coordinated Test of Parallel I/O
Began               : Wed Apr  1 03:06:51 2026
Command line        : /sw/rh9.4/spack/v1.0.0/sw/linux-x86_64_v2/ior-3.3.0-oznn4mz/bin/ior -a POSIX -t 1048576 -b 104857600 -s 10 -F -e -C -w -r -o /work/hdd/bdau/mbanisharifdehkordi/bench_scratch/iterative/iter_ior_fsync_heavy_r0_i0/ior_test_file
Machine             : Linux cn094.delta.ncsa.illinois.edu
TestID              : 0
StartTime           : Wed Apr  1 03:06:51 2026
Path                : /work/hdd/bdau/mbanisharifdehkordi/bench_scratch/iterative/iter_ior_fsync_heavy_r0_i0
FS                  : 1.5 TiB   Used FS: 23.0%   Inodes: 2.4 Mi   Used Inodes: 71.0%

Options: 
api                 : POSIX
apiVersion          : 
test filename       : /work/hdd/bdau/mbanisharifdehkordi/bench_scratch/iterative/iter_ior_fsync_heavy_r0_i0/ior_test_file
access              : file-per-process
type                : independent
segments            : 10
ordering in a file  : sequential
ordering inter file : constant task offset
task offset         : 1
nodes               : 1
tasks               : 16
clients per node    : 16
repetitions         : 1
xfersize            : 1 MiB
blocksize           : 100 MiB
aggregate filesize  : 15.62 GiB

Results: 

access    bw(MiB/s)  IOPS       Latency(s)  block(KiB) xfer(KiB)  open(s)    wr/rd(s)   close(s)   total(s)   iter
------    ---------  ----       ----------  ---------- ---------  --------   --------   --------   --------   ----
write     2445.05    2445.40    0.048040    102400     1024.00    0.004730   6.54       3.26       6.54       0   
read      10654      10660      0.011458    102400     1024.00    0.001263   1.50       1.34       1.50       0   
remove    -          -          -           -          -          -          -          -          1.74       0   
Max Write: 2445.05 MiB/sec (2563.82 MB/sec)
Max Read:  10653.52 MiB/sec (11171.02 MB/sec)

Summary of all tests:
Operation   Max(MiB)   Min(MiB)  Mean(MiB)     StdDev   Max(OPs)   Min(OPs)  Mean(OPs)     StdDev    Mean(s) Stonewall(s) Stonewall(MiB) Test# #Tasks tPN reps fPP reord reordoff reordrand seed segcnt   blksiz    xsize aggs(MiB)   API RefNum
write        2445.05    2445.05    2445.05       0.00    2445.05    2445.05    2445.05       0.00    6.54382         NA            NA     0     16  16    1   1     1        1         0    0     10 104857600  1048576   16000.0 POSIX      0
read        10653.52   10653.52   10653.52       0.00   10653.52   10653.52   10653.52       0.00    1.50185         NA            NA     0     16  16    1   1     1        1         0    0     10 104857600  1048576   16000.0 POSIX      0
Finished            : Wed Apr  1 03:07:01 2026

Exit code: 0
Completed: Wed Apr  1 03:07:01 CDT 2026
Darshan log: /work/hdd/bdau/mbanisharifdehkordi/SC_2026/data/benchmark_logs/iterative/mbanisha_ior_id17180924-1845309_4-1-11211-1625239528257404927_1.darshan
