============================================================
Track C Iterative Optimization - Benchmark Execution
Job: iter_ior_random_access_r0_i3
Command: ior -a MPIIO -t 4194304 -b 104857600 -s 10 -F -e -C -w -r -c -F -o /work/hdd/bdau/mbanisharifdehkordi/bench_scratch/iterative/ior_test_file
Date: Thu Mar 26 13:50:29 CDT 2026
Host: cn038.delta.ncsa.illinois.edu
============================================================
IOR-3.3.0: MPI Coordinated Test of Parallel I/O
Began               : Thu Mar 26 13:50:29 2026
Command line        : /sw/rh9.4/spack/v1.0.0/sw/linux-x86_64_v2/ior-3.3.0-oznn4mz/bin/ior -a MPIIO -t 4194304 -b 104857600 -s 10 -F -e -C -w -r -c -F -o /work/hdd/bdau/mbanisharifdehkordi/bench_scratch/iterative/ior_test_file
Machine             : Linux cn038.delta.ncsa.illinois.edu
TestID              : 0
StartTime           : Thu Mar 26 13:50:29 2026
Path                : /work/hdd/bdau/mbanisharifdehkordi/bench_scratch/iterative
FS                  : 1.5 TiB   Used FS: 22.9%   Inodes: 2.4 Mi   Used Inodes: 72.1%

Options: 
api                 : MPIIO
apiVersion          : (3.1)
test filename       : /work/hdd/bdau/mbanisharifdehkordi/bench_scratch/iterative/ior_test_file
access              : file-per-process
type                : collective
segments            : 10
ordering in a file  : sequential
ordering inter file : constant task offset
task offset         : 1
nodes               : 1
tasks               : 16
clients per node    : 16
repetitions         : 1
xfersize            : 4 MiB
blocksize           : 100 MiB
aggregate filesize  : 15.62 GiB

Results: 

access    bw(MiB/s)  IOPS       Latency(s)  block(KiB) xfer(KiB)  open(s)    wr/rd(s)   close(s)   total(s)   iter
------    ---------  ----       ----------  ---------- ---------  --------   --------   --------   --------   ----
WARNING: Expected aggregate file size       = 16777216000.
WARNING: Stat() of aggregate file size      = 1048576000.
WARNING: Using actual aggregate bytes moved = 16777216000.
write     2261.99    566.37     0.255557    102400     4096       0.089220   7.06       2.03       7.07       0   
WARNING: Expected aggregate file size       = 16777216000.
WARNING: Stat() of aggregate file size      = 1048576000.
WARNING: Using actual aggregate bytes moved = 16777216000.
read      25649      6437       0.010485    102400     4096       0.002885   0.621432   0.423733   0.623803   0   
remove    -          -          -           -          -          -          -          -          2.83       0   
Max Write: 2261.99 MiB/sec (2371.87 MB/sec)
Max Read:  25649.13 MiB/sec (26895.06 MB/sec)

Summary of all tests:
Operation   Max(MiB)   Min(MiB)  Mean(MiB)     StdDev   Max(OPs)   Min(OPs)  Mean(OPs)     StdDev    Mean(s) Stonewall(s) Stonewall(MiB) Test# #Tasks tPN reps fPP reord reordoff reordrand seed segcnt   blksiz    xsize aggs(MiB)   API RefNum
write        2261.99    2261.99    2261.99       0.00     565.50     565.50     565.50       0.00    7.07341         NA            NA     0     16  16    1   2     1        1         0    0     10 104857600  4194304   16000.0 MPIIO      0
read        25649.13   25649.13   25649.13       0.00    6412.28    6412.28    6412.28       0.00    0.62380         NA            NA     0     16  16    1   2     1        1         0    0     10 104857600  4194304   16000.0 MPIIO      0
Finished            : Thu Mar 26 13:50:41 2026

Exit code: 0
Completed: Thu Mar 26 13:50:41 CDT 2026
Darshan log: /work/hdd/bdau/mbanisharifdehkordi/SC_2026/data/benchmark_logs/iterative/mbanisha_ior_id17009269-71760_3-26-49829-3054587491949329570_1.darshan
