============================================================
Track C Iterative Optimization - Benchmark Execution
Job: iter_ior_misaligned_r0_i0
Command: ior -a POSIX -t 1048576 -b 1048576 -s 50 -F -e -C -w -r -o /work/hdd/bdau/mbanisharifdehkordi/bench_scratch/iterative/ior_test_file
Date: Thu Mar 26 00:36:11 CDT 2026
Host: cn055.delta.ncsa.illinois.edu
============================================================
IOR-3.3.0: MPI Coordinated Test of Parallel I/O
Began               : Thu Mar 26 00:36:12 2026
Command line        : /sw/rh9.4/spack/v1.0.0/sw/linux-x86_64_v2/ior-3.3.0-oznn4mz/bin/ior -a POSIX -t 1048576 -b 1048576 -s 50 -F -e -C -w -r -o /work/hdd/bdau/mbanisharifdehkordi/bench_scratch/iterative/ior_test_file
Machine             : Linux cn055.delta.ncsa.illinois.edu
TestID              : 0
StartTime           : Thu Mar 26 00:36:12 2026
Path                : /work/hdd/bdau/mbanisharifdehkordi/bench_scratch/iterative
FS                  : 1.5 TiB   Used FS: 22.8%   Inodes: 2.4 Mi   Used Inodes: 67.7%

Options: 
api                 : POSIX
apiVersion          : 
test filename       : /work/hdd/bdau/mbanisharifdehkordi/bench_scratch/iterative/ior_test_file
access              : file-per-process
type                : independent
segments            : 50
ordering in a file  : sequential
ordering inter file : constant task offset
task offset         : 1
nodes               : 1
tasks               : 16
clients per node    : 16
repetitions         : 1
xfersize            : 1 MiB
blocksize           : 1 MiB
aggregate filesize  : 800 MiB

Results: 

access    bw(MiB/s)  IOPS       Latency(s)  block(KiB) xfer(KiB)  open(s)    wr/rd(s)   close(s)   total(s)   iter
------    ---------  ----       ----------  ---------- ---------  --------   --------   --------   --------   ----
write     604.96     607.29     1.25        1024.00    1024.00    0.019960   1.32       1.05       1.32       0   
read      6754       6820       0.070014    1024.00    1024.00    0.014916   0.117305   0.048324   0.118447   0   
remove    -          -          -           -          -          -          -          -          0.124437   0   
Max Write: 604.96 MiB/sec (634.35 MB/sec)
Max Read:  6754.06 MiB/sec (7082.14 MB/sec)

Summary of all tests:
Operation   Max(MiB)   Min(MiB)  Mean(MiB)     StdDev   Max(OPs)   Min(OPs)  Mean(OPs)     StdDev    Mean(s) Stonewall(s) Stonewall(MiB) Test# #Tasks tPN reps fPP reord reordoff reordrand seed segcnt   blksiz    xsize aggs(MiB)   API RefNum
write         604.96     604.96     604.96       0.00     604.96     604.96     604.96       0.00    1.32240         NA            NA     0     16  16    1   1     1        1         0    0     50  1048576  1048576     800.0 POSIX      0
read         6754.06    6754.06    6754.06       0.00    6754.06    6754.06    6754.06       0.00    0.11845         NA            NA     0     16  16    1   1     1        1         0    0     50  1048576  1048576     800.0 POSIX      0
Finished            : Thu Mar 26 00:36:14 2026

Exit code: 0
Completed: Thu Mar 26 00:36:14 CDT 2026
Darshan log: /work/hdd/bdau/mbanisharifdehkordi/SC_2026/data/benchmark_logs/iterative/mbanisha_ior_id17003840-1477355_3-26-2171-11630666669868058202_1.darshan
