============================================================
Track C Iterative Optimization - Benchmark Execution
Job: iter_ior_random_access_r0_i2
Command: ior -a MPIIO -t 1048576 -b 104857600 -s 10 -F -e -C -w -r -c -F -o /work/hdd/bdau/mbanisharifdehkordi/bench_scratch/iterative/ior_test_file
Date: Thu Mar 26 13:49:10 CDT 2026
Host: cn038.delta.ncsa.illinois.edu
============================================================
IOR-3.3.0: MPI Coordinated Test of Parallel I/O
Began               : Thu Mar 26 13:49:10 2026
Command line        : /sw/rh9.4/spack/v1.0.0/sw/linux-x86_64_v2/ior-3.3.0-oznn4mz/bin/ior -a MPIIO -t 1048576 -b 104857600 -s 10 -F -e -C -w -r -c -F -o /work/hdd/bdau/mbanisharifdehkordi/bench_scratch/iterative/ior_test_file
Machine             : Linux cn038.delta.ncsa.illinois.edu
TestID              : 0
StartTime           : Thu Mar 26 13:49:10 2026
Path                : /work/hdd/bdau/mbanisharifdehkordi/bench_scratch/iterative
FS                  : 1.5 TiB   Used FS: 22.9%   Inodes: 2.4 Mi   Used Inodes: 74.8%

Options: 
api                 : MPIIO
apiVersion          : (3.1)
test filename       : /work/hdd/bdau/mbanisharifdehkordi/bench_scratch/iterative/ior_test_file
access              : file-per-process
type                : collective
segments            : 10
ordering in a file  : sequential
ordering inter file : constant task offset
task offset         : 1
nodes               : 1
tasks               : 16
clients per node    : 16
repetitions         : 1
xfersize            : 1 MiB
blocksize           : 100 MiB
aggregate filesize  : 15.62 GiB

Results: 

access    bw(MiB/s)  IOPS       Latency(s)  block(KiB) xfer(KiB)  open(s)    wr/rd(s)   close(s)   total(s)   iter
------    ---------  ----       ----------  ---------- ---------  --------   --------   --------   --------   ----
WARNING: Expected aggregate file size       = 16777216000.
WARNING: Stat() of aggregate file size      = 1048576000.
WARNING: Using actual aggregate bytes moved = 16777216000.
write     1949.29    1952.79    0.051159    102400     1024.00    0.141253   8.19       3.77       8.21       0   
WARNING: Expected aggregate file size       = 16777216000.
WARNING: Stat() of aggregate file size      = 1048576000.
WARNING: Using actual aggregate bytes moved = 16777216000.
read      11204      11220      0.001881    102400     1024.00    0.076456   1.43       1.25       1.43       0   
remove    -          -          -           -          -          -          -          -          3.61       0   
Max Write: 1949.29 MiB/sec (2043.98 MB/sec)
Max Read:  11204.18 MiB/sec (11748.44 MB/sec)

Summary of all tests:
Operation   Max(MiB)   Min(MiB)  Mean(MiB)     StdDev   Max(OPs)   Min(OPs)  Mean(OPs)     StdDev    Mean(s) Stonewall(s) Stonewall(MiB) Test# #Tasks tPN reps fPP reord reordoff reordrand seed segcnt   blksiz    xsize aggs(MiB)   API RefNum
write        1949.29    1949.29    1949.29       0.00    1949.29    1949.29    1949.29       0.00    8.20810         NA            NA     0     16  16    1   2     1        1         0    0     10 104857600  1048576   16000.0 MPIIO      0
read        11204.18   11204.18   11204.18       0.00   11204.18   11204.18   11204.18       0.00    1.42804         NA            NA     0     16  16    1   2     1        1         0    0     10 104857600  1048576   16000.0 MPIIO      0
Finished            : Thu Mar 26 13:49:24 2026

Exit code: 0
Completed: Thu Mar 26 13:49:24 CDT 2026
Darshan log: /work/hdd/bdau/mbanisharifdehkordi/SC_2026/data/benchmark_logs/iterative/mbanisha_ior_id17009257-71085_3-26-49750-17189080523826400534_1.darshan
