============================================================
Track C Iterative Optimization - Benchmark Execution
Job: iter_ior_random_access_r0_i2
Command: ior -a POSIX -t 4194304 -b 104857600 -s 10 -F -e -C -w -r -F -o /work/hdd/bdau/mbanisharifdehkordi/bench_scratch/iterative/ior_test_file
Date: Thu Mar 26 13:53:48 CDT 2026
Host: cn064.delta.ncsa.illinois.edu
============================================================
IOR-3.3.0: MPI Coordinated Test of Parallel I/O
Began               : Thu Mar 26 13:53:49 2026
Command line        : /sw/rh9.4/spack/v1.0.0/sw/linux-x86_64_v2/ior-3.3.0-oznn4mz/bin/ior -a POSIX -t 4194304 -b 104857600 -s 10 -F -e -C -w -r -F -o /work/hdd/bdau/mbanisharifdehkordi/bench_scratch/iterative/ior_test_file
Machine             : Linux cn064.delta.ncsa.illinois.edu
TestID              : 0
StartTime           : Thu Mar 26 13:53:49 2026
Path                : /work/hdd/bdau/mbanisharifdehkordi/bench_scratch/iterative
FS                  : 1.5 TiB   Used FS: 22.9%   Inodes: 2.4 Mi   Used Inodes: 74.3%

Options: 
api                 : POSIX
apiVersion          : 
test filename       : /work/hdd/bdau/mbanisharifdehkordi/bench_scratch/iterative/ior_test_file
access              : file-per-process
type                : independent
segments            : 10
ordering in a file  : sequential
ordering inter file : constant task offset
task offset         : 1
nodes               : 1
tasks               : 16
clients per node    : 16
repetitions         : 1
xfersize            : 4 MiB
blocksize           : 100 MiB
aggregate filesize  : 15.62 GiB

Results: 

access    bw(MiB/s)  IOPS       Latency(s)  block(KiB) xfer(KiB)  open(s)    wr/rd(s)   close(s)   total(s)   iter
------    ---------  ----       ----------  ---------- ---------  --------   --------   --------   --------   ----
WARNING: Expected aggregate file size       = 16777216000.
WARNING: Stat() of aggregate file size      = 1048576000.
WARNING: Using actual aggregate bytes moved = 16777216000.
write     2149.27    537.46     0.282623    102400     4096       0.019441   7.44       2.19       7.44       0   
WARNING: Expected aggregate file size       = 16777216000.
WARNING: Stat() of aggregate file size      = 1048576000.
WARNING: Using actual aggregate bytes moved = 16777216000.
read      34418      8637       0.014962    102400     4096       0.014260   0.463125   0.281960   0.464873   0   
remove    -          -          -           -          -          -          -          -          2.92       0   
Max Write: 2149.27 MiB/sec (2253.67 MB/sec)
Max Read:  34418.03 MiB/sec (36089.92 MB/sec)

Summary of all tests:
Operation   Max(MiB)   Min(MiB)  Mean(MiB)     StdDev   Max(OPs)   Min(OPs)  Mean(OPs)     StdDev    Mean(s) Stonewall(s) Stonewall(MiB) Test# #Tasks tPN reps fPP reord reordoff reordrand seed segcnt   blksiz    xsize aggs(MiB)   API RefNum
write        2149.27    2149.27    2149.27       0.00     537.32     537.32     537.32       0.00    7.44440         NA            NA     0     16  16    1   2     1        1         0    0     10 104857600  4194304   16000.0 POSIX      0
read        34418.03   34418.03   34418.03       0.00    8604.51    8604.51    8604.51       0.00    0.46487         NA            NA     0     16  16    1   2     1        1         0    0     10 104857600  4194304   16000.0 POSIX      0
Finished            : Thu Mar 26 13:54:00 2026

Exit code: 0
Completed: Thu Mar 26 13:54:01 CDT 2026
Darshan log: /work/hdd/bdau/mbanisharifdehkordi/SC_2026/data/benchmark_logs/iterative/mbanisha_ior_id17009323-444486_3-26-50029-9244441160117349969_1.darshan
