============================================================
IOSage Iterative Optimization - Benchmark Execution
Job: iter_ior_random_access_r0_llama_i1
Command: ior -a POSIX -t 1048576 -b 1048576 -s 100 -F -e -C -w -r -o /work/hdd/bdau/mbanisharifdehkordi/bench_scratch/iterative/iter_ior_random_access_r0_llama_i1/ior_test_file
Date: Mon Apr  6 01:25:55 CDT 2026
Host: cn004.delta.ncsa.illinois.edu
============================================================
IOR-3.3.0: MPI Coordinated Test of Parallel I/O
Began               : Mon Apr  6 01:25:56 2026
Command line        : /sw/rh9.4/spack/v1.0.0/sw/linux-x86_64_v2/ior-3.3.0-oznn4mz/bin/ior -a POSIX -t 1048576 -b 1048576 -s 100 -F -e -C -w -r -o /work/hdd/bdau/mbanisharifdehkordi/bench_scratch/iterative/iter_ior_random_access_r0_llama_i1/ior_test_file
Machine             : Linux cn004.delta.ncsa.illinois.edu
TestID              : 0
StartTime           : Mon Apr  6 01:25:56 2026
Path                : /work/hdd/bdau/mbanisharifdehkordi/bench_scratch/iterative/iter_ior_random_access_r0_llama_i1
FS                  : 1.5 TiB   Used FS: 50.0%   Inodes: 2.4 Mi   Used Inodes: 77.2%

Options: 
api                 : POSIX
apiVersion          : 
test filename       : /work/hdd/bdau/mbanisharifdehkordi/bench_scratch/iterative/iter_ior_random_access_r0_llama_i1/ior_test_file
access              : file-per-process
type                : independent
segments            : 100
ordering in a file  : sequential
ordering inter file : constant task offset
task offset         : 1
nodes               : 1
tasks               : 16
clients per node    : 16
repetitions         : 1
xfersize            : 1 MiB
blocksize           : 1 MiB
aggregate filesize  : 1.56 GiB

Results: 

access    bw(MiB/s)  IOPS       Latency(s)  block(KiB) xfer(KiB)  open(s)    wr/rd(s)   close(s)   total(s)   iter
------    ---------  ----       ----------  ---------- ---------  --------   --------   --------   --------   ----
write     977.82     978.46     0.796509    1024.00    1024.00    0.019184   1.64       1.20       1.64       0   
read      5145       5317       0.061176    1024.00    1024.00    0.013915   0.300930   0.260519   0.310983   0   
remove    -          -          -           -          -          -          -          -          0.283394   0   
Max Write: 977.82 MiB/sec (1025.32 MB/sec)
Max Read:  5144.98 MiB/sec (5394.90 MB/sec)

Summary of all tests:
Operation   Max(MiB)   Min(MiB)  Mean(MiB)     StdDev   Max(OPs)   Min(OPs)  Mean(OPs)     StdDev    Mean(s) Stonewall(s) Stonewall(MiB) Test# #Tasks tPN reps fPP reord reordoff reordrand seed segcnt   blksiz    xsize aggs(MiB)   API RefNum
write         977.82     977.82     977.82       0.00     977.82     977.82     977.82       0.00    1.63628         NA            NA     0     16  16    1   1     1        1         0    0    100  1048576  1048576    1600.0 POSIX      0
read         5144.98    5144.98    5144.98       0.00    5144.98    5144.98    5144.98       0.00    0.31098         NA            NA     0     16  16    1   1     1        1         0    0    100  1048576  1048576    1600.0 POSIX      0
Finished            : Mon Apr  6 01:25:58 2026

Exit code: 0
Completed: Mon Apr  6 01:25:59 CDT 2026
Darshan log: /work/hdd/bdau/mbanisharifdehkordi/SC_2026/data/benchmark_logs/iterative/mbanisha_ior_id17318878-2304089_4-6-5155-14213851062887947458_1.darshan
