============================================================
IOSage Iterative Optimization - Benchmark Execution
Job: iter_ior_small_posix_r0_llama_baseline
Command: ior -a POSIX -t 64 -b 1048576 -s 100 -F -e -C -w -r -o /work/hdd/bdau/mbanisharifdehkordi/bench_scratch/iterative/iter_ior_small_posix_r0_llama_baseline/ior_test_file
Date: Mon Apr  6 01:23:22 CDT 2026
Host: cn108.delta.ncsa.illinois.edu
============================================================
IOR-3.3.0: MPI Coordinated Test of Parallel I/O
Began               : Mon Apr  6 01:23:22 2026
Command line        : /sw/rh9.4/spack/v1.0.0/sw/linux-x86_64_v2/ior-3.3.0-oznn4mz/bin/ior -a POSIX -t 64 -b 1048576 -s 100 -F -e -C -w -r -o /work/hdd/bdau/mbanisharifdehkordi/bench_scratch/iterative/iter_ior_small_posix_r0_llama_baseline/ior_test_file
Machine             : Linux cn108.delta.ncsa.illinois.edu
TestID              : 0
StartTime           : Mon Apr  6 01:23:22 2026
Path                : /work/hdd/bdau/mbanisharifdehkordi/bench_scratch/iterative/iter_ior_small_posix_r0_llama_baseline
FS                  : 1.5 TiB   Used FS: 34.7%   Inodes: 2.4 Mi   Used Inodes: 71.5%

Options: 
api                 : POSIX
apiVersion          : 
test filename       : /work/hdd/bdau/mbanisharifdehkordi/bench_scratch/iterative/iter_ior_small_posix_r0_llama_baseline/ior_test_file
access              : file-per-process
type                : independent
segments            : 100
ordering in a file  : sequential
ordering inter file : constant task offset
task offset         : 1
nodes               : 1
tasks               : 16
clients per node    : 16
repetitions         : 1
xfersize            : 64 bytes
blocksize           : 1 MiB
aggregate filesize  : 1.56 GiB

Results: 

access    bw(MiB/s)  IOPS       Latency(s)  block(KiB) xfer(KiB)  open(s)    wr/rd(s)   close(s)   total(s)   iter
------    ---------  ----       ----------  ---------- ---------  --------   --------   --------   --------   ----
write     242.48     3973415    0.000364    1024.00    0.062500   0.005598   6.60       1.04       6.60       0   
read      317.93     5209567    0.000300    1024.00    0.062500   0.000853   5.03       0.377402   5.03       0   
remove    -          -          -           -          -          -          -          -          0.133175   0   
Max Write: 242.48 MiB/sec (254.26 MB/sec)
Max Read:  317.93 MiB/sec (333.37 MB/sec)

Summary of all tests:
Operation   Max(MiB)   Min(MiB)  Mean(MiB)     StdDev   Max(OPs)   Min(OPs)  Mean(OPs)     StdDev    Mean(s) Stonewall(s) Stonewall(MiB) Test# #Tasks tPN reps fPP reord reordoff reordrand seed segcnt   blksiz    xsize aggs(MiB)   API RefNum
write         242.48     242.48     242.48       0.00 3972837.34 3972837.34 3972837.34       0.00    6.59841         NA            NA     0     16  16    1   1     1        1         0    0    100  1048576       64    1600.0 POSIX      0
read          317.93     317.93     317.93       0.00 5208943.62 5208943.62 5208943.62       0.00    5.03258         NA            NA     0     16  16    1   1     1        1         0    0    100  1048576       64    1600.0 POSIX      0
Finished            : Mon Apr  6 01:23:34 2026

Exit code: 0
Completed: Mon Apr  6 01:23:34 CDT 2026
Darshan log: /work/hdd/bdau/mbanisharifdehkordi/SC_2026/data/benchmark_logs/iterative/mbanisha_ior_id17318822-1076903_4-6-5002-12521473461935498453_1.darshan
