============================================================
Track C Iterative Optimization - Benchmark Execution
Job: iter_ior_random_access_r0_i0
Command: ior -a POSIX -t 1048576 -b 104857600 -s 10 -F -e -C -w -r -o /work/hdd/bdau/mbanisharifdehkordi/bench_scratch/iterative/ior_test_file
Date: Thu Mar 26 13:28:50 CDT 2026
Host: cn048.delta.ncsa.illinois.edu
============================================================
IOR-3.3.0: MPI Coordinated Test of Parallel I/O
Began               : Thu Mar 26 13:28:50 2026
Command line        : /sw/rh9.4/spack/v1.0.0/sw/linux-x86_64_v2/ior-3.3.0-oznn4mz/bin/ior -a POSIX -t 1048576 -b 104857600 -s 10 -F -e -C -w -r -o /work/hdd/bdau/mbanisharifdehkordi/bench_scratch/iterative/ior_test_file
Machine             : Linux cn048.delta.ncsa.illinois.edu
TestID              : 0
StartTime           : Thu Mar 26 13:28:50 2026
Path                : /work/hdd/bdau/mbanisharifdehkordi/bench_scratch/iterative
FS                  : 1.5 TiB   Used FS: 23.1%   Inodes: 2.4 Mi   Used Inodes: 72.4%

Options: 
api                 : POSIX
apiVersion          : 
test filename       : /work/hdd/bdau/mbanisharifdehkordi/bench_scratch/iterative/ior_test_file
access              : file-per-process
type                : independent
segments            : 10
ordering in a file  : sequential
ordering inter file : constant task offset
task offset         : 1
nodes               : 1
tasks               : 16
clients per node    : 16
repetitions         : 1
xfersize            : 1 MiB
blocksize           : 100 MiB
aggregate filesize  : 15.62 GiB

Results: 

access    bw(MiB/s)  IOPS       Latency(s)  block(KiB) xfer(KiB)  open(s)    wr/rd(s)   close(s)   total(s)   iter
------    ---------  ----       ----------  ---------- ---------  --------   --------   --------   --------   ----
write     3037.96    3038.73    0.052649    102400     1024.00    0.006280   5.27       0.750040   5.27       0   
read      24417      24449      0.001666    102400     1024.00    0.002149   0.654425   0.488123   0.655283   0   
remove    -          -          -           -          -          -          -          -          2.20       0   
Max Write: 3037.96 MiB/sec (3185.53 MB/sec)
Max Read:  24416.95 MiB/sec (25603.02 MB/sec)

Summary of all tests:
Operation   Max(MiB)   Min(MiB)  Mean(MiB)     StdDev   Max(OPs)   Min(OPs)  Mean(OPs)     StdDev    Mean(s) Stonewall(s) Stonewall(MiB) Test# #Tasks tPN reps fPP reord reordoff reordrand seed segcnt   blksiz    xsize aggs(MiB)   API RefNum
write        3037.96    3037.96    3037.96       0.00    3037.96    3037.96    3037.96       0.00    5.26669         NA            NA     0     16  16    1   1     1        1         0    0     10 104857600  1048576   16000.0 POSIX      0
read        24416.95   24416.95   24416.95       0.00   24416.95   24416.95   24416.95       0.00    0.65528         NA            NA     0     16  16    1   1     1        1         0    0     10 104857600  1048576   16000.0 POSIX      0
Finished            : Thu Mar 26 13:28:59 2026

Exit code: 0
Completed: Thu Mar 26 13:28:59 CDT 2026
Darshan log: /work/hdd/bdau/mbanisharifdehkordi/SC_2026/data/benchmark_logs/iterative/mbanisha_ior_id17009012-602909_3-26-48530-5365265284098543052_1.darshan
