============================================================
Track C Iterative Optimization - Benchmark Execution
Job: iter_ior_small_posix_r2_i0
Command: ior -a POSIX -t 1048576 -b 1048576 -s 100 -F -e -C -w -r -o /work/hdd/bdau/mbanisharifdehkordi/bench_scratch/iterative/ior_test_file
Date: Wed Mar 25 17:42:12 CDT 2026
Host: cn052.delta.ncsa.illinois.edu
============================================================
IOR-3.3.0: MPI Coordinated Test of Parallel I/O
Began               : Wed Mar 25 17:42:13 2026
Command line        : /sw/rh9.4/spack/v1.0.0/sw/linux-x86_64_v2/ior-3.3.0-oznn4mz/bin/ior -a POSIX -t 1048576 -b 1048576 -s 100 -F -e -C -w -r -o /work/hdd/bdau/mbanisharifdehkordi/bench_scratch/iterative/ior_test_file
Machine             : Linux cn052.delta.ncsa.illinois.edu
TestID              : 0
StartTime           : Wed Mar 25 17:42:13 2026
Path                : /work/hdd/bdau/mbanisharifdehkordi/bench_scratch/iterative
FS                  : 1.5 TiB   Used FS: 22.8%   Inodes: 2.4 Mi   Used Inodes: 67.7%

Options: 
api                 : POSIX
apiVersion          : 
test filename       : /work/hdd/bdau/mbanisharifdehkordi/bench_scratch/iterative/ior_test_file
access              : file-per-process
type                : independent
segments            : 100
ordering in a file  : sequential
ordering inter file : constant task offset
task offset         : 1
nodes               : 1
tasks               : 16
clients per node    : 16
repetitions         : 1
xfersize            : 1 MiB
blocksize           : 1 MiB
aggregate filesize  : 1.56 GiB

Results: 

access    bw(MiB/s)  IOPS       Latency(s)  block(KiB) xfer(KiB)  open(s)    wr/rd(s)   close(s)   total(s)   iter
------    ---------  ----       ----------  ---------- ---------  --------   --------   --------   --------   ----
write     2460.62    2492.81    0.560617    1024.00    1024.00    0.020520   0.641846   0.168844   0.650242   0   
read      16726      16903      0.047244    1024.00    1024.00    0.013829   0.094660   0.034979   0.095661   0   
remove    -          -          -           -          -          -          -          -          0.421139   0   
Max Write: 2460.62 MiB/sec (2580.15 MB/sec)
Max Read:  16725.78 MiB/sec (17538.25 MB/sec)

Summary of all tests:
Operation   Max(MiB)   Min(MiB)  Mean(MiB)     StdDev   Max(OPs)   Min(OPs)  Mean(OPs)     StdDev    Mean(s) Stonewall(s) Stonewall(MiB) Test# #Tasks tPN reps fPP reord reordoff reordrand seed segcnt   blksiz    xsize aggs(MiB)   API RefNum
write        2460.62    2460.62    2460.62       0.00    2460.62    2460.62    2460.62       0.00    0.65024         NA            NA     0     16  16    1   1     1        1         0    0    100  1048576  1048576    1600.0 POSIX      0
read        16725.78   16725.78   16725.78       0.00   16725.78   16725.78   16725.78       0.00    0.09566         NA            NA     0     16  16    1   1     1        1         0    0    100  1048576  1048576    1600.0 POSIX      0
Finished            : Wed Mar 25 17:42:14 2026

Exit code: 0
Completed: Wed Mar 25 17:42:14 CDT 2026
Darshan log: /work/hdd/bdau/mbanisharifdehkordi/SC_2026/data/benchmark_logs/iterative/mbanisha_ior_id17001036-483706_3-25-63733-871639510119230579_1.darshan
