============================================================
Track C Iterative Optimization - Benchmark Execution
Job: iter_ior_small_posix_r0_i4
Command: ior -a POSIX -t 1048576 -b 1048576 -s 100 -F -e -C -w -r -F -o /work/hdd/bdau/mbanisharifdehkordi/bench_scratch/iterative/iter_ior_small_posix_r0_i4/ior_test_file
Date: Thu Mar 26 14:12:06 CDT 2026
Host: cn093.delta.ncsa.illinois.edu
============================================================
IOR-3.3.0: MPI Coordinated Test of Parallel I/O
Began               : Thu Mar 26 14:12:06 2026
Command line        : /sw/rh9.4/spack/v1.0.0/sw/linux-x86_64_v2/ior-3.3.0-oznn4mz/bin/ior -a POSIX -t 1048576 -b 1048576 -s 100 -F -e -C -w -r -F -o /work/hdd/bdau/mbanisharifdehkordi/bench_scratch/iterative/iter_ior_small_posix_r0_i4/ior_test_file
Machine             : Linux cn093.delta.ncsa.illinois.edu
TestID              : 0
StartTime           : Thu Mar 26 14:12:06 2026
Path                : /work/hdd/bdau/mbanisharifdehkordi/bench_scratch/iterative/iter_ior_small_posix_r0_i4
FS                  : 1.5 TiB   Used FS: 23.8%   Inodes: 2.4 Mi   Used Inodes: 68.4%

Options: 
api                 : POSIX
apiVersion          : 
test filename       : /work/hdd/bdau/mbanisharifdehkordi/bench_scratch/iterative/iter_ior_small_posix_r0_i4/ior_test_file
access              : file-per-process
type                : independent
segments            : 100
ordering in a file  : sequential
ordering inter file : constant task offset
task offset         : 1
nodes               : 1
tasks               : 16
clients per node    : 16
repetitions         : 1
xfersize            : 1 MiB
blocksize           : 1 MiB
aggregate filesize  : 1.56 GiB

Results: 

access    bw(MiB/s)  IOPS       Latency(s)  block(KiB) xfer(KiB)  open(s)    wr/rd(s)   close(s)   total(s)   iter
------    ---------  ----       ----------  ---------- ---------  --------   --------   --------   --------   ----
WARNING: Expected aggregate file size       = 1677721600.
WARNING: Stat() of aggregate file size      = 104857600.
WARNING: Using actual aggregate bytes moved = 1677721600.
write     1767.41    1769.69    0.904114    1024.00    1024.00    0.006585   0.904114   0.328857   0.905281   0   
WARNING: Expected aggregate file size       = 1677721600.
WARNING: Stat() of aggregate file size      = 104857600.
WARNING: Using actual aggregate bytes moved = 1677721600.
read      18704      18951      0.066914    1024.00    1024.00    0.001240   0.084429   0.031347   0.085545   0   
remove    -          -          -           -          -          -          -          -          0.391361   0   
Max Write: 1767.41 MiB/sec (1853.26 MB/sec)
Max Read:  18703.63 MiB/sec (19612.18 MB/sec)

Summary of all tests:
Operation   Max(MiB)   Min(MiB)  Mean(MiB)     StdDev   Max(OPs)   Min(OPs)  Mean(OPs)     StdDev    Mean(s) Stonewall(s) Stonewall(MiB) Test# #Tasks tPN reps fPP reord reordoff reordrand seed segcnt   blksiz    xsize aggs(MiB)   API RefNum
write        1767.41    1767.41    1767.41       0.00    1767.41    1767.41    1767.41       0.00    0.90528         NA            NA     0     16  16    1   2     1        1         0    0    100  1048576  1048576    1600.0 POSIX      0
read        18703.63   18703.63   18703.63       0.00   18703.63   18703.63   18703.63       0.00    0.08554         NA            NA     0     16  16    1   2     1        1         0    0    100  1048576  1048576    1600.0 POSIX      0
Finished            : Thu Mar 26 14:12:08 2026

Exit code: 0
Completed: Thu Mar 26 14:12:09 CDT 2026
Darshan log: /work/hdd/bdau/mbanisharifdehkordi/SC_2026/data/benchmark_logs/iterative/mbanisha_ior_id17009597-129333_3-26-51126-14312171637104840834_1.darshan
