============================================================
Track C Iterative Optimization - Benchmark Execution
Job: iter_ior_small_posix_r0_i2
Command: ior -a POSIX -t 1048576 -b 1048576 -s 100 -F -e -C -w -r -o /work/hdd/bdau/mbanisharifdehkordi/bench_scratch/iterative/iter_ior_small_posix_r0_i2/ior_test_file
Date: Thu Mar 26 14:05:43 CDT 2026
Host: cn038.delta.ncsa.illinois.edu
============================================================
IOR-3.3.0: MPI Coordinated Test of Parallel I/O
Began               : Thu Mar 26 14:05:43 2026
Command line        : /sw/rh9.4/spack/v1.0.0/sw/linux-x86_64_v2/ior-3.3.0-oznn4mz/bin/ior -a POSIX -t 1048576 -b 1048576 -s 100 -F -e -C -w -r -o /work/hdd/bdau/mbanisharifdehkordi/bench_scratch/iterative/iter_ior_small_posix_r0_i2/ior_test_file
Machine             : Linux cn038.delta.ncsa.illinois.edu
TestID              : 0
StartTime           : Thu Mar 26 14:05:43 2026
Path                : /work/hdd/bdau/mbanisharifdehkordi/bench_scratch/iterative/iter_ior_small_posix_r0_i2
FS                  : 1.5 TiB   Used FS: 23.4%   Inodes: 2.4 Mi   Used Inodes: 68.4%

Options: 
api                 : POSIX
apiVersion          : 
test filename       : /work/hdd/bdau/mbanisharifdehkordi/bench_scratch/iterative/iter_ior_small_posix_r0_i2/ior_test_file
access              : file-per-process
type                : independent
segments            : 100
ordering in a file  : sequential
ordering inter file : constant task offset
task offset         : 1
nodes               : 1
tasks               : 16
clients per node    : 16
repetitions         : 1
xfersize            : 1 MiB
blocksize           : 1 MiB
aggregate filesize  : 1.56 GiB

Results: 

access    bw(MiB/s)  IOPS       Latency(s)  block(KiB) xfer(KiB)  open(s)    wr/rd(s)   close(s)   total(s)   iter
------    ---------  ----       ----------  ---------- ---------  --------   --------   --------   --------   ----
write     1558.76    1561.92    0.453710    1024.00    1024.00    0.019780   1.02       0.563535   1.03       0   
read      16856      17079      0.050793    1024.00    1024.00    0.014003   0.093682   0.032652   0.094921   0   
remove    -          -          -           -          -          -          -          -          0.380161   0   
Max Write: 1558.76 MiB/sec (1634.48 MB/sec)
Max Read:  16856.19 MiB/sec (17674.99 MB/sec)

Summary of all tests:
Operation   Max(MiB)   Min(MiB)  Mean(MiB)     StdDev   Max(OPs)   Min(OPs)  Mean(OPs)     StdDev    Mean(s) Stonewall(s) Stonewall(MiB) Test# #Tasks tPN reps fPP reord reordoff reordrand seed segcnt   blksiz    xsize aggs(MiB)   API RefNum
write        1558.76    1558.76    1558.76       0.00    1558.76    1558.76    1558.76       0.00    1.02646         NA            NA     0     16  16    1   1     1        1         0    0    100  1048576  1048576    1600.0 POSIX      0
read        16856.19   16856.19   16856.19       0.00   16856.19   16856.19   16856.19       0.00    0.09492         NA            NA     0     16  16    1   1     1        1         0    0    100  1048576  1048576    1600.0 POSIX      0
Finished            : Thu Mar 26 14:05:45 2026

Exit code: 0
Completed: Thu Mar 26 14:05:46 CDT 2026
Darshan log: /work/hdd/bdau/mbanisharifdehkordi/SC_2026/data/benchmark_logs/iterative/mbanisha_ior_id17009497-77323_3-26-50743-2533593440892860637_1.darshan
