============================================================
Track C Iterative Optimization - Benchmark Execution
Job: iter_ior_small_posix_r0_i3
Command: ior -a MPIIO -t 1048576 -b 1048576 -s 100 -F -e -C -w -r -c -F -o /work/hdd/bdau/mbanisharifdehkordi/bench_scratch/iterative/iter_ior_small_posix_r0_i3/ior_test_file
Date: Thu Mar 26 14:10:47 CDT 2026
Host: cn093.delta.ncsa.illinois.edu
============================================================
IOR-3.3.0: MPI Coordinated Test of Parallel I/O
Began               : Thu Mar 26 14:10:47 2026
Command line        : /sw/rh9.4/spack/v1.0.0/sw/linux-x86_64_v2/ior-3.3.0-oznn4mz/bin/ior -a MPIIO -t 1048576 -b 1048576 -s 100 -F -e -C -w -r -c -F -o /work/hdd/bdau/mbanisharifdehkordi/bench_scratch/iterative/iter_ior_small_posix_r0_i3/ior_test_file
Machine             : Linux cn093.delta.ncsa.illinois.edu
TestID              : 0
StartTime           : Thu Mar 26 14:10:47 2026
Path                : /work/hdd/bdau/mbanisharifdehkordi/bench_scratch/iterative/iter_ior_small_posix_r0_i3
FS                  : 1.5 TiB   Used FS: 23.8%   Inodes: 2.4 Mi   Used Inodes: 68.4%

Options: 
api                 : MPIIO
apiVersion          : (3.1)
test filename       : /work/hdd/bdau/mbanisharifdehkordi/bench_scratch/iterative/iter_ior_small_posix_r0_i3/ior_test_file
access              : file-per-process
type                : collective
segments            : 100
ordering in a file  : sequential
ordering inter file : constant task offset
task offset         : 1
nodes               : 1
tasks               : 16
clients per node    : 16
repetitions         : 1
xfersize            : 1 MiB
blocksize           : 1 MiB
aggregate filesize  : 1.56 GiB

Results: 

access    bw(MiB/s)  IOPS       Latency(s)  block(KiB) xfer(KiB)  open(s)    wr/rd(s)   close(s)   total(s)   iter
------    ---------  ----       ----------  ---------- ---------  --------   --------   --------   --------   ----
WARNING: Expected aggregate file size       = 1677721600.
WARNING: Stat() of aggregate file size      = 104857600.
WARNING: Using actual aggregate bytes moved = 1677721600.
write     878.34     883.72     0.736847    1024.00    1024.00    0.102045   1.81       1.06       1.82       0   
WARNING: Expected aggregate file size       = 1677721600.
WARNING: Stat() of aggregate file size      = 104857600.
WARNING: Using actual aggregate bytes moved = 1677721600.
read      7800       7891       0.075701    1024.00    1024.00    0.083597   0.202751   0.142495   0.205123   0   
remove    -          -          -           -          -          -          -          -          0.431617   0   
Max Write: 878.34 MiB/sec (921.01 MB/sec)
Max Read:  7800.18 MiB/sec (8179.08 MB/sec)

Summary of all tests:
Operation   Max(MiB)   Min(MiB)  Mean(MiB)     StdDev   Max(OPs)   Min(OPs)  Mean(OPs)     StdDev    Mean(s) Stonewall(s) Stonewall(MiB) Test# #Tasks tPN reps fPP reord reordoff reordrand seed segcnt   blksiz    xsize aggs(MiB)   API RefNum
write         878.34     878.34     878.34       0.00     878.34     878.34     878.34       0.00    1.82162         NA            NA     0     16  16    1   2     1        1         0    0    100  1048576  1048576    1600.0 MPIIO      0
read         7800.18    7800.18    7800.18       0.00    7800.18    7800.18    7800.18       0.00    0.20512         NA            NA     0     16  16    1   2     1        1         0    0    100  1048576  1048576    1600.0 MPIIO      0
Finished            : Thu Mar 26 14:10:51 2026

Exit code: 0
Completed: Thu Mar 26 14:10:51 CDT 2026
Darshan log: /work/hdd/bdau/mbanisharifdehkordi/SC_2026/data/benchmark_logs/iterative/mbanisha_ior_id17009575-128545_3-26-51047-10365476314675783889_1.darshan
