============================================================
Track C Iterative Optimization - Benchmark Execution
Job: iter_ior_small_posix_r0_i0
Command: ior -a POSIX -t 1048576 -b 1048576 -s 1 -F -e -C -w -r -o /work/hdd/bdau/mbanisharifdehkordi/bench_scratch/iterative/ior_test_file
Date: Wed Mar 25 15:43:38 CDT 2026
Host: cn116.delta.ncsa.illinois.edu
============================================================
IOR-3.3.0: MPI Coordinated Test of Parallel I/O
Began               : Wed Mar 25 15:43:38 2026
Command line        : /sw/rh9.4/spack/v1.0.0/sw/linux-x86_64_v2/ior-3.3.0-oznn4mz/bin/ior -a POSIX -t 1048576 -b 1048576 -s 1 -F -e -C -w -r -o /work/hdd/bdau/mbanisharifdehkordi/bench_scratch/iterative/ior_test_file
Machine             : Linux cn116.delta.ncsa.illinois.edu
TestID              : 0
StartTime           : Wed Mar 25 15:43:38 2026
Path                : /work/hdd/bdau/mbanisharifdehkordi/bench_scratch/iterative
FS                  : 1.5 TiB   Used FS: 22.8%   Inodes: 2.4 Mi   Used Inodes: 68.5%

Options: 
api                 : POSIX
apiVersion          : 
test filename       : /work/hdd/bdau/mbanisharifdehkordi/bench_scratch/iterative/ior_test_file
access              : file-per-process
type                : independent
segments            : 1
ordering in a file  : sequential
ordering inter file : constant task offset
task offset         : 1
nodes               : 1
tasks               : 16
clients per node    : 16
repetitions         : 1
xfersize            : 1 MiB
blocksize           : 1 MiB
aggregate filesize  : 16 MiB

Results: 

access    bw(MiB/s)  IOPS       Latency(s)  block(KiB) xfer(KiB)  open(s)    wr/rd(s)   close(s)   total(s)   iter
------    ---------  ----       ----------  ---------- ---------  --------   --------   --------   --------   ----
write     200.74     214.62     0.031317    1024.00    1024.00    0.020737   0.074551   0.034696   0.079703   0   
read      1110.98    1187.09    0.000140    1024.00    1024.00    0.013842   0.013478   0.013719   0.014402   0   
remove    -          -          -           -          -          -          -          -          0.005232   0   
Max Write: 200.74 MiB/sec (210.50 MB/sec)
Max Read:  1110.98 MiB/sec (1164.95 MB/sec)

Summary of all tests:
Operation   Max(MiB)   Min(MiB)  Mean(MiB)     StdDev   Max(OPs)   Min(OPs)  Mean(OPs)     StdDev    Mean(s) Stonewall(s) Stonewall(MiB) Test# #Tasks tPN reps fPP reord reordoff reordrand seed segcnt   blksiz    xsize aggs(MiB)   API RefNum
write         200.74     200.74     200.74       0.00     200.74     200.74     200.74       0.00    0.07970         NA            NA     0     16  16    1   1     1        1         0    0      1  1048576  1048576      16.0 POSIX      0
read         1110.98    1110.98    1110.98       0.00    1110.98    1110.98    1110.98       0.00    0.01440         NA            NA     0     16  16    1   1     1        1         0    0      1  1048576  1048576      16.0 POSIX      0
Finished            : Wed Mar 25 15:43:39 2026

Exit code: 0
Completed: Wed Mar 25 15:43:39 CDT 2026
Darshan log: /work/hdd/bdau/mbanisharifdehkordi/SC_2026/data/benchmark_logs/iterative/mbanisha_ior_id16999689-103918_3-25-56618-18425495864661046887_1.darshan
