============================================================
Track C Iterative Optimization - Benchmark Execution
Job: iter_ior_random_access_r0_i0
Command: ior -a POSIX -t 1048576 -b 104857600 -s 10 -F -e -C -w -r -o /work/hdd/bdau/mbanisharifdehkordi/bench_scratch/iterative/iter_ior_random_access_r0_i0/ior_test_file
Date: Thu Mar 26 14:16:00 CDT 2026
Host: cn038.delta.ncsa.illinois.edu
============================================================
IOR-3.3.0: MPI Coordinated Test of Parallel I/O
Began               : Thu Mar 26 14:16:01 2026
Command line        : /sw/rh9.4/spack/v1.0.0/sw/linux-x86_64_v2/ior-3.3.0-oznn4mz/bin/ior -a POSIX -t 1048576 -b 104857600 -s 10 -F -e -C -w -r -o /work/hdd/bdau/mbanisharifdehkordi/bench_scratch/iterative/iter_ior_random_access_r0_i0/ior_test_file
Machine             : Linux cn038.delta.ncsa.illinois.edu
TestID              : 0
StartTime           : Thu Mar 26 14:16:01 2026
Path                : /work/hdd/bdau/mbanisharifdehkordi/bench_scratch/iterative/iter_ior_random_access_r0_i0
FS                  : 1.5 TiB   Used FS: 23.4%   Inodes: 2.4 Mi   Used Inodes: 68.4%

Options: 
api                 : POSIX
apiVersion          : 
test filename       : /work/hdd/bdau/mbanisharifdehkordi/bench_scratch/iterative/iter_ior_random_access_r0_i0/ior_test_file
access              : file-per-process
type                : independent
segments            : 10
ordering in a file  : sequential
ordering inter file : constant task offset
task offset         : 1
nodes               : 1
tasks               : 16
clients per node    : 16
repetitions         : 1
xfersize            : 1 MiB
blocksize           : 100 MiB
aggregate filesize  : 15.62 GiB

Results: 

access    bw(MiB/s)  IOPS       Latency(s)  block(KiB) xfer(KiB)  open(s)    wr/rd(s)   close(s)   total(s)   iter
------    ---------  ----       ----------  ---------- ---------  --------   --------   --------   --------   ----
write     2672.60    2676.18    0.044098    102400     1024.00    0.034430   5.98       1.56       5.99       0   
read      14980      15137      0.009389    102400     1024.00    0.018474   1.06       0.898366   1.07       0   
remove    -          -          -           -          -          -          -          -          3.85       0   
Max Write: 2672.60 MiB/sec (2802.43 MB/sec)
Max Read:  14980.42 MiB/sec (15708.11 MB/sec)

Summary of all tests:
Operation   Max(MiB)   Min(MiB)  Mean(MiB)     StdDev   Max(OPs)   Min(OPs)  Mean(OPs)     StdDev    Mean(s) Stonewall(s) Stonewall(MiB) Test# #Tasks tPN reps fPP reord reordoff reordrand seed segcnt   blksiz    xsize aggs(MiB)   API RefNum
write        2672.60    2672.60    2672.60       0.00    2672.60    2672.60    2672.60       0.00    5.98667         NA            NA     0     16  16    1   1     1        1         0    0     10 104857600  1048576   16000.0 POSIX      0
read        14980.42   14980.42   14980.42       0.00   14980.42   14980.42   14980.42       0.00    1.06806         NA            NA     0     16  16    1   1     1        1         0    0     10 104857600  1048576   16000.0 POSIX      0
Finished            : Thu Mar 26 14:16:12 2026

Exit code: 0
Completed: Thu Mar 26 14:16:13 CDT 2026
Darshan log: /work/hdd/bdau/mbanisharifdehkordi/SC_2026/data/benchmark_logs/iterative/mbanisha_ior_id17009645-81365_3-26-51360-12773870924296954743_1.darshan
