============================================================
Track C Iterative Optimization - Benchmark Execution
Job: iter_ior_fsync_heavy_r0_i0
Command: ior -a POSIX -t 1048576 -b 104857600 -s 10 -F -e -C -Y -w -r -o /work/hdd/bdau/mbanisharifdehkordi/bench_scratch/iterative/iter_ior_fsync_heavy_r0_i0/ior_test_file
Date: Wed Apr  1 01:37:06 CDT 2026
Host: cn066.delta.ncsa.illinois.edu
============================================================
IOR-3.3.0: MPI Coordinated Test of Parallel I/O
Began               : Wed Apr  1 01:37:07 2026
Command line        : /sw/rh9.4/spack/v1.0.0/sw/linux-x86_64_v2/ior-3.3.0-oznn4mz/bin/ior -a POSIX -t 1048576 -b 104857600 -s 10 -F -e -C -Y -w -r -o /work/hdd/bdau/mbanisharifdehkordi/bench_scratch/iterative/iter_ior_fsync_heavy_r0_i0/ior_test_file
Machine             : Linux cn066.delta.ncsa.illinois.edu
TestID              : 0
StartTime           : Wed Apr  1 01:37:07 2026
Path                : /work/hdd/bdau/mbanisharifdehkordi/bench_scratch/iterative/iter_ior_fsync_heavy_r0_i0
FS                  : 1.5 TiB   Used FS: 23.0%   Inodes: 2.4 Mi   Used Inodes: 71.0%

Options: 
api                 : POSIX
apiVersion          : 
test filename       : /work/hdd/bdau/mbanisharifdehkordi/bench_scratch/iterative/iter_ior_fsync_heavy_r0_i0/ior_test_file
access              : file-per-process
type                : independent
segments            : 10
ordering in a file  : sequential
ordering inter file : constant task offset
task offset         : 1
nodes               : 1
tasks               : 16
clients per node    : 16
repetitions         : 1
xfersize            : 1 MiB
blocksize           : 100 MiB
aggregate filesize  : 15.62 GiB

Results: 

access    bw(MiB/s)  IOPS       Latency(s)  block(KiB) xfer(KiB)  open(s)    wr/rd(s)   close(s)   total(s)   iter
------    ---------  ----       ----------  ---------- ---------  --------   --------   --------   --------   ----
write     244.09     244.10     0.476823    102400     1024.00    0.017568   65.55      23.38      65.55      0   
read      8691       8696       0.009494    102400     1024.00    0.012933   1.84       1.62       1.84       0   
remove    -          -          -           -          -          -          -          -          2.04       0   
Max Write: 244.09 MiB/sec (255.95 MB/sec)
Max Read:  8690.88 MiB/sec (9113.05 MB/sec)

Summary of all tests:
Operation   Max(MiB)   Min(MiB)  Mean(MiB)     StdDev   Max(OPs)   Min(OPs)  Mean(OPs)     StdDev    Mean(s) Stonewall(s) Stonewall(MiB) Test# #Tasks tPN reps fPP reord reordoff reordrand seed segcnt   blksiz    xsize aggs(MiB)   API RefNum
write         244.09     244.09     244.09       0.00     244.09     244.09     244.09       0.00   65.55003         NA            NA     0     16  16    1   1     1        1         0    0     10 104857600  1048576   16000.0 POSIX      0
read         8690.88    8690.88    8690.88       0.00    8690.88    8690.88    8690.88       0.00    1.84101         NA            NA     0     16  16    1   1     1        1         0    0     10 104857600  1048576   16000.0 POSIX      0
Finished            : Wed Apr  1 01:38:16 2026

Exit code: 0
Completed: Wed Apr  1 01:38:18 CDT 2026
Darshan log: /work/hdd/bdau/mbanisharifdehkordi/SC_2026/data/benchmark_logs/iterative/mbanisha_ior_id17178561-2028936_4-1-5826-16495716305186755717_2.darshan
