============================================================
Track C Iterative Optimization - Benchmark Execution
Job: iter_ior_small_posix_r0_i0
Command: ior -a POSIX -t 1048576 -b 1048576 -s 100 -F -e -C -w -r -o /work/hdd/bdau/mbanisharifdehkordi/bench_scratch/iterative/iter_ior_small_posix_r0_i0/ior_test_file
Date: Thu Mar 26 15:35:04 CDT 2026
Host: cn112.delta.ncsa.illinois.edu
============================================================
IOR-3.3.0: MPI Coordinated Test of Parallel I/O
Began               : Thu Mar 26 15:35:04 2026
Command line        : /sw/rh9.4/spack/v1.0.0/sw/linux-x86_64_v2/ior-3.3.0-oznn4mz/bin/ior -a POSIX -t 1048576 -b 1048576 -s 100 -F -e -C -w -r -o /work/hdd/bdau/mbanisharifdehkordi/bench_scratch/iterative/iter_ior_small_posix_r0_i0/ior_test_file
Machine             : Linux cn112.delta.ncsa.illinois.edu
TestID              : 0
StartTime           : Thu Mar 26 15:35:04 2026
Path                : /work/hdd/bdau/mbanisharifdehkordi/bench_scratch/iterative/iter_ior_small_posix_r0_i0
FS                  : 1.5 TiB   Used FS: 22.9%   Inodes: 2.4 Mi   Used Inodes: 70.9%

Options: 
api                 : POSIX
apiVersion          : 
test filename       : /work/hdd/bdau/mbanisharifdehkordi/bench_scratch/iterative/iter_ior_small_posix_r0_i0/ior_test_file
access              : file-per-process
type                : independent
segments            : 100
ordering in a file  : sequential
ordering inter file : constant task offset
task offset         : 1
nodes               : 1
tasks               : 16
clients per node    : 16
repetitions         : 1
xfersize            : 1 MiB
blocksize           : 1 MiB
aggregate filesize  : 1.56 GiB

Results: 

access    bw(MiB/s)  IOPS       Latency(s)  block(KiB) xfer(KiB)  open(s)    wr/rd(s)   close(s)   total(s)   iter
------    ---------  ----       ----------  ---------- ---------  --------   --------   --------   --------   ----
write     1299.36    1301.08    1.23        1024.00    1024.00    0.007775   1.23       0.369578   1.23       0   
read      12940      14420      0.091901    1024.00    1024.00    0.001554   0.110958   0.066108   0.123651   0   
remove    -          -          -           -          -          -          -          -          0.435087   0   
Max Write: 1299.36 MiB/sec (1362.47 MB/sec)
Max Read:  12939.65 MiB/sec (13568.20 MB/sec)

Summary of all tests:
Operation   Max(MiB)   Min(MiB)  Mean(MiB)     StdDev   Max(OPs)   Min(OPs)  Mean(OPs)     StdDev    Mean(s) Stonewall(s) Stonewall(MiB) Test# #Tasks tPN reps fPP reord reordoff reordrand seed segcnt   blksiz    xsize aggs(MiB)   API RefNum
write        1299.36    1299.36    1299.36       0.00    1299.36    1299.36    1299.36       0.00    1.23138         NA            NA     0     16  16    1   1     1        1         0    0    100  1048576  1048576    1600.0 POSIX      0
read        12939.65   12939.65   12939.65       0.00   12939.65   12939.65   12939.65       0.00    0.12365         NA            NA     0     16  16    1   1     1        1         0    0    100  1048576  1048576    1600.0 POSIX      0
Finished            : Thu Mar 26 15:35:07 2026

Exit code: 0
Completed: Thu Mar 26 15:35:07 CDT 2026
Darshan log: /work/hdd/bdau/mbanisharifdehkordi/SC_2026/data/benchmark_logs/iterative/mbanisha_ior_id17010228-2832946_3-26-56104-4263699110867649894_1.darshan
