============================================================
Track C Iterative Optimization - Benchmark Execution
Job: iter_ior_fsync_heavy_r0_i2
Command: ior -a MPIIO -t 1048576 -b 104857600 -s 10 -F -e -C -w -r -c -o /work/hdd/bdau/mbanisharifdehkordi/bench_scratch/iterative/ior_test_file
Date: Wed Mar 25 19:57:30 CDT 2026
Host: cn095.delta.ncsa.illinois.edu
============================================================
IOR-3.3.0: MPI Coordinated Test of Parallel I/O
Began               : Wed Mar 25 19:57:30 2026
Command line        : /sw/rh9.4/spack/v1.0.0/sw/linux-x86_64_v2/ior-3.3.0-oznn4mz/bin/ior -a MPIIO -t 1048576 -b 104857600 -s 10 -F -e -C -w -r -c -o /work/hdd/bdau/mbanisharifdehkordi/bench_scratch/iterative/ior_test_file
Machine             : Linux cn095.delta.ncsa.illinois.edu
TestID              : 0
StartTime           : Wed Mar 25 19:57:30 2026
Path                : /work/hdd/bdau/mbanisharifdehkordi/bench_scratch/iterative
FS                  : 1.5 TiB   Used FS: 22.8%   Inodes: 2.4 Mi   Used Inodes: 67.7%

Options: 
api                 : MPIIO
apiVersion          : (3.1)
test filename       : /work/hdd/bdau/mbanisharifdehkordi/bench_scratch/iterative/ior_test_file
access              : file-per-process
type                : collective
segments            : 10
ordering in a file  : sequential
ordering inter file : constant task offset
task offset         : 1
nodes               : 1
tasks               : 16
clients per node    : 16
repetitions         : 1
xfersize            : 1 MiB
blocksize           : 100 MiB
aggregate filesize  : 15.62 GiB

Results: 

access    bw(MiB/s)  IOPS       Latency(s)  block(KiB) xfer(KiB)  open(s)    wr/rd(s)   close(s)   total(s)   iter
------    ---------  ----       ----------  ---------- ---------  --------   --------   --------   --------   ----
write     2864.99    2867.98    0.040617    102400     1024.00    0.087007   5.58       1.66       5.58       0   
read      18685      18724      0.004566    102400     1024.00    0.002792   0.854519   0.603552   0.856324   0   
remove    -          -          -           -          -          -          -          -          3.87       0   
Max Write: 2864.99 MiB/sec (3004.16 MB/sec)
Max Read:  18684.51 MiB/sec (19592.13 MB/sec)

Summary of all tests:
Operation   Max(MiB)   Min(MiB)  Mean(MiB)     StdDev   Max(OPs)   Min(OPs)  Mean(OPs)     StdDev    Mean(s) Stonewall(s) Stonewall(MiB) Test# #Tasks tPN reps fPP reord reordoff reordrand seed segcnt   blksiz    xsize aggs(MiB)   API RefNum
write        2864.99    2864.99    2864.99       0.00    2864.99    2864.99    2864.99       0.00    5.58466         NA            NA     0     16  16    1   1     1        1         0    0     10 104857600  1048576   16000.0 MPIIO      0
read        18684.51   18684.51   18684.51       0.00   18684.51   18684.51   18684.51       0.00    0.85632         NA            NA     0     16  16    1   1     1        1         0    0     10 104857600  1048576   16000.0 MPIIO      0
Finished            : Wed Mar 25 19:57:41 2026

Exit code: 0
Completed: Wed Mar 25 19:57:41 CDT 2026
Darshan log: /work/hdd/bdau/mbanisharifdehkordi/SC_2026/data/benchmark_logs/iterative/mbanisha_ior_id17002505-4118973_3-25-71850-2940761130002705627_1.darshan
