MPICH ERROR [Rank 10] [job id 17009181.0] [Thu Mar 26 13:44:11 2026] [cn004.delta.ncsa.illinois.edu] - Abort(-1) (rank 10 in comm 0): application called MPI_Abort(MPI_COMM_WORLD, -1) - process 10

aborting job:
application called MPI_Abort(MPI_COMM_WORLD, -1) - process 10
srun: error: cn004: task 10: Exited with exit code 255
MPICH ERROR [Rank 4] [job id 17009181.0] [Thu Mar 26 13:44:12 2026] [cn004.delta.ncsa.illinois.edu] - Abort(-1) (rank 4 in comm 0): application called MPI_Abort(MPI_COMM_WORLD, -1) - process 4

aborting job:
application called MPI_Abort(MPI_COMM_WORLD, -1) - process 4
srun: error: cn004: task 4: Exited with exit code 255
MPICH ERROR [Rank 8] [job id 17009181.0] [Thu Mar 26 13:44:12 2026] [cn004.delta.ncsa.illinois.edu] - Abort(-1) (rank 8 in comm 0): application called MPI_Abort(MPI_COMM_WORLD, -1) - process 8

aborting job:
application called MPI_Abort(MPI_COMM_WORLD, -1) - process 8
MPICH ERROR [Rank 6] [job id 17009181.0] [Thu Mar 26 13:44:12 2026] [cn004.delta.ncsa.illinois.edu] - Abort(-1) (rank 6 in comm 0): application called MPI_Abort(MPI_COMM_WORLD, -1) - process 6

aborting job:
application called MPI_Abort(MPI_COMM_WORLD, -1) - process 6
srun: error: cn004: tasks 6,8: Exited with exit code 255
MPICH ERROR [Rank 12] [job id 17009181.0] [Thu Mar 26 13:44:12 2026] [cn004.delta.ncsa.illinois.edu] - Abort(-1) (rank 12 in comm 0): application called MPI_Abort(MPI_COMM_WORLD, -1) - process 12

aborting job:
application called MPI_Abort(MPI_COMM_WORLD, -1) - process 12
MPICH ERROR [Rank 5] [job id 17009181.0] [Thu Mar 26 13:44:12 2026] [cn004.delta.ncsa.illinois.edu] - Abort(-1) (rank 5 in comm 0): application called MPI_Abort(MPI_COMM_WORLD, -1) - process 5

aborting job:
application called MPI_Abort(MPI_COMM_WORLD, -1) - process 5
MPICH ERROR [Rank 15] [job id 17009181.0] [Thu Mar 26 13:44:12 2026] [cn004.delta.ncsa.illinois.edu] - Abort(-1) (rank 15 in comm 0): application called MPI_Abort(MPI_COMM_WORLD, -1) - process 15

aborting job:
application called MPI_Abort(MPI_COMM_WORLD, -1) - process 15
MPICH ERROR [Rank 2] [job id 17009181.0] [Thu Mar 26 13:44:12 2026] [cn004.delta.ncsa.illinois.edu] - Abort(-1) (rank 2 in comm 0): application called MPI_Abort(MPI_COMM_WORLD, -1) - process 2

aborting job:
application called MPI_Abort(MPI_COMM_WORLD, -1) - process 2
MPICH ERROR [Rank 3] [job id 17009181.0] [Thu Mar 26 13:44:12 2026] [cn004.delta.ncsa.illinois.edu] - Abort(-1) (rank 3 in comm 0): application called MPI_Abort(MPI_COMM_WORLD, -1) - process 3

aborting job:
application called MPI_Abort(MPI_COMM_WORLD, -1) - process 3
MPICH ERROR [Rank 14] [job id 17009181.0] [Thu Mar 26 13:44:12 2026] [cn004.delta.ncsa.illinois.edu] - Abort(-1) (rank 14 in comm 0): application called MPI_Abort(MPI_COMM_WORLD, -1) - process 14

aborting job:
application called MPI_Abort(MPI_COMM_WORLD, -1) - process 14
MPICH ERROR [Rank 1] [job id 17009181.0] [Thu Mar 26 13:44:12 2026] [cn004.delta.ncsa.illinois.edu] - Abort(-1) (rank 1 in comm 0): application called MPI_Abort(MPI_COMM_WORLD, -1) - process 1

aborting job:
application called MPI_Abort(MPI_COMM_WORLD, -1) - process 1
MPICH ERROR [Rank 13] [job id 17009181.0] [Thu Mar 26 13:44:12 2026] [cn004.delta.ncsa.illinois.edu] - Abort(-1) (rank 13 in comm 0): application called MPI_Abort(MPI_COMM_WORLD, -1) - process 13

aborting job:
application called MPI_Abort(MPI_COMM_WORLD, -1) - process 13
MPICH ERROR [Rank 0] [job id 17009181.0] [Thu Mar 26 13:44:12 2026] [cn004.delta.ncsa.illinois.edu] - Abort(-1) (rank 0 in comm 0): application called MPI_Abort(MPI_COMM_WORLD, -1) - process 0

aborting job:
application called MPI_Abort(MPI_COMM_WORLD, -1) - process 0
srun: error: cn004: tasks 0-3,5,12-15: Exited with exit code 255
MPICH ERROR [Rank 7] [job id 17009181.0] [Thu Mar 26 13:44:12 2026] [cn004.delta.ncsa.illinois.edu] - Abort(-1) (rank 7 in comm 0): application called MPI_Abort(MPI_COMM_WORLD, -1) - process 7

aborting job:
application called MPI_Abort(MPI_COMM_WORLD, -1) - process 7
MPICH ERROR [Rank 11] [job id 17009181.0] [Thu Mar 26 13:44:12 2026] [cn004.delta.ncsa.illinois.edu] - Abort(-1) (rank 11 in comm 0): application called MPI_Abort(MPI_COMM_WORLD, -1) - process 11

aborting job:
application called MPI_Abort(MPI_COMM_WORLD, -1) - process 11
MPICH ERROR [Rank 9] [job id 17009181.0] [Thu Mar 26 13:44:12 2026] [cn004.delta.ncsa.illinois.edu] - Abort(-1) (rank 9 in comm 0): application called MPI_Abort(MPI_COMM_WORLD, -1) - process 9

aborting job:
application called MPI_Abort(MPI_COMM_WORLD, -1) - process 9
srun: error: cn004: tasks 7,9,11: Exited with exit code 255
