============================================================
Track C Iterative Optimization - Benchmark Execution
Job: iter_ior_small_posix_r1_i4
Command: ior -a MPIIO -t 1048576 -b 1048576 -s 100 -F -e -w -r -c -o /work/hdd/bdau/mbanisharifdehkordi/bench_scratch/iterative/ior_test_file
Date: Wed Mar 25 18:02:11 CDT 2026
Host: cn044.delta.ncsa.illinois.edu
============================================================
IOR-3.3.0: MPI Coordinated Test of Parallel I/O
Began               : Wed Mar 25 18:02:12 2026
Command line        : /sw/rh9.4/spack/v1.0.0/sw/linux-x86_64_v2/ior-3.3.0-oznn4mz/bin/ior -a MPIIO -t 1048576 -b 1048576 -s 100 -F -e -w -r -c -o /work/hdd/bdau/mbanisharifdehkordi/bench_scratch/iterative/ior_test_file
Machine             : Linux cn044.delta.ncsa.illinois.edu
TestID              : 0
StartTime           : Wed Mar 25 18:02:12 2026
Path                : /work/hdd/bdau/mbanisharifdehkordi/bench_scratch/iterative
FS                  : 1.5 TiB   Used FS: 22.8%   Inodes: 2.4 Mi   Used Inodes: 67.7%

Options: 
api                 : MPIIO
apiVersion          : (3.1)
test filename       : /work/hdd/bdau/mbanisharifdehkordi/bench_scratch/iterative/ior_test_file
access              : file-per-process
type                : collective
segments            : 100
ordering in a file  : sequential
ordering inter file : no tasks offsets
nodes               : 1
tasks               : 16
clients per node    : 16
repetitions         : 1
xfersize            : 1 MiB
blocksize           : 1 MiB
aggregate filesize  : 1.56 GiB

Results: 

access    bw(MiB/s)  IOPS       Latency(s)  block(KiB) xfer(KiB)  open(s)    wr/rd(s)   close(s)   total(s)   iter
------    ---------  ----       ----------  ---------- ---------  --------   --------   --------   --------   ----
write     1154.06    1161.62    1.23        1024.00    1024.00    0.079562   1.38       0.738499   1.39       0   
read      4389       4549       0.067845    1024.00    1024.00    0.027819   0.351703   0.288598   0.364508   0   
remove    -          -          -           -          -          -          -          -          0.294244   0   
Max Write: 1154.06 MiB/sec (1210.12 MB/sec)
Max Read:  4389.48 MiB/sec (4602.70 MB/sec)

Summary of all tests:
Operation   Max(MiB)   Min(MiB)  Mean(MiB)     StdDev   Max(OPs)   Min(OPs)  Mean(OPs)     StdDev    Mean(s) Stonewall(s) Stonewall(MiB) Test# #Tasks tPN reps fPP reord reordoff reordrand seed segcnt   blksiz    xsize aggs(MiB)   API RefNum
write        1154.06    1154.06    1154.06       0.00    1154.06    1154.06    1154.06       0.00    1.38641         NA            NA     0     16  16    1   1     0        1         0    0    100  1048576  1048576    1600.0 MPIIO      0
read         4389.48    4389.48    4389.48       0.00    4389.48    4389.48    4389.48       0.00    0.36451         NA            NA     0     16  16    1   1     0        1         0    0    100  1048576  1048576    1600.0 MPIIO      0
Finished            : Wed Mar 25 18:02:16 2026

Exit code: 0
Completed: Wed Mar 25 18:02:16 CDT 2026
Darshan log: /work/hdd/bdau/mbanisharifdehkordi/SC_2026/data/benchmark_logs/iterative/mbanisha_ior_id17001135-753833_3-25-64932-15012707307677863733_1.darshan
