============================================================
Track C Iterative Optimization - Benchmark Execution
Job: iter_ior_healthy_baseline_r0_i0
Command: ior -a MPIIO -t 4194304 -b 1073741824 -s 4 -F -c -e -w -r -o /work/hdd/bdau/mbanisharifdehkordi/bench_scratch/iterative/ior_test_file
Date: Thu Mar 26 00:52:59 CDT 2026
Host: cn039.delta.ncsa.illinois.edu
============================================================
IOR-3.3.0: MPI Coordinated Test of Parallel I/O
Began               : Thu Mar 26 00:53:00 2026
Command line        : /sw/rh9.4/spack/v1.0.0/sw/linux-x86_64_v2/ior-3.3.0-oznn4mz/bin/ior -a MPIIO -t 4194304 -b 1073741824 -s 4 -F -c -e -w -r -o /work/hdd/bdau/mbanisharifdehkordi/bench_scratch/iterative/ior_test_file
Machine             : Linux cn039.delta.ncsa.illinois.edu
TestID              : 0
StartTime           : Thu Mar 26 00:53:00 2026
Path                : /work/hdd/bdau/mbanisharifdehkordi/bench_scratch/iterative
FS                  : 1.5 TiB   Used FS: 22.8%   Inodes: 2.4 Mi   Used Inodes: 67.7%

Options: 
api                 : MPIIO
apiVersion          : (3.1)
test filename       : /work/hdd/bdau/mbanisharifdehkordi/bench_scratch/iterative/ior_test_file
access              : file-per-process
type                : collective
segments            : 4
ordering in a file  : sequential
ordering inter file : no tasks offsets
nodes               : 1
tasks               : 16
clients per node    : 16
repetitions         : 1
xfersize            : 4 MiB
blocksize           : 1 GiB
aggregate filesize  : 64 GiB

Results: 

access    bw(MiB/s)  IOPS       Latency(s)  block(KiB) xfer(KiB)  open(s)    wr/rd(s)   close(s)   total(s)   iter
------    ---------  ----       ----------  ---------- ---------  --------   --------   --------   --------   ----
write     3417.37    855.20     0.071718    1048576    4096       0.086774   19.16      1.69       19.18      0   
read      19628      4930       0.012931    1048576    4096       0.016354   3.32       2.50       3.34       0   
remove    -          -          -           -          -          -          -          -          10.24      0   
Max Write: 3417.37 MiB/sec (3583.37 MB/sec)
Max Read:  19628.36 MiB/sec (20581.83 MB/sec)

Summary of all tests:
Operation   Max(MiB)   Min(MiB)  Mean(MiB)     StdDev   Max(OPs)   Min(OPs)  Mean(OPs)     StdDev    Mean(s) Stonewall(s) Stonewall(MiB) Test# #Tasks tPN reps fPP reord reordoff reordrand seed segcnt   blksiz    xsize aggs(MiB)   API RefNum
write        3417.37    3417.37    3417.37       0.00     854.34     854.34     854.34       0.00   19.17732         NA            NA     0     16  16    1   1     0        1         0    0      4 1073741824  4194304   65536.0 MPIIO      0
read        19628.36   19628.36   19628.36       0.00    4907.09    4907.09    4907.09       0.00    3.33884         NA            NA     0     16  16    1   1     0        1         0    0      4 1073741824  4194304   65536.0 MPIIO      0
Finished            : Thu Mar 26 00:53:34 2026

Exit code: 0
Completed: Thu Mar 26 00:53:34 CDT 2026
Darshan log: /work/hdd/bdau/mbanisharifdehkordi/SC_2026/data/benchmark_logs/iterative/mbanisha_ior_id17003912-3693349_3-26-3180-10736709020705066263_1.darshan
