============================================================
Track C Iterative Optimization - Benchmark Execution
Job: iter_ior_random_access_r0_i1
Command: ior -a MPIIO -t 1048576 -b 104857600 -s 10 -e -C -w -r -c -o /work/hdd/bdau/mbanisharifdehkordi/bench_scratch/iterative/ior_test_file
Date: Thu Mar 26 13:47:52 CDT 2026
Host: cn038.delta.ncsa.illinois.edu
============================================================
IOR-3.3.0: MPI Coordinated Test of Parallel I/O
Began               : Thu Mar 26 13:47:53 2026
Command line        : /sw/rh9.4/spack/v1.0.0/sw/linux-x86_64_v2/ior-3.3.0-oznn4mz/bin/ior -a MPIIO -t 1048576 -b 104857600 -s 10 -e -C -w -r -c -o /work/hdd/bdau/mbanisharifdehkordi/bench_scratch/iterative/ior_test_file
Machine             : Linux cn038.delta.ncsa.illinois.edu
TestID              : 0
StartTime           : Thu Mar 26 13:47:53 2026
Path                : /work/hdd/bdau/mbanisharifdehkordi/bench_scratch/iterative
FS                  : 1.5 TiB   Used FS: 23.0%   Inodes: 2.4 Mi   Used Inodes: 74.8%

Options: 
api                 : MPIIO
apiVersion          : (3.1)
test filename       : /work/hdd/bdau/mbanisharifdehkordi/bench_scratch/iterative/ior_test_file
access              : single-shared-file
type                : collective
segments            : 10
ordering in a file  : sequential
ordering inter file : constant task offset
task offset         : 1
nodes               : 1
tasks               : 16
clients per node    : 16
repetitions         : 1
xfersize            : 1 MiB
blocksize           : 100 MiB
aggregate filesize  : 15.62 GiB

Results: 

access    bw(MiB/s)  IOPS       Latency(s)  block(KiB) xfer(KiB)  open(s)    wr/rd(s)   close(s)   total(s)   iter
------    ---------  ----       ----------  ---------- ---------  --------   --------   --------   --------   ----
write     640.36     641.80     0.249208    102400     1024.00    0.055129   24.93      0.010091   24.99      0   
read      1115.67    1116.13    0.143320    102400     1024.00    0.005495   14.34      0.003781   14.34      0   
remove    -          -          -           -          -          -          -          -          4.35       0   
Max Write: 640.36 MiB/sec (671.47 MB/sec)
Max Read:  1115.67 MiB/sec (1169.87 MB/sec)

Summary of all tests:
Operation   Max(MiB)   Min(MiB)  Mean(MiB)     StdDev   Max(OPs)   Min(OPs)  Mean(OPs)     StdDev    Mean(s) Stonewall(s) Stonewall(MiB) Test# #Tasks tPN reps fPP reord reordoff reordrand seed segcnt   blksiz    xsize aggs(MiB)   API RefNum
write         640.36     640.36     640.36       0.00     640.36     640.36     640.36       0.00   24.98577         NA            NA     0     16  16    1   0     1        1         0    0     10 104857600  1048576   16000.0 MPIIO      0
read         1115.67    1115.67    1115.67       0.00    1115.67    1115.67    1115.67       0.00   14.34110         NA            NA     0     16  16    1   0     1        1         0    0     10 104857600  1048576   16000.0 MPIIO      0
Finished            : Thu Mar 26 13:48:37 2026

Exit code: 0
Completed: Thu Mar 26 13:48:38 CDT 2026
Darshan log: /work/hdd/bdau/mbanisharifdehkordi/SC_2026/data/benchmark_logs/iterative/mbanisha_ior_id17009235-70276_3-26-49673-1968703944481261409_1.darshan
