============================================================
Track C Iterative Optimization - Benchmark Execution
Job: iter_ior_fsync_heavy_r4_baseline
Command: ior -a POSIX -t 65536 -b 104857600 -s 10 -F -e -C -Y -w -r -o /work/hdd/bdau/mbanisharifdehkordi/bench_scratch/iterative/ior_test_file
Date: Wed Mar 25 21:28:48 CDT 2026
Host: cn054.delta.ncsa.illinois.edu
============================================================
IOR-3.3.0: MPI Coordinated Test of Parallel I/O
Began               : Wed Mar 25 21:28:48 2026
Command line        : /sw/rh9.4/spack/v1.0.0/sw/linux-x86_64_v2/ior-3.3.0-oznn4mz/bin/ior -a POSIX -t 65536 -b 104857600 -s 10 -F -e -C -Y -w -r -o /work/hdd/bdau/mbanisharifdehkordi/bench_scratch/iterative/ior_test_file
Machine             : Linux cn054.delta.ncsa.illinois.edu
TestID              : 0
StartTime           : Wed Mar 25 21:28:48 2026
Path                : /work/hdd/bdau/mbanisharifdehkordi/bench_scratch/iterative
FS                  : 1.5 TiB   Used FS: 22.8%   Inodes: 2.4 Mi   Used Inodes: 67.7%

Options: 
api                 : POSIX
apiVersion          : 
test filename       : /work/hdd/bdau/mbanisharifdehkordi/bench_scratch/iterative/ior_test_file
access              : file-per-process
type                : independent
segments            : 10
ordering in a file  : sequential
ordering inter file : constant task offset
task offset         : 1
nodes               : 1
tasks               : 16
clients per node    : 16
repetitions         : 1
xfersize            : 65536 bytes
blocksize           : 100 MiB
aggregate filesize  : 15.62 GiB

Results: 

access    bw(MiB/s)  IOPS       Latency(s)  block(KiB) xfer(KiB)  open(s)    wr/rd(s)   close(s)   total(s)   iter
------    ---------  ----       ----------  ---------- ---------  --------   --------   --------   --------   ----
write     46.26      740.09     0.057250    102400     64.00      0.005585   345.90     262.64     345.91     0   
read      32135      514965     0.000151    102400     64.00      0.002538   0.497121   0.310651   0.497902   0   
remove    -          -          -           -          -          -          -          -          2.33       0   
Max Write: 46.26 MiB/sec (48.50 MB/sec)
Max Read:  32134.84 MiB/sec (33695.82 MB/sec)

Summary of all tests:
Operation   Max(MiB)   Min(MiB)  Mean(MiB)     StdDev   Max(OPs)   Min(OPs)  Mean(OPs)     StdDev    Mean(s) Stonewall(s) Stonewall(MiB) Test# #Tasks tPN reps fPP reord reordoff reordrand seed segcnt   blksiz    xsize aggs(MiB)   API RefNum
write          46.26      46.26      46.26       0.00     740.09     740.09     740.09       0.00  345.90513         NA            NA     0     16  16    1   1     1        1         0    0     10 104857600    65536   16000.0 POSIX      0
read        32134.84   32134.84   32134.84       0.00  514157.38  514157.38  514157.38       0.00    0.49790         NA            NA     0     16  16    1   1     1        1         0    0     10 104857600    65536   16000.0 POSIX      0
Finished            : Wed Mar 25 21:34:37 2026

Exit code: 0
Completed: Wed Mar 25 21:34:37 CDT 2026
Darshan log: /work/hdd/bdau/mbanisharifdehkordi/SC_2026/data/benchmark_logs/iterative/mbanisha_ior_id17002858-2410091_3-25-77328-14305399192862237623_1.darshan
