============================================================
Track C Iterative Optimization - Benchmark Execution
Job: iter_ior_small_posix_r2_i2
Command: ior -a MPIIO -t 1048576 -b 1048576 -s 100 -F -e -C -w -r -o /work/hdd/bdau/mbanisharifdehkordi/bench_scratch/iterative/ior_test_file
Date: Wed Mar 25 17:43:33 CDT 2026
Host: cn052.delta.ncsa.illinois.edu
============================================================
IOR-3.3.0: MPI Coordinated Test of Parallel I/O
Began               : Wed Mar 25 17:43:34 2026
Command line        : /sw/rh9.4/spack/v1.0.0/sw/linux-x86_64_v2/ior-3.3.0-oznn4mz/bin/ior -a MPIIO -t 1048576 -b 1048576 -s 100 -F -e -C -w -r -o /work/hdd/bdau/mbanisharifdehkordi/bench_scratch/iterative/ior_test_file
Machine             : Linux cn052.delta.ncsa.illinois.edu
TestID              : 0
StartTime           : Wed Mar 25 17:43:34 2026
Path                : /work/hdd/bdau/mbanisharifdehkordi/bench_scratch/iterative
FS                  : 1.5 TiB   Used FS: 22.8%   Inodes: 2.4 Mi   Used Inodes: 67.7%

Options: 
api                 : MPIIO
apiVersion          : (3.1)
test filename       : /work/hdd/bdau/mbanisharifdehkordi/bench_scratch/iterative/ior_test_file
access              : file-per-process
type                : independent
segments            : 100
ordering in a file  : sequential
ordering inter file : constant task offset
task offset         : 1
nodes               : 1
tasks               : 16
clients per node    : 16
repetitions         : 1
xfersize            : 1 MiB
blocksize           : 1 MiB
aggregate filesize  : 1.56 GiB

Results: 

access    bw(MiB/s)  IOPS       Latency(s)  block(KiB) xfer(KiB)  open(s)    wr/rd(s)   close(s)   total(s)   iter
------    ---------  ----       ----------  ---------- ---------  --------   --------   --------   --------   ----
write     2496.79    2518.56    0.531912    1024.00    1024.00    0.047090   0.635285   0.131298   0.640823   0   
read      16422      16693      0.091055    1024.00    1024.00    0.001951   0.095849   0.048465   0.097430   0   
remove    -          -          -           -          -          -          -          -          0.257612   0   
Max Write: 2496.79 MiB/sec (2618.07 MB/sec)
Max Read:  16421.97 MiB/sec (17219.68 MB/sec)

Summary of all tests:
Operation   Max(MiB)   Min(MiB)  Mean(MiB)     StdDev   Max(OPs)   Min(OPs)  Mean(OPs)     StdDev    Mean(s) Stonewall(s) Stonewall(MiB) Test# #Tasks tPN reps fPP reord reordoff reordrand seed segcnt   blksiz    xsize aggs(MiB)   API RefNum
write        2496.79    2496.79    2496.79       0.00    2496.79    2496.79    2496.79       0.00    0.64082         NA            NA     0     16  16    1   1     1        1         0    0    100  1048576  1048576    1600.0 MPIIO      0
read        16421.97   16421.97   16421.97       0.00   16421.97   16421.97   16421.97       0.00    0.09743         NA            NA     0     16  16    1   1     1        1         0    0    100  1048576  1048576    1600.0 MPIIO      0
Finished            : Wed Mar 25 17:43:35 2026

Exit code: 0
Completed: Wed Mar 25 17:43:35 CDT 2026
Darshan log: /work/hdd/bdau/mbanisharifdehkordi/SC_2026/data/benchmark_logs/iterative/mbanisha_ior_id17001041-484309_3-25-63814-267263875542759973_1.darshan
