============================================================
IOSage Iterative Optimization - Benchmark Execution
Job: iter_ior_interface_shared_r0_llama_baseline
Command: ior -a POSIX -t 1048576 -b 104857600 -s 10 -e -C -w -r -o /work/hdd/bdau/mbanisharifdehkordi/bench_scratch/iterative/iter_ior_interface_shared_r0_llama_baseline/ior_test_file
Date: Mon Apr  6 01:23:21 CDT 2026
Host: cn095.delta.ncsa.illinois.edu
============================================================
IOR-3.3.0: MPI Coordinated Test of Parallel I/O
Began               : Mon Apr  6 01:23:22 2026
Command line        : /sw/rh9.4/spack/v1.0.0/sw/linux-x86_64_v2/ior-3.3.0-oznn4mz/bin/ior -a POSIX -t 1048576 -b 104857600 -s 10 -e -C -w -r -o /work/hdd/bdau/mbanisharifdehkordi/bench_scratch/iterative/iter_ior_interface_shared_r0_llama_baseline/ior_test_file
Machine             : Linux cn095.delta.ncsa.illinois.edu
TestID              : 0
StartTime           : Mon Apr  6 01:23:22 2026
Path                : /work/hdd/bdau/mbanisharifdehkordi/bench_scratch/iterative/iter_ior_interface_shared_r0_llama_baseline
FS                  : 1.5 TiB   Used FS: 34.6%   Inodes: 2.4 Mi   Used Inodes: 71.5%

Options: 
api                 : POSIX
apiVersion          : 
test filename       : /work/hdd/bdau/mbanisharifdehkordi/bench_scratch/iterative/iter_ior_interface_shared_r0_llama_baseline/ior_test_file
access              : single-shared-file
type                : independent
segments            : 10
ordering in a file  : sequential
ordering inter file : constant task offset
task offset         : 1
nodes               : 1
tasks               : 16
clients per node    : 16
repetitions         : 1
xfersize            : 1 MiB
blocksize           : 100 MiB
aggregate filesize  : 15.62 GiB

Results: 

access    bw(MiB/s)  IOPS       Latency(s)  block(KiB) xfer(KiB)  open(s)    wr/rd(s)   close(s)   total(s)   iter
------    ---------  ----       ----------  ---------- ---------  --------   --------   --------   --------   ----
write     355.19     355.29     0.450211    102400     1024.00    0.000727   45.03      0.025070   45.05      0   
read      8055       8060       0.017393    102400     1024.00    0.003385   1.99       0.327782   1.99       0   
remove    -          -          -           -          -          -          -          -          5.00       0   
Max Write: 355.19 MiB/sec (372.44 MB/sec)
Max Read:  8054.93 MiB/sec (8446.21 MB/sec)

Summary of all tests:
Operation   Max(MiB)   Min(MiB)  Mean(MiB)     StdDev   Max(OPs)   Min(OPs)  Mean(OPs)     StdDev    Mean(s) Stonewall(s) Stonewall(MiB) Test# #Tasks tPN reps fPP reord reordoff reordrand seed segcnt   blksiz    xsize aggs(MiB)   API RefNum
write         355.19     355.19     355.19       0.00     355.19     355.19     355.19       0.00   45.04673         NA            NA     0     16  16    1   0     1        1         0    0     10 104857600  1048576   16000.0 POSIX      0
read         8054.93    8054.93    8054.93       0.00    8054.93    8054.93    8054.93       0.00    1.98636         NA            NA     0     16  16    1   0     1        1         0    0     10 104857600  1048576   16000.0 POSIX      0
Finished            : Mon Apr  6 01:24:14 2026

Exit code: 0
Completed: Mon Apr  6 01:24:14 CDT 2026
Darshan log: /work/hdd/bdau/mbanisharifdehkordi/SC_2026/data/benchmark_logs/iterative/mbanisha_ior_id17318792-3022348_4-6-5002-17016768681945077327_1.darshan
