============================================================
Track C Iterative Optimization - Benchmark Execution
Job: iter_ior_small_posix_r0_i2
Command: ior -a MPIIO -t 1048576 -b 1048576 -s 100 -e -C -w -r -c -o /work/hdd/bdau/mbanisharifdehkordi/bench_scratch/iterative/iter_ior_small_posix_r0_i2/ior_test_file
Date: Thu Mar 26 14:10:07 CDT 2026
Host: cn093.delta.ncsa.illinois.edu
============================================================
IOR-3.3.0: MPI Coordinated Test of Parallel I/O
Began               : Thu Mar 26 14:10:07 2026
Command line        : /sw/rh9.4/spack/v1.0.0/sw/linux-x86_64_v2/ior-3.3.0-oznn4mz/bin/ior -a MPIIO -t 1048576 -b 1048576 -s 100 -e -C -w -r -c -o /work/hdd/bdau/mbanisharifdehkordi/bench_scratch/iterative/iter_ior_small_posix_r0_i2/ior_test_file
Machine             : Linux cn093.delta.ncsa.illinois.edu
TestID              : 0
StartTime           : Thu Mar 26 14:10:07 2026
Path                : /work/hdd/bdau/mbanisharifdehkordi/bench_scratch/iterative/iter_ior_small_posix_r0_i2
FS                  : 1.5 TiB   Used FS: 23.6%   Inodes: 2.4 Mi   Used Inodes: 68.4%

Options: 
api                 : MPIIO
apiVersion          : (3.1)
test filename       : /work/hdd/bdau/mbanisharifdehkordi/bench_scratch/iterative/iter_ior_small_posix_r0_i2/ior_test_file
access              : single-shared-file
type                : collective
segments            : 100
ordering in a file  : sequential
ordering inter file : constant task offset
task offset         : 1
nodes               : 1
tasks               : 16
clients per node    : 16
repetitions         : 1
xfersize            : 1 MiB
blocksize           : 1 MiB
aggregate filesize  : 1.56 GiB

Results: 

access    bw(MiB/s)  IOPS       Latency(s)  block(KiB) xfer(KiB)  open(s)    wr/rd(s)   close(s)   total(s)   iter
------    ---------  ----       ----------  ---------- ---------  --------   --------   --------   --------   ----
write     723.43     728.54     2.18        1024.00    1024.00    0.026706   2.20       0.013597   2.21       0   
read      5699       5831       0.261297    1024.00    1024.00    0.018823   0.274406   0.014853   0.280740   0   
remove    -          -          -           -          -          -          -          -          0.807346   0   
Max Write: 723.43 MiB/sec (758.57 MB/sec)
Max Read:  5699.22 MiB/sec (5976.07 MB/sec)

Summary of all tests:
Operation   Max(MiB)   Min(MiB)  Mean(MiB)     StdDev   Max(OPs)   Min(OPs)  Mean(OPs)     StdDev    Mean(s) Stonewall(s) Stonewall(MiB) Test# #Tasks tPN reps fPP reord reordoff reordrand seed segcnt   blksiz    xsize aggs(MiB)   API RefNum
write         723.43     723.43     723.43       0.00     723.43     723.43     723.43       0.00    2.21169         NA            NA     0     16  16    1   0     1        1         0    0    100  1048576  1048576    1600.0 MPIIO      0
read         5699.22    5699.22    5699.22       0.00    5699.22    5699.22    5699.22       0.00    0.28074         NA            NA     0     16  16    1   0     1        1         0    0    100  1048576  1048576    1600.0 MPIIO      0
Finished            : Thu Mar 26 14:10:12 2026

Exit code: 0
Completed: Thu Mar 26 14:10:12 CDT 2026
Darshan log: /work/hdd/bdau/mbanisharifdehkordi/SC_2026/data/benchmark_logs/iterative/mbanisha_ior_id17009543-128408_3-26-51007-2043868403306697310_1.darshan
