============================================================
Track C Iterative Optimization - Benchmark Execution
Job: iter_ior_small_posix_r0_baseline
Command: ior -a POSIX -t 64 -b 1048576 -s 100 -F -e -C -w -r -o /work/hdd/bdau/mbanisharifdehkordi/bench_scratch/iterative/ior_test_file
Date: Wed Mar 25 18:42:13 CDT 2026
Host: cn014.delta.ncsa.illinois.edu
============================================================
IOR-3.3.0: MPI Coordinated Test of Parallel I/O
Began               : Wed Mar 25 18:42:14 2026
Command line        : /sw/rh9.4/spack/v1.0.0/sw/linux-x86_64_v2/ior-3.3.0-oznn4mz/bin/ior -a POSIX -t 64 -b 1048576 -s 100 -F -e -C -w -r -o /work/hdd/bdau/mbanisharifdehkordi/bench_scratch/iterative/ior_test_file
Machine             : Linux cn014.delta.ncsa.illinois.edu
TestID              : 0
StartTime           : Wed Mar 25 18:42:14 2026
Path                : /work/hdd/bdau/mbanisharifdehkordi/bench_scratch/iterative
FS                  : 1.5 TiB   Used FS: 22.8%   Inodes: 2.4 Mi   Used Inodes: 67.7%

Options: 
api                 : POSIX
apiVersion          : 
test filename       : /work/hdd/bdau/mbanisharifdehkordi/bench_scratch/iterative/ior_test_file
access              : file-per-process
type                : independent
segments            : 100
ordering in a file  : sequential
ordering inter file : constant task offset
task offset         : 1
nodes               : 1
tasks               : 16
clients per node    : 16
repetitions         : 1
xfersize            : 64 bytes
blocksize           : 1 MiB
aggregate filesize  : 1.56 GiB

Results: 

access    bw(MiB/s)  IOPS       Latency(s)  block(KiB) xfer(KiB)  open(s)    wr/rd(s)   close(s)   total(s)   iter
------    ---------  ----       ----------  ---------- ---------  --------   --------   --------   --------   ----
write     278.81     4570263    0.000309    1024.00    0.062500   0.013033   5.74       0.703115   5.74       0   
read      320.95     5259607    0.000273    1024.00    0.062500   0.002811   4.98       0.600613   4.99       0   
remove    -          -          -           -          -          -          -          -          0.365922   0   
Max Write: 278.81 MiB/sec (292.36 MB/sec)
Max Read:  320.95 MiB/sec (336.54 MB/sec)

Summary of all tests:
Operation   Max(MiB)   Min(MiB)  Mean(MiB)     StdDev   Max(OPs)   Min(OPs)  Mean(OPs)     StdDev    Mean(s) Stonewall(s) Stonewall(MiB) Test# #Tasks tPN reps fPP reord reordoff reordrand seed segcnt   blksiz    xsize aggs(MiB)   API RefNum
write         278.81     278.81     278.81       0.00 4568074.23 4568074.23 4568074.23       0.00    5.73861         NA            NA     0     16  16    1   1     1        1         0    0    100  1048576       64    1600.0 POSIX      0
read          320.95     320.95     320.95       0.00 5258389.87 5258389.87 5258389.87       0.00    4.98525         NA            NA     0     16  16    1   1     1        1         0    0    100  1048576       64    1600.0 POSIX      0
Finished            : Wed Mar 25 18:42:26 2026

Exit code: 0
Completed: Wed Mar 25 18:42:26 CDT 2026
Darshan log: /work/hdd/bdau/mbanisharifdehkordi/SC_2026/data/benchmark_logs/iterative/mbanisha_ior_id17001329-3956022_3-25-67334-5535914419081329065_1.darshan
