============================================================
IOSage Iterative Optimization - Benchmark Execution
Job: iter_ior_fsync_heavy_r0_llama_i0
Command: ior -a POSIX -t 1048576 -b 104857600 -s 10 -F -e -C -Y -w -r -o /work/hdd/bdau/mbanisharifdehkordi/bench_scratch/iterative/iter_ior_fsync_heavy_r0_llama_i0/ior_test_file
Date: Mon Apr  6 01:28:59 CDT 2026
Host: cn102.delta.ncsa.illinois.edu
============================================================
IOR-3.3.0: MPI Coordinated Test of Parallel I/O
Began               : Mon Apr  6 01:28:59 2026
Command line        : /sw/rh9.4/spack/v1.0.0/sw/linux-x86_64_v2/ior-3.3.0-oznn4mz/bin/ior -a POSIX -t 1048576 -b 104857600 -s 10 -F -e -C -Y -w -r -o /work/hdd/bdau/mbanisharifdehkordi/bench_scratch/iterative/iter_ior_fsync_heavy_r0_llama_i0/ior_test_file
Machine             : Linux cn102.delta.ncsa.illinois.edu
TestID              : 0
StartTime           : Mon Apr  6 01:28:59 2026
Path                : /work/hdd/bdau/mbanisharifdehkordi/bench_scratch/iterative/iter_ior_fsync_heavy_r0_llama_i0
FS                  : 1.5 TiB   Used FS: 43.4%   Inodes: 2.4 Mi   Used Inodes: 86.4%

Options: 
api                 : POSIX
apiVersion          : 
test filename       : /work/hdd/bdau/mbanisharifdehkordi/bench_scratch/iterative/iter_ior_fsync_heavy_r0_llama_i0/ior_test_file
access              : file-per-process
type                : independent
segments            : 10
ordering in a file  : sequential
ordering inter file : constant task offset
task offset         : 1
nodes               : 1
tasks               : 16
clients per node    : 16
repetitions         : 1
xfersize            : 1 MiB
blocksize           : 100 MiB
aggregate filesize  : 15.62 GiB

Results: 

access    bw(MiB/s)  IOPS       Latency(s)  block(KiB) xfer(KiB)  open(s)    wr/rd(s)   close(s)   total(s)   iter
------    ---------  ----       ----------  ---------- ---------  --------   --------   --------   --------   ----
write     90.83      90.83      1.71        102400     1024.00    0.005349   176.15     139.50     176.16     0   
read      5328       5362       0.002623    102400     1024.00    0.011531   2.98       2.74       3.00       0   
remove    -          -          -           -          -          -          -          -          2.51       0   
Max Write: 90.83 MiB/sec (95.24 MB/sec)
Max Read:  5327.94 MiB/sec (5586.75 MB/sec)

Summary of all tests:
Operation   Max(MiB)   Min(MiB)  Mean(MiB)     StdDev   Max(OPs)   Min(OPs)  Mean(OPs)     StdDev    Mean(s) Stonewall(s) Stonewall(MiB) Test# #Tasks tPN reps fPP reord reordoff reordrand seed segcnt   blksiz    xsize aggs(MiB)   API RefNum
write          90.83      90.83      90.83       0.00      90.83      90.83      90.83       0.00  176.15632         NA            NA     0     16  16    1   1     1        1         0    0     10 104857600  1048576   16000.0 POSIX      0
read         5327.94    5327.94    5327.94       0.00    5327.94    5327.94    5327.94       0.00    3.00304         NA            NA     0     16  16    1   1     1        1         0    0     10 104857600  1048576   16000.0 POSIX      0
Finished            : Mon Apr  6 01:32:01 2026

Exit code: 0
Completed: Mon Apr  6 01:32:03 CDT 2026
Darshan log: /work/hdd/bdau/mbanisharifdehkordi/SC_2026/data/benchmark_logs/iterative/mbanisha_ior_id17318926-2503491_4-6-5339-4641402165370336321_2.darshan
