============================================================
Track C Iterative Optimization - Benchmark Execution
Job: iter_ior_interface_shared_r0_baseline
Command: ior -a POSIX -t 1048576 -b 104857600 -s 10 -e -C -w -r -o /work/hdd/bdau/mbanisharifdehkordi/bench_scratch/iterative/ior_test_file
Date: Thu Mar 26 00:33:43 CDT 2026
Host: cn055.delta.ncsa.illinois.edu
============================================================
IOR-3.3.0: MPI Coordinated Test of Parallel I/O
Began               : Thu Mar 26 00:33:44 2026
Command line        : /sw/rh9.4/spack/v1.0.0/sw/linux-x86_64_v2/ior-3.3.0-oznn4mz/bin/ior -a POSIX -t 1048576 -b 104857600 -s 10 -e -C -w -r -o /work/hdd/bdau/mbanisharifdehkordi/bench_scratch/iterative/ior_test_file
Machine             : Linux cn055.delta.ncsa.illinois.edu
TestID              : 0
StartTime           : Thu Mar 26 00:33:44 2026
Path                : /work/hdd/bdau/mbanisharifdehkordi/bench_scratch/iterative
FS                  : 1.5 TiB   Used FS: 22.8%   Inodes: 2.4 Mi   Used Inodes: 67.7%

Options: 
api                 : POSIX
apiVersion          : 
test filename       : /work/hdd/bdau/mbanisharifdehkordi/bench_scratch/iterative/ior_test_file
access              : single-shared-file
type                : independent
segments            : 10
ordering in a file  : sequential
ordering inter file : constant task offset
task offset         : 1
nodes               : 1
tasks               : 16
clients per node    : 16
repetitions         : 1
xfersize            : 1 MiB
blocksize           : 100 MiB
aggregate filesize  : 15.62 GiB

Results: 

access    bw(MiB/s)  IOPS       Latency(s)  block(KiB) xfer(KiB)  open(s)    wr/rd(s)   close(s)   total(s)   iter
------    ---------  ----       ----------  ---------- ---------  --------   --------   --------   --------   ----
write     773.68     773.78     0.206648    102400     1024.00    0.014945   20.68      0.013809   20.68      0   
read      6702       6708       0.020105    102400     1024.00    0.016203   2.39       0.361490   2.39       0   
remove    -          -          -           -          -          -          -          -          5.07       0   
Max Write: 773.68 MiB/sec (811.26 MB/sec)
Max Read:  6702.12 MiB/sec (7027.68 MB/sec)

Summary of all tests:
Operation   Max(MiB)   Min(MiB)  Mean(MiB)     StdDev   Max(OPs)   Min(OPs)  Mean(OPs)     StdDev    Mean(s) Stonewall(s) Stonewall(MiB) Test# #Tasks tPN reps fPP reord reordoff reordrand seed segcnt   blksiz    xsize aggs(MiB)   API RefNum
write         773.68     773.68     773.68       0.00     773.68     773.68     773.68       0.00   20.68035         NA            NA     0     16  16    1   0     1        1         0    0     10 104857600  1048576   16000.0 POSIX      0
read         6702.12    6702.12    6702.12       0.00    6702.12    6702.12    6702.12       0.00    2.38731         NA            NA     0     16  16    1   0     1        1         0    0     10 104857600  1048576   16000.0 POSIX      0
Finished            : Thu Mar 26 00:34:12 2026

Exit code: 0
Completed: Thu Mar 26 00:34:12 CDT 2026
Darshan log: /work/hdd/bdau/mbanisharifdehkordi/SC_2026/data/benchmark_logs/iterative/mbanisha_ior_id17003824-1476103_3-26-2023-904324389029281813_1.darshan
