MPICH ERROR [Rank 4] [job id 17009430.0] [Thu Mar 26 14:08:52 2026] [cn040.delta.ncsa.illinois.edu] - Abort(-1) (rank 4 in comm 0): application called MPI_Abort(MPI_COMM_WORLD, -1) - process 4

aborting job:
application called MPI_Abort(MPI_COMM_WORLD, -1) - process 4
srun: error: cn040: task 4: Exited with exit code 255
MPICH ERROR [Rank 14] [job id 17009430.0] [Thu Mar 26 14:08:53 2026] [cn040.delta.ncsa.illinois.edu] - Abort(-1) (rank 14 in comm 0): application called MPI_Abort(MPI_COMM_WORLD, -1) - process 14

aborting job:
application called MPI_Abort(MPI_COMM_WORLD, -1) - process 14
MPICH ERROR [Rank 2] [job id 17009430.0] [Thu Mar 26 14:08:53 2026] [cn040.delta.ncsa.illinois.edu] - Abort(-1) (rank 2 in comm 0): application called MPI_Abort(MPI_COMM_WORLD, -1) - process 2

aborting job:
application called MPI_Abort(MPI_COMM_WORLD, -1) - process 2
MPICH ERROR [Rank 6] [job id 17009430.0] [Thu Mar 26 14:08:53 2026] [cn040.delta.ncsa.illinois.edu] - Abort(-1) (rank 6 in comm 0): application called MPI_Abort(MPI_COMM_WORLD, -1) - process 6

aborting job:
application called MPI_Abort(MPI_COMM_WORLD, -1) - process 6
MPICH ERROR [Rank 11] [job id 17009430.0] [Thu Mar 26 14:08:53 2026] [cn040.delta.ncsa.illinois.edu] - Abort(-1) (rank 11 in comm 0): application called MPI_Abort(MPI_COMM_WORLD, -1) - process 11

aborting job:
application called MPI_Abort(MPI_COMM_WORLD, -1) - process 11
MPICH ERROR [Rank 0] [job id 17009430.0] [Thu Mar 26 14:08:53 2026] [cn040.delta.ncsa.illinois.edu] - Abort(-1) (rank 0 in comm 0): application called MPI_Abort(MPI_COMM_WORLD, -1) - process 0

aborting job:
application called MPI_Abort(MPI_COMM_WORLD, -1) - process 0
MPICH ERROR [Rank 3] [job id 17009430.0] [Thu Mar 26 14:08:53 2026] [cn040.delta.ncsa.illinois.edu] - Abort(-1) (rank 3 in comm 0): application called MPI_Abort(MPI_COMM_WORLD, -1) - process 3

aborting job:
application called MPI_Abort(MPI_COMM_WORLD, -1) - process 3
srun: error: cn040: tasks 0,2,6,11,14: Exited with exit code 255
MPICH ERROR [Rank 7] [job id 17009430.0] [Thu Mar 26 14:08:53 2026] [cn040.delta.ncsa.illinois.edu] - Abort(-1) (rank 7 in comm 0): application called MPI_Abort(MPI_COMM_WORLD, -1) - process 7

aborting job:
application called MPI_Abort(MPI_COMM_WORLD, -1) - process 7
MPICH ERROR [Rank 10] [job id 17009430.0] [Thu Mar 26 14:08:53 2026] [cn040.delta.ncsa.illinois.edu] - Abort(-1) (rank 10 in comm 0): application called MPI_Abort(MPI_COMM_WORLD, -1) - process 10

aborting job:
application called MPI_Abort(MPI_COMM_WORLD, -1) - process 10
MPICH ERROR [Rank 15] [job id 17009430.0] [Thu Mar 26 14:08:53 2026] [cn040.delta.ncsa.illinois.edu] - Abort(-1) (rank 15 in comm 0): application called MPI_Abort(MPI_COMM_WORLD, -1) - process 15

aborting job:
application called MPI_Abort(MPI_COMM_WORLD, -1) - process 15
MPICH ERROR [Rank 13] [job id 17009430.0] [Thu Mar 26 14:08:53 2026] [cn040.delta.ncsa.illinois.edu] - Abort(-1) (rank 13 in comm 0): application called MPI_Abort(MPI_COMM_WORLD, -1) - process 13

aborting job:
application called MPI_Abort(MPI_COMM_WORLD, -1) - process 13
MPICH ERROR [Rank 1] [job id 17009430.0] [Thu Mar 26 14:08:53 2026] [cn040.delta.ncsa.illinois.edu] - Abort(-1) (rank 1 in comm 0): application called MPI_Abort(MPI_COMM_WORLD, -1) - process 1

aborting job:
application called MPI_Abort(MPI_COMM_WORLD, -1) - process 1
srun: error: cn040: tasks 1,3,7,10,13,15: Exited with exit code 255
MPICH ERROR [Rank 9] [job id 17009430.0] [Thu Mar 26 14:08:53 2026] [cn040.delta.ncsa.illinois.edu] - Abort(-1) (rank 9 in comm 0): application called MPI_Abort(MPI_COMM_WORLD, -1) - process 9

aborting job:
application called MPI_Abort(MPI_COMM_WORLD, -1) - process 9
srun: error: cn040: task 9: Exited with exit code 255
MPICH ERROR [Rank 12] [job id 17009430.0] [Thu Mar 26 14:08:54 2026] [cn040.delta.ncsa.illinois.edu] - Abort(-1) (rank 12 in comm 0): application called MPI_Abort(MPI_COMM_WORLD, -1) - process 12

aborting job:
application called MPI_Abort(MPI_COMM_WORLD, -1) - process 12
srun: error: cn040: task 12: Exited with exit code 255
MPICH ERROR [Rank 8] [job id 17009430.0] [Thu Mar 26 14:08:54 2026] [cn040.delta.ncsa.illinois.edu] - Abort(-1) (rank 8 in comm 0): application called MPI_Abort(MPI_COMM_WORLD, -1) - process 8

aborting job:
application called MPI_Abort(MPI_COMM_WORLD, -1) - process 8
srun: error: cn040: task 8: Exited with exit code 255
srun: Job step aborted: Waiting up to 32 seconds for job step to finish.
[2026-03-26T14:32:50.725] error: *** STEP 17009430.0 ON cn040 CANCELLED AT 2026-03-26T14:32:50 DUE to SIGNAL Terminated ***
[2026-03-26T14:32:50.726] error: *** JOB 17009430 ON cn040 CANCELLED AT 2026-03-26T14:32:50 DUE to SIGNAL Terminated ***
srun: error: cn040: task 5: Terminated
