============================================================
Track C Iterative Optimization - Benchmark Execution
Job: iter_ior_random_access_r0_i1
Command: ior -a POSIX -t 2097152 -b 104857600 -s 10 -F -e -C -w -r -o /work/hdd/bdau/mbanisharifdehkordi/bench_scratch/iterative/ior_test_file
Date: Thu Mar 26 01:15:41 CDT 2026
Host: cn036.delta.ncsa.illinois.edu
============================================================
IOR-3.3.0: MPI Coordinated Test of Parallel I/O
Began               : Thu Mar 26 01:15:42 2026
Command line        : /sw/rh9.4/spack/v1.0.0/sw/linux-x86_64_v2/ior-3.3.0-oznn4mz/bin/ior -a POSIX -t 2097152 -b 104857600 -s 10 -F -e -C -w -r -o /work/hdd/bdau/mbanisharifdehkordi/bench_scratch/iterative/ior_test_file
Machine             : Linux cn036.delta.ncsa.illinois.edu
TestID              : 0
StartTime           : Thu Mar 26 01:15:42 2026
Path                : /work/hdd/bdau/mbanisharifdehkordi/bench_scratch/iterative
FS                  : 1.5 TiB   Used FS: 22.8%   Inodes: 2.4 Mi   Used Inodes: 68.3%

Options: 
api                 : POSIX
apiVersion          : 
test filename       : /work/hdd/bdau/mbanisharifdehkordi/bench_scratch/iterative/ior_test_file
access              : file-per-process
type                : independent
segments            : 10
ordering in a file  : sequential
ordering inter file : constant task offset
task offset         : 1
nodes               : 1
tasks               : 16
clients per node    : 16
repetitions         : 1
xfersize            : 2 MiB
blocksize           : 100 MiB
aggregate filesize  : 15.62 GiB

Results: 

access    bw(MiB/s)  IOPS       Latency(s)  block(KiB) xfer(KiB)  open(s)    wr/rd(s)   close(s)   total(s)   iter
------    ---------  ----       ----------  ---------- ---------  --------   --------   --------   --------   ----
write     2397.86    1199.31    0.127157    102400     2048.00    0.008549   6.67       0.387658   6.67       0   
read      16032      8081       0.003911    102400     2048.00    0.005397   0.990024   0.826027   0.998033   0   
remove    -          -          -           -          -          -          -          -          3.75       0   
Max Write: 2397.86 MiB/sec (2514.34 MB/sec)
Max Read:  16031.53 MiB/sec (16810.28 MB/sec)

Summary of all tests:
Operation   Max(MiB)   Min(MiB)  Mean(MiB)     StdDev   Max(OPs)   Min(OPs)  Mean(OPs)     StdDev    Mean(s) Stonewall(s) Stonewall(MiB) Test# #Tasks tPN reps fPP reord reordoff reordrand seed segcnt   blksiz    xsize aggs(MiB)   API RefNum
write        2397.86    2397.86    2397.86       0.00    1198.93    1198.93    1198.93       0.00    6.67262         NA            NA     0     16  16    1   1     1        1         0    0     10 104857600  2097152   16000.0 POSIX      0
read        16031.53   16031.53   16031.53       0.00    8015.76    8015.76    8015.76       0.00    0.99803         NA            NA     0     16  16    1   1     1        1         0    0     10 104857600  2097152   16000.0 POSIX      0
Finished            : Thu Mar 26 01:15:54 2026

Exit code: 0
Completed: Thu Mar 26 01:15:54 CDT 2026
Darshan log: /work/hdd/bdau/mbanisharifdehkordi/SC_2026/data/benchmark_logs/iterative/mbanisha_ior_id17003997-3639483_3-26-4542-63270617035567763_1.darshan
