============================================================
Track C Iterative Optimization - Benchmark Execution
Job: iter_ior_fsync_heavy_r0_i1
Command: ior -a POSIX -t 4194304 -b 104857600 -s 10 -F -e -C -w -r -o /work/hdd/bdau/mbanisharifdehkordi/bench_scratch/iterative/iter_ior_fsync_heavy_r0_i1/ior_test_file
Date: Wed Apr  1 03:07:24 CDT 2026
Host: cn094.delta.ncsa.illinois.edu
============================================================
IOR-3.3.0: MPI Coordinated Test of Parallel I/O
Began               : Wed Apr  1 03:07:25 2026
Command line        : /sw/rh9.4/spack/v1.0.0/sw/linux-x86_64_v2/ior-3.3.0-oznn4mz/bin/ior -a POSIX -t 4194304 -b 104857600 -s 10 -F -e -C -w -r -o /work/hdd/bdau/mbanisharifdehkordi/bench_scratch/iterative/iter_ior_fsync_heavy_r0_i1/ior_test_file
Machine             : Linux cn094.delta.ncsa.illinois.edu
TestID              : 0
StartTime           : Wed Apr  1 03:07:25 2026
Path                : /work/hdd/bdau/mbanisharifdehkordi/bench_scratch/iterative/iter_ior_fsync_heavy_r0_i1
FS                  : 1.5 TiB   Used FS: 23.0%   Inodes: 2.4 Mi   Used Inodes: 71.0%

Options: 
api                 : POSIX
apiVersion          : 
test filename       : /work/hdd/bdau/mbanisharifdehkordi/bench_scratch/iterative/iter_ior_fsync_heavy_r0_i1/ior_test_file
access              : file-per-process
type                : independent
segments            : 10
ordering in a file  : sequential
ordering inter file : constant task offset
task offset         : 1
nodes               : 1
tasks               : 16
clients per node    : 16
repetitions         : 1
xfersize            : 4 MiB
blocksize           : 100 MiB
aggregate filesize  : 15.62 GiB

Results: 

access    bw(MiB/s)  IOPS       Latency(s)  block(KiB) xfer(KiB)  open(s)    wr/rd(s)   close(s)   total(s)   iter
------    ---------  ----       ----------  ---------- ---------  --------   --------   --------   --------   ----
write     3363.49    841.05     0.171468    102400     4096       0.005252   4.76       1.81       4.76       0   
read      11517      2880.99    0.022096    102400     4096       0.000888   1.39       1.26       1.39       0   
remove    -          -          -           -          -          -          -          -          2.08       0   
Max Write: 3363.49 MiB/sec (3526.88 MB/sec)
Max Read:  11517.05 MiB/sec (12076.50 MB/sec)

Summary of all tests:
Operation   Max(MiB)   Min(MiB)  Mean(MiB)     StdDev   Max(OPs)   Min(OPs)  Mean(OPs)     StdDev    Mean(s) Stonewall(s) Stonewall(MiB) Test# #Tasks tPN reps fPP reord reordoff reordrand seed segcnt   blksiz    xsize aggs(MiB)   API RefNum
write        3363.49    3363.49    3363.49       0.00     840.87     840.87     840.87       0.00    4.75696         NA            NA     0     16  16    1   1     1        1         0    0     10 104857600  4194304   16000.0 POSIX      0
read        11517.05   11517.05   11517.05       0.00    2879.26    2879.26    2879.26       0.00    1.38924         NA            NA     0     16  16    1   1     1        1         0    0     10 104857600  4194304   16000.0 POSIX      0
Finished            : Wed Apr  1 03:07:33 2026

Exit code: 0
Completed: Wed Apr  1 03:07:34 CDT 2026
Darshan log: /work/hdd/bdau/mbanisharifdehkordi/SC_2026/data/benchmark_logs/iterative/mbanisha_ior_id17180925-1846191_4-1-11245-11456507884231205913_1.darshan
