============================================================
IOSage Iterative Optimization - Benchmark Execution
Job: iter_ior_small_posix_r0_llama_i0
Command: ior -a POSIX -t 1048576 -b 1048576 -s 100 -F -e -C -w -r -o /work/hdd/bdau/mbanisharifdehkordi/bench_scratch/iterative/iter_ior_small_posix_r0_llama_i0/ior_test_file
Date: Mon Apr  6 01:24:38 CDT 2026
Host: cn005.delta.ncsa.illinois.edu
============================================================
IOR-3.3.0: MPI Coordinated Test of Parallel I/O
Began               : Mon Apr  6 01:24:39 2026
Command line        : /sw/rh9.4/spack/v1.0.0/sw/linux-x86_64_v2/ior-3.3.0-oznn4mz/bin/ior -a POSIX -t 1048576 -b 1048576 -s 100 -F -e -C -w -r -o /work/hdd/bdau/mbanisharifdehkordi/bench_scratch/iterative/iter_ior_small_posix_r0_llama_i0/ior_test_file
Machine             : Linux cn005.delta.ncsa.illinois.edu
TestID              : 0
StartTime           : Mon Apr  6 01:24:39 2026
Path                : /work/hdd/bdau/mbanisharifdehkordi/bench_scratch/iterative/iter_ior_small_posix_r0_llama_i0
FS                  : 1.5 TiB   Used FS: 45.6%   Inodes: 2.4 Mi   Used Inodes: 74.3%

Options: 
api                 : POSIX
apiVersion          : 
test filename       : /work/hdd/bdau/mbanisharifdehkordi/bench_scratch/iterative/iter_ior_small_posix_r0_llama_i0/ior_test_file
access              : file-per-process
type                : independent
segments            : 100
ordering in a file  : sequential
ordering inter file : constant task offset
task offset         : 1
nodes               : 1
tasks               : 16
clients per node    : 16
repetitions         : 1
xfersize            : 1 MiB
blocksize           : 1 MiB
aggregate filesize  : 1.56 GiB

Results: 

access    bw(MiB/s)  IOPS       Latency(s)  block(KiB) xfer(KiB)  open(s)    wr/rd(s)   close(s)   total(s)   iter
------    ---------  ----       ----------  ---------- ---------  --------   --------   --------   --------   ----
write     1230.54    1231.92    1.30        1024.00    1024.00    0.005750   1.30       0.629199   1.30       0   
read      5007       5029       0.253425    1024.00    1024.00    0.002107   0.318155   0.223265   0.319583   0   
remove    -          -          -           -          -          -          -          -          0.308972   0   
Max Write: 1230.54 MiB/sec (1290.31 MB/sec)
Max Read:  5006.53 MiB/sec (5249.72 MB/sec)

Summary of all tests:
Operation   Max(MiB)   Min(MiB)  Mean(MiB)     StdDev   Max(OPs)   Min(OPs)  Mean(OPs)     StdDev    Mean(s) Stonewall(s) Stonewall(MiB) Test# #Tasks tPN reps fPP reord reordoff reordrand seed segcnt   blksiz    xsize aggs(MiB)   API RefNum
write        1230.54    1230.54    1230.54       0.00    1230.54    1230.54    1230.54       0.00    1.30024         NA            NA     0     16  16    1   1     1        1         0    0    100  1048576  1048576    1600.0 POSIX      0
read         5006.53    5006.53    5006.53       0.00    5006.53    5006.53    5006.53       0.00    0.31958         NA            NA     0     16  16    1   1     1        1         0    0    100  1048576  1048576    1600.0 POSIX      0
Finished            : Mon Apr  6 01:24:41 2026

Exit code: 0
Completed: Mon Apr  6 01:24:41 CDT 2026
Darshan log: /work/hdd/bdau/mbanisharifdehkordi/SC_2026/data/benchmark_logs/iterative/mbanisha_ior_id17318851-2298927_4-6-5079-13677203119625647092_1.darshan
