============================================================
Track C Iterative Optimization - Benchmark Execution
Job: iter_ior_fsync_heavy_r4_i2
Command: ior -a MPIIO -t 1048576 -b 104857600 -s 10 -F -e -C -w -r -c -o /work/hdd/bdau/mbanisharifdehkordi/bench_scratch/iterative/ior_test_file
Date: Wed Mar 25 21:39:49 CDT 2026
Host: cn058.delta.ncsa.illinois.edu
============================================================
IOR-3.3.0: MPI Coordinated Test of Parallel I/O
Began               : Wed Mar 25 21:39:50 2026
Command line        : /sw/rh9.4/spack/v1.0.0/sw/linux-x86_64_v2/ior-3.3.0-oznn4mz/bin/ior -a MPIIO -t 1048576 -b 104857600 -s 10 -F -e -C -w -r -c -o /work/hdd/bdau/mbanisharifdehkordi/bench_scratch/iterative/ior_test_file
Machine             : Linux cn058.delta.ncsa.illinois.edu
TestID              : 0
StartTime           : Wed Mar 25 21:39:50 2026
Path                : /work/hdd/bdau/mbanisharifdehkordi/bench_scratch/iterative
FS                  : 1.5 TiB   Used FS: 22.8%   Inodes: 2.4 Mi   Used Inodes: 67.7%

Options: 
api                 : MPIIO
apiVersion          : (3.1)
test filename       : /work/hdd/bdau/mbanisharifdehkordi/bench_scratch/iterative/ior_test_file
access              : file-per-process
type                : collective
segments            : 10
ordering in a file  : sequential
ordering inter file : constant task offset
task offset         : 1
nodes               : 1
tasks               : 16
clients per node    : 16
repetitions         : 1
xfersize            : 1 MiB
blocksize           : 100 MiB
aggregate filesize  : 15.62 GiB

Results: 

access    bw(MiB/s)  IOPS       Latency(s)  block(KiB) xfer(KiB)  open(s)    wr/rd(s)   close(s)   total(s)   iter
------    ---------  ----       ----------  ---------- ---------  --------   --------   --------   --------   ----
write     3419.97    3431.74    0.040947    102400     1024.00    0.076337   4.66       0.804116   4.68       0   
read      20711      21120      0.002357    102400     1024.00    0.036949   0.757588   0.530755   0.772523   0   
remove    -          -          -           -          -          -          -          -          2.40       0   
Max Write: 3419.97 MiB/sec (3586.09 MB/sec)
Max Read:  20711.35 MiB/sec (21717.42 MB/sec)

Summary of all tests:
Operation   Max(MiB)   Min(MiB)  Mean(MiB)     StdDev   Max(OPs)   Min(OPs)  Mean(OPs)     StdDev    Mean(s) Stonewall(s) Stonewall(MiB) Test# #Tasks tPN reps fPP reord reordoff reordrand seed segcnt   blksiz    xsize aggs(MiB)   API RefNum
write        3419.97    3419.97    3419.97       0.00    3419.97    3419.97    3419.97       0.00    4.67841         NA            NA     0     16  16    1   1     1        1         0    0     10 104857600  1048576   16000.0 MPIIO      0
read        20711.35   20711.35   20711.35       0.00   20711.35   20711.35   20711.35       0.00    0.77252         NA            NA     0     16  16    1   1     1        1         0    0     10 104857600  1048576   16000.0 MPIIO      0
Finished            : Wed Mar 25 21:39:58 2026

Exit code: 0
Completed: Wed Mar 25 21:39:58 CDT 2026
Darshan log: /work/hdd/bdau/mbanisharifdehkordi/SC_2026/data/benchmark_logs/iterative/mbanisha_ior_id17002945-457794_3-25-77989-6449159635599467064_1.darshan
