============================================================
Track C Iterative Optimization - Benchmark Execution
Job: iter_ior_small_posix_r3_i1
Command: ior -a MPIIO -t 1048576 -b 1048576 -s 100 -e -C -w -r -c -o /work/hdd/bdau/mbanisharifdehkordi/bench_scratch/iterative/ior_test_file
Date: Wed Mar 25 18:06:49 CDT 2026
Host: cn037.delta.ncsa.illinois.edu
============================================================
IOR-3.3.0: MPI Coordinated Test of Parallel I/O
Began               : Wed Mar 25 18:06:50 2026
Command line        : /sw/rh9.4/spack/v1.0.0/sw/linux-x86_64_v2/ior-3.3.0-oznn4mz/bin/ior -a MPIIO -t 1048576 -b 1048576 -s 100 -e -C -w -r -c -o /work/hdd/bdau/mbanisharifdehkordi/bench_scratch/iterative/ior_test_file
Machine             : Linux cn037.delta.ncsa.illinois.edu
TestID              : 0
StartTime           : Wed Mar 25 18:06:50 2026
Path                : /work/hdd/bdau/mbanisharifdehkordi/bench_scratch/iterative
FS                  : 1.5 TiB   Used FS: 22.8%   Inodes: 2.4 Mi   Used Inodes: 67.7%

Options: 
api                 : MPIIO
apiVersion          : (3.1)
test filename       : /work/hdd/bdau/mbanisharifdehkordi/bench_scratch/iterative/ior_test_file
access              : single-shared-file
type                : collective
segments            : 100
ordering in a file  : sequential
ordering inter file : constant task offset
task offset         : 1
nodes               : 1
tasks               : 16
clients per node    : 16
repetitions         : 1
xfersize            : 1 MiB
blocksize           : 1 MiB
aggregate filesize  : 1.56 GiB

Results: 

access    bw(MiB/s)  IOPS       Latency(s)  block(KiB) xfer(KiB)  open(s)    wr/rd(s)   close(s)   total(s)   iter
------    ---------  ----       ----------  ---------- ---------  --------   --------   --------   --------   ----
write     631.44     693.75     2.29        1024.00    1024.00    0.238031   2.31       0.015518   2.53       0   
read      6682       6833       0.221187    1024.00    1024.00    0.017973   0.234159   0.014035   0.239463   0   
remove    -          -          -           -          -          -          -          -          0.733268   0   
Max Write: 631.44 MiB/sec (662.11 MB/sec)
Max Read:  6681.62 MiB/sec (7006.19 MB/sec)

Summary of all tests:
Operation   Max(MiB)   Min(MiB)  Mean(MiB)     StdDev   Max(OPs)   Min(OPs)  Mean(OPs)     StdDev    Mean(s) Stonewall(s) Stonewall(MiB) Test# #Tasks tPN reps fPP reord reordoff reordrand seed segcnt   blksiz    xsize aggs(MiB)   API RefNum
write         631.44     631.44     631.44       0.00     631.44     631.44     631.44       0.00    2.53390         NA            NA     0     16  16    1   0     1        1         0    0    100  1048576  1048576    1600.0 MPIIO      0
read         6681.62    6681.62    6681.62       0.00    6681.62    6681.62    6681.62       0.00    0.23946         NA            NA     0     16  16    1   0     1        1         0    0    100  1048576  1048576    1600.0 MPIIO      0
Finished            : Wed Mar 25 18:06:54 2026

Exit code: 0
Completed: Wed Mar 25 18:06:54 CDT 2026
Darshan log: /work/hdd/bdau/mbanisharifdehkordi/SC_2026/data/benchmark_logs/iterative/mbanisha_ior_id17001169-3590293_3-25-65210-5582981357217445933_1.darshan
