Error executing job with overrides: ['workload=unet3d_v100', '++workload.workflow.generate_data=True', '++workload.workflow.train=False', '++workload.dataset.data_folder=/work/hdd/bdau/mbanisharifdehkordi/bench_scratch/iterative/iter_dlio_shuffle_heavy_r0_baseline', '++workload.dataset.record_length=65536', '++workload.dataset.num_files_train=5000', '++workload.dataset.num_samples_per_file=1', '++workload.reader.batch_size=1', '++workload.reader.read_threads=1', '++workload.train.computation_time=0.01', '++workload.train.epochs=2', '++workload.train.seed=42', '++workload.dataset.format=npz', '++workload.reader.sample_shuffle=random', '++workload.reader.file_shuffle=random']
Error executing job with overrides: ['workload=unet3d_v100', '++workload.workflow.generate_data=True', '++workload.workflow.train=False', '++workload.dataset.data_folder=/work/hdd/bdau/mbanisharifdehkordi/bench_scratch/iterative/iter_dlio_shuffle_heavy_r0_baseline', '++workload.dataset.record_length=65536', '++workload.dataset.num_files_train=5000', '++workload.dataset.num_samples_per_file=1', '++workload.reader.batch_size=1', '++workload.reader.read_threads=1', '++workload.train.computation_time=0.01', '++workload.train.epochs=2', '++workload.train.seed=42', '++workload.dataset.format=npz', '++workload.reader.sample_shuffle=random', '++workload.reader.file_shuffle=random']
Error executing job with overrides: ['workload=unet3d_v100', '++workload.workflow.generate_data=True', '++workload.workflow.train=False', '++workload.dataset.data_folder=/work/hdd/bdau/mbanisharifdehkordi/bench_scratch/iterative/iter_dlio_shuffle_heavy_r0_baseline', '++workload.dataset.record_length=65536', '++workload.dataset.num_files_train=5000', '++workload.dataset.num_samples_per_file=1', '++workload.reader.batch_size=1', '++workload.reader.read_threads=1', '++workload.train.computation_time=0.01', '++workload.train.epochs=2', '++workload.train.seed=42', '++workload.dataset.format=npz', '++workload.reader.sample_shuffle=random', '++workload.reader.file_shuffle=random']
Error executing job with overrides: ['workload=unet3d_v100', '++workload.workflow.generate_data=True', '++workload.workflow.train=False', '++workload.dataset.data_folder=/work/hdd/bdau/mbanisharifdehkordi/bench_scratch/iterative/iter_dlio_shuffle_heavy_r0_baseline', '++workload.dataset.record_length=65536', '++workload.dataset.num_files_train=5000', '++workload.dataset.num_samples_per_file=1', '++workload.reader.batch_size=1', '++workload.reader.read_threads=1', '++workload.train.computation_time=0.01', '++workload.train.epochs=2', '++workload.train.seed=42', '++workload.dataset.format=npz', '++workload.reader.sample_shuffle=random', '++workload.reader.file_shuffle=random']
Error executing job with overrides: ['workload=unet3d_v100', '++workload.workflow.generate_data=True', '++workload.workflow.train=False', '++workload.dataset.data_folder=/work/hdd/bdau/mbanisharifdehkordi/bench_scratch/iterative/iter_dlio_shuffle_heavy_r0_baseline', '++workload.dataset.record_length=65536', '++workload.dataset.num_files_train=5000', '++workload.dataset.num_samples_per_file=1', '++workload.reader.batch_size=1', '++workload.reader.read_threads=1', '++workload.train.computation_time=0.01', '++workload.train.epochs=2', '++workload.train.seed=42', '++workload.dataset.format=npz', '++workload.reader.sample_shuffle=random', '++workload.reader.file_shuffle=random']
Error executing job with overrides: ['workload=unet3d_v100', '++workload.workflow.generate_data=True', '++workload.workflow.train=False', '++workload.dataset.data_folder=/work/hdd/bdau/mbanisharifdehkordi/bench_scratch/iterative/iter_dlio_shuffle_heavy_r0_baseline', '++workload.dataset.record_length=65536', '++workload.dataset.num_files_train=5000', '++workload.dataset.num_samples_per_file=1', '++workload.reader.batch_size=1', '++workload.reader.read_threads=1', '++workload.train.computation_time=0.01', '++workload.train.epochs=2', '++workload.train.seed=42', '++workload.dataset.format=npz', '++workload.reader.sample_shuffle=random', '++workload.reader.file_shuffle=random']
Error executing job with overrides: ['workload=unet3d_v100', '++workload.workflow.generate_data=True', '++workload.workflow.train=False', '++workload.dataset.data_folder=/work/hdd/bdau/mbanisharifdehkordi/bench_scratch/iterative/iter_dlio_shuffle_heavy_r0_baseline', '++workload.dataset.record_length=65536', '++workload.dataset.num_files_train=5000', '++workload.dataset.num_samples_per_file=1', '++workload.reader.batch_size=1', '++workload.reader.read_threads=1', '++workload.train.computation_time=0.01', '++workload.train.epochs=2', '++workload.train.seed=42', '++workload.dataset.format=npz', '++workload.reader.sample_shuffle=random', '++workload.reader.file_shuffle=random']
Error executing job with overrides: ['workload=unet3d_v100', '++workload.workflow.generate_data=True', '++workload.workflow.train=False', '++workload.dataset.data_folder=/work/hdd/bdau/mbanisharifdehkordi/bench_scratch/iterative/iter_dlio_shuffle_heavy_r0_baseline', '++workload.dataset.record_length=65536', '++workload.dataset.num_files_train=5000', '++workload.dataset.num_samples_per_file=1', '++workload.reader.batch_size=1', '++workload.reader.read_threads=1', '++workload.train.computation_time=0.01', '++workload.train.epochs=2', '++workload.train.seed=42', '++workload.dataset.format=npz', '++workload.reader.sample_shuffle=random', '++workload.reader.file_shuffle=random']
Error executing job with overrides: ['workload=unet3d_v100', '++workload.workflow.generate_data=True', '++workload.workflow.train=False', '++workload.dataset.data_folder=/work/hdd/bdau/mbanisharifdehkordi/bench_scratch/iterative/iter_dlio_shuffle_heavy_r0_baseline', '++workload.dataset.record_length=65536', '++workload.dataset.num_files_train=5000', '++workload.dataset.num_samples_per_file=1', '++workload.reader.batch_size=1', '++workload.reader.read_threads=1', '++workload.train.computation_time=0.01', '++workload.train.epochs=2', '++workload.train.seed=42', '++workload.dataset.format=npz', '++workload.reader.sample_shuffle=random', '++workload.reader.file_shuffle=random']
Error executing job with overrides: ['workload=unet3d_v100', '++workload.workflow.generate_data=True', '++workload.workflow.train=False', '++workload.dataset.data_folder=/work/hdd/bdau/mbanisharifdehkordi/bench_scratch/iterative/iter_dlio_shuffle_heavy_r0_baseline', '++workload.dataset.record_length=65536', '++workload.dataset.num_files_train=5000', '++workload.dataset.num_samples_per_file=1', '++workload.reader.batch_size=1', '++workload.reader.read_threads=1', '++workload.train.computation_time=0.01', '++workload.train.epochs=2', '++workload.train.seed=42', '++workload.dataset.format=npz', '++workload.reader.sample_shuffle=random', '++workload.reader.file_shuffle=random']
Error executing job with overrides: ['workload=unet3d_v100', '++workload.workflow.generate_data=True', '++workload.workflow.train=False', '++workload.dataset.data_folder=/work/hdd/bdau/mbanisharifdehkordi/bench_scratch/iterative/iter_dlio_shuffle_heavy_r0_baseline', '++workload.dataset.record_length=65536', '++workload.dataset.num_files_train=5000', '++workload.dataset.num_samples_per_file=1', '++workload.reader.batch_size=1', '++workload.reader.read_threads=1', '++workload.train.computation_time=0.01', '++workload.train.epochs=2', '++workload.train.seed=42', '++workload.dataset.format=npz', '++workload.reader.sample_shuffle=random', '++workload.reader.file_shuffle=random']
Error executing job with overrides: ['workload=unet3d_v100', '++workload.workflow.generate_data=True', '++workload.workflow.train=False', '++workload.dataset.data_folder=/work/hdd/bdau/mbanisharifdehkordi/bench_scratch/iterative/iter_dlio_shuffle_heavy_r0_baseline', '++workload.dataset.record_length=65536', '++workload.dataset.num_files_train=5000', '++workload.dataset.num_samples_per_file=1', '++workload.reader.batch_size=1', '++workload.reader.read_threads=1', '++workload.train.computation_time=0.01', '++workload.train.epochs=2', '++workload.train.seed=42', '++workload.dataset.format=npz', '++workload.reader.sample_shuffle=random', '++workload.reader.file_shuffle=random']
Error executing job with overrides: ['workload=unet3d_v100', '++workload.workflow.generate_data=True', '++workload.workflow.train=False', '++workload.dataset.data_folder=/work/hdd/bdau/mbanisharifdehkordi/bench_scratch/iterative/iter_dlio_shuffle_heavy_r0_baseline', '++workload.dataset.record_length=65536', '++workload.dataset.num_files_train=5000', '++workload.dataset.num_samples_per_file=1', '++workload.reader.batch_size=1', '++workload.reader.read_threads=1', '++workload.train.computation_time=0.01', '++workload.train.epochs=2', '++workload.train.seed=42', '++workload.dataset.format=npz', '++workload.reader.sample_shuffle=random', '++workload.reader.file_shuffle=random']
Error executing job with overrides: ['workload=unet3d_v100', '++workload.workflow.generate_data=True', '++workload.workflow.train=False', '++workload.dataset.data_folder=/work/hdd/bdau/mbanisharifdehkordi/bench_scratch/iterative/iter_dlio_shuffle_heavy_r0_baseline', '++workload.dataset.record_length=65536', '++workload.dataset.num_files_train=5000', '++workload.dataset.num_samples_per_file=1', '++workload.reader.batch_size=1', '++workload.reader.read_threads=1', '++workload.train.computation_time=0.01', '++workload.train.epochs=2', '++workload.train.seed=42', '++workload.dataset.format=npz', '++workload.reader.sample_shuffle=random', '++workload.reader.file_shuffle=random']
Error executing job with overrides: ['workload=unet3d_v100', '++workload.workflow.generate_data=True', '++workload.workflow.train=False', '++workload.dataset.data_folder=/work/hdd/bdau/mbanisharifdehkordi/bench_scratch/iterative/iter_dlio_shuffle_heavy_r0_baseline', '++workload.dataset.record_length=65536', '++workload.dataset.num_files_train=5000', '++workload.dataset.num_samples_per_file=1', '++workload.reader.batch_size=1', '++workload.reader.read_threads=1', '++workload.train.computation_time=0.01', '++workload.train.epochs=2', '++workload.train.seed=42', '++workload.dataset.format=npz', '++workload.reader.sample_shuffle=random', '++workload.reader.file_shuffle=random']
Error executing job with overrides: ['workload=unet3d_v100', '++workload.workflow.generate_data=True', '++workload.workflow.train=False', '++workload.dataset.data_folder=/work/hdd/bdau/mbanisharifdehkordi/bench_scratch/iterative/iter_dlio_shuffle_heavy_r0_baseline', '++workload.dataset.record_length=65536', '++workload.dataset.num_files_train=5000', '++workload.dataset.num_samples_per_file=1', '++workload.reader.batch_size=1', '++workload.reader.read_threads=1', '++workload.train.computation_time=0.01', '++workload.train.epochs=2', '++workload.train.seed=42', '++workload.dataset.format=npz', '++workload.reader.sample_shuffle=random', '++workload.reader.file_shuffle=random']
Traceback (most recent call last):
Traceback (most recent call last):
  File "/projects/bdau/envs/sc2026/lib/python3.9/site-packages/dlio_benchmark/main.py", line 383, in run_benchmark
    benchmark = DLIOBenchmark(cfg['workload'])
  File "/projects/bdau/envs/sc2026/lib/python3.9/site-packages/dlio_benchmark/main.py", line 72, in __init__
    self.storage = StorageFactory().get_storage(self.args.storage_type, self.args.storage_root,
  File "/projects/bdau/envs/sc2026/lib/python3.9/site-packages/dlio_benchmark/storage/storage_factory.py", line 29, in get_storage
    return FileStorage(namespace, framework)
  File "/projects/bdau/envs/sc2026/lib/python3.9/site-packages/dlio_benchmark/main.py", line 383, in run_benchmark
    benchmark = DLIOBenchmark(cfg['workload'])
  File "/projects/bdau/envs/sc2026/lib/python3.9/site-packages/dlio_benchmark/main.py", line 72, in __init__
    self.storage = StorageFactory().get_storage(self.args.storage_type, self.args.storage_root,
  File "/projects/bdau/envs/sc2026/lib/python3.9/site-packages/dlio_benchmark/storage/storage_factory.py", line 29, in get_storage
    return FileStorage(namespace, framework)
  File "/projects/bdau/envs/sc2026/lib/python3.9/site-packages/dftracer/logger.py", line 275, in new_init
    init(*args, **kwargs)
  File "/projects/bdau/envs/sc2026/lib/python3.9/site-packages/dlio_benchmark/storage/file_storage.py", line 38, in __init__
    super().__init__(framework)
  File "/projects/bdau/envs/sc2026/lib/python3.9/site-packages/dlio_benchmark/storage/storage_handler.py", line 30, in __init__
    self.framework = FrameworkFactory().get_framework(self._args.framework, profiling=False)
  File "/projects/bdau/envs/sc2026/lib/python3.9/site-packages/dlio_benchmark/framework/framework_factory.py", line 32, in get_framework
    from dlio_benchmark.framework.torch_framework import TorchFramework
  File "/projects/bdau/envs/sc2026/lib/python3.9/site-packages/dlio_benchmark/framework/torch_framework.py", line 24, in <module>
    import torch
  File "/projects/bdau/envs/sc2026/lib/python3.9/site-packages/torch/__init__.py", line 416, in <module>
    from torch._C import *  # noqa: F403
  File "/projects/bdau/envs/sc2026/lib/python3.9/site-packages/dftracer/logger.py", line 275, in new_init
    init(*args, **kwargs)
  File "/projects/bdau/envs/sc2026/lib/python3.9/site-packages/dlio_benchmark/storage/file_storage.py", line 38, in __init__
    super().__init__(framework)
  File "/projects/bdau/envs/sc2026/lib/python3.9/site-packages/dlio_benchmark/storage/storage_handler.py", line 30, in __init__
    self.framework = FrameworkFactory().get_framework(self._args.framework, profiling=False)
  File "/projects/bdau/envs/sc2026/lib/python3.9/site-packages/dlio_benchmark/framework/framework_factory.py", line 32, in get_framework
    from dlio_benchmark.framework.torch_framework import TorchFramework
  File "/projects/bdau/envs/sc2026/lib/python3.9/site-packages/dlio_benchmark/framework/torch_framework.py", line 24, in <module>
    import torch
  File "/projects/bdau/envs/sc2026/lib/python3.9/site-packages/torch/__init__.py", line 416, in <module>
    from torch._C import *  # noqa: F403
ImportError: /projects/bdau/envs/sc2026/lib/python3.9/site-packages/torch/lib/../../nvidia/cusparse/lib/libcusparse.so.12: undefined symbol: __nvJitLinkCreate_12_8, version libnvJitLink.so.12
Traceback (most recent call last):

Set the environment variable HYDRA_FULL_ERROR=1 for a complete stack trace.
ImportError: /projects/bdau/envs/sc2026/lib/python3.9/site-packages/torch/lib/../../nvidia/cusparse/lib/libcusparse.so.12: undefined symbol: __nvJitLinkCreate_12_8, version libnvJitLink.so.12

Set the environment variable HYDRA_FULL_ERROR=1 for a complete stack trace.
Traceback (most recent call last):
  File "/projects/bdau/envs/sc2026/lib/python3.9/site-packages/dlio_benchmark/main.py", line 383, in run_benchmark
    benchmark = DLIOBenchmark(cfg['workload'])
  File "/projects/bdau/envs/sc2026/lib/python3.9/site-packages/dlio_benchmark/main.py", line 72, in __init__
    self.storage = StorageFactory().get_storage(self.args.storage_type, self.args.storage_root,
  File "/projects/bdau/envs/sc2026/lib/python3.9/site-packages/dlio_benchmark/storage/storage_factory.py", line 29, in get_storage
    return FileStorage(namespace, framework)
  File "/projects/bdau/envs/sc2026/lib/python3.9/site-packages/dftracer/logger.py", line 275, in new_init
    init(*args, **kwargs)
  File "/projects/bdau/envs/sc2026/lib/python3.9/site-packages/dlio_benchmark/storage/file_storage.py", line 38, in __init__
    super().__init__(framework)
  File "/projects/bdau/envs/sc2026/lib/python3.9/site-packages/dlio_benchmark/storage/storage_handler.py", line 30, in __init__
    self.framework = FrameworkFactory().get_framework(self._args.framework, profiling=False)
  File "/projects/bdau/envs/sc2026/lib/python3.9/site-packages/dlio_benchmark/framework/framework_factory.py", line 32, in get_framework
    from dlio_benchmark.framework.torch_framework import TorchFramework
  File "/projects/bdau/envs/sc2026/lib/python3.9/site-packages/dlio_benchmark/framework/torch_framework.py", line 24, in <module>
    import torch
  File "/projects/bdau/envs/sc2026/lib/python3.9/site-packages/torch/__init__.py", line 416, in <module>
    from torch._C import *  # noqa: F403
Traceback (most recent call last):
Traceback (most recent call last):
  File "/projects/bdau/envs/sc2026/lib/python3.9/site-packages/dlio_benchmark/main.py", line 383, in run_benchmark
    benchmark = DLIOBenchmark(cfg['workload'])
  File "/projects/bdau/envs/sc2026/lib/python3.9/site-packages/dlio_benchmark/main.py", line 383, in run_benchmark
    benchmark = DLIOBenchmark(cfg['workload'])
  File "/projects/bdau/envs/sc2026/lib/python3.9/site-packages/dlio_benchmark/main.py", line 72, in __init__
    self.storage = StorageFactory().get_storage(self.args.storage_type, self.args.storage_root,
  File "/projects/bdau/envs/sc2026/lib/python3.9/site-packages/dlio_benchmark/storage/storage_factory.py", line 29, in get_storage
    return FileStorage(namespace, framework)
  File "/projects/bdau/envs/sc2026/lib/python3.9/site-packages/dftracer/logger.py", line 275, in new_init
    init(*args, **kwargs)
  File "/projects/bdau/envs/sc2026/lib/python3.9/site-packages/dlio_benchmark/storage/file_storage.py", line 38, in __init__
    super().__init__(framework)
  File "/projects/bdau/envs/sc2026/lib/python3.9/site-packages/dlio_benchmark/storage/storage_handler.py", line 30, in __init__
    self.framework = FrameworkFactory().get_framework(self._args.framework, profiling=False)
  File "/projects/bdau/envs/sc2026/lib/python3.9/site-packages/dlio_benchmark/framework/framework_factory.py", line 32, in get_framework
    from dlio_benchmark.framework.torch_framework import TorchFramework
  File "/projects/bdau/envs/sc2026/lib/python3.9/site-packages/dlio_benchmark/framework/torch_framework.py", line 24, in <module>
    import torch
  File "/projects/bdau/envs/sc2026/lib/python3.9/site-packages/torch/__init__.py", line 416, in <module>
    from torch._C import *  # noqa: F403
Traceback (most recent call last):
ImportError: /projects/bdau/envs/sc2026/lib/python3.9/site-packages/torch/lib/../../nvidia/cusparse/lib/libcusparse.so.12: undefined symbol: __nvJitLinkCreate_12_8, version libnvJitLink.so.12

Set the environment variable HYDRA_FULL_ERROR=1 for a complete stack trace.
Traceback (most recent call last):
  File "/projects/bdau/envs/sc2026/lib/python3.9/site-packages/dlio_benchmark/main.py", line 383, in run_benchmark
    benchmark = DLIOBenchmark(cfg['workload'])
  File "/projects/bdau/envs/sc2026/lib/python3.9/site-packages/dlio_benchmark/main.py", line 383, in run_benchmark
    benchmark = DLIOBenchmark(cfg['workload'])
  File "/projects/bdau/envs/sc2026/lib/python3.9/site-packages/dlio_benchmark/main.py", line 72, in __init__
    self.storage = StorageFactory().get_storage(self.args.storage_type, self.args.storage_root,
  File "/projects/bdau/envs/sc2026/lib/python3.9/site-packages/dlio_benchmark/storage/storage_factory.py", line 29, in get_storage
    return FileStorage(namespace, framework)
  File "/projects/bdau/envs/sc2026/lib/python3.9/site-packages/dftracer/logger.py", line 275, in new_init
    init(*args, **kwargs)
  File "/projects/bdau/envs/sc2026/lib/python3.9/site-packages/dlio_benchmark/storage/file_storage.py", line 38, in __init__
    super().__init__(framework)
  File "/projects/bdau/envs/sc2026/lib/python3.9/site-packages/dlio_benchmark/storage/storage_handler.py", line 30, in __init__
    self.framework = FrameworkFactory().get_framework(self._args.framework, profiling=False)
  File "/projects/bdau/envs/sc2026/lib/python3.9/site-packages/dlio_benchmark/framework/framework_factory.py", line 32, in get_framework
    from dlio_benchmark.framework.torch_framework import TorchFramework
  File "/projects/bdau/envs/sc2026/lib/python3.9/site-packages/dlio_benchmark/framework/torch_framework.py", line 24, in <module>
    import torch
  File "/projects/bdau/envs/sc2026/lib/python3.9/site-packages/torch/__init__.py", line 416, in <module>
    from torch._C import *  # noqa: F403
ImportError: /projects/bdau/envs/sc2026/lib/python3.9/site-packages/torch/lib/../../nvidia/cusparse/lib/libcusparse.so.12: undefined symbol: __nvJitLinkCreate_12_8, version libnvJitLink.so.12
Traceback (most recent call last):
  File "/projects/bdau/envs/sc2026/lib/python3.9/site-packages/dlio_benchmark/main.py", line 72, in __init__
    self.storage = StorageFactory().get_storage(self.args.storage_type, self.args.storage_root,
  File "/projects/bdau/envs/sc2026/lib/python3.9/site-packages/dlio_benchmark/storage/storage_factory.py", line 29, in get_storage
    return FileStorage(namespace, framework)
  File "/projects/bdau/envs/sc2026/lib/python3.9/site-packages/dftracer/logger.py", line 275, in new_init
    init(*args, **kwargs)
  File "/projects/bdau/envs/sc2026/lib/python3.9/site-packages/dlio_benchmark/storage/file_storage.py", line 38, in __init__
    super().__init__(framework)
  File "/projects/bdau/envs/sc2026/lib/python3.9/site-packages/dlio_benchmark/storage/storage_handler.py", line 30, in __init__
    self.framework = FrameworkFactory().get_framework(self._args.framework, profiling=False)
  File "/projects/bdau/envs/sc2026/lib/python3.9/site-packages/dlio_benchmark/framework/framework_factory.py", line 32, in get_framework
    from dlio_benchmark.framework.torch_framework import TorchFramework
  File "/projects/bdau/envs/sc2026/lib/python3.9/site-packages/dlio_benchmark/framework/torch_framework.py", line 24, in <module>
    import torch
  File "/projects/bdau/envs/sc2026/lib/python3.9/site-packages/torch/__init__.py", line 416, in <module>
    from torch._C import *  # noqa: F403
ImportError: /projects/bdau/envs/sc2026/lib/python3.9/site-packages/torch/lib/../../nvidia/cusparse/lib/libcusparse.so.12: undefined symbol: __nvJitLinkCreate_12_8, version libnvJitLink.so.12
Traceback (most recent call last):
  File "/projects/bdau/envs/sc2026/lib/python3.9/site-packages/dlio_benchmark/main.py", line 383, in run_benchmark
    benchmark = DLIOBenchmark(cfg['workload'])
  File "/projects/bdau/envs/sc2026/lib/python3.9/site-packages/dlio_benchmark/main.py", line 72, in __init__
    self.storage = StorageFactory().get_storage(self.args.storage_type, self.args.storage_root,
  File "/projects/bdau/envs/sc2026/lib/python3.9/site-packages/dlio_benchmark/storage/storage_factory.py", line 29, in get_storage
    return FileStorage(namespace, framework)
  File "/projects/bdau/envs/sc2026/lib/python3.9/site-packages/dftracer/logger.py", line 275, in new_init
    init(*args, **kwargs)
  File "/projects/bdau/envs/sc2026/lib/python3.9/site-packages/dlio_benchmark/storage/file_storage.py", line 38, in __init__
    super().__init__(framework)
  File "/projects/bdau/envs/sc2026/lib/python3.9/site-packages/dlio_benchmark/storage/storage_handler.py", line 30, in __init__
    self.framework = FrameworkFactory().get_framework(self._args.framework, profiling=False)
  File "/projects/bdau/envs/sc2026/lib/python3.9/site-packages/dlio_benchmark/framework/framework_factory.py", line 32, in get_framework
    from dlio_benchmark.framework.torch_framework import TorchFramework
  File "/projects/bdau/envs/sc2026/lib/python3.9/site-packages/dlio_benchmark/framework/torch_framework.py", line 24, in <module>
    import torch
  File "/projects/bdau/envs/sc2026/lib/python3.9/site-packages/torch/__init__.py", line 416, in <module>
    from torch._C import *  # noqa: F403
ImportError: /projects/bdau/envs/sc2026/lib/python3.9/site-packages/torch/lib/../../nvidia/cusparse/lib/libcusparse.so.12: undefined symbol: __nvJitLinkCreate_12_8, version libnvJitLink.so.12

Set the environment variable HYDRA_FULL_ERROR=1 for a complete stack trace.
  File "/projects/bdau/envs/sc2026/lib/python3.9/site-packages/dlio_benchmark/main.py", line 383, in run_benchmark
    benchmark = DLIOBenchmark(cfg['workload'])
  File "/projects/bdau/envs/sc2026/lib/python3.9/site-packages/dlio_benchmark/main.py", line 72, in __init__
    self.storage = StorageFactory().get_storage(self.args.storage_type, self.args.storage_root,
  File "/projects/bdau/envs/sc2026/lib/python3.9/site-packages/dlio_benchmark/storage/storage_factory.py", line 29, in get_storage
    return FileStorage(namespace, framework)
  File "/projects/bdau/envs/sc2026/lib/python3.9/site-packages/dftracer/logger.py", line 275, in new_init
    init(*args, **kwargs)
  File "/projects/bdau/envs/sc2026/lib/python3.9/site-packages/dlio_benchmark/storage/file_storage.py", line 38, in __init__
    super().__init__(framework)
  File "/projects/bdau/envs/sc2026/lib/python3.9/site-packages/dlio_benchmark/storage/storage_handler.py", line 30, in __init__
    self.framework = FrameworkFactory().get_framework(self._args.framework, profiling=False)
  File "/projects/bdau/envs/sc2026/lib/python3.9/site-packages/dlio_benchmark/framework/framework_factory.py", line 32, in get_framework
    from dlio_benchmark.framework.torch_framework import TorchFramework
  File "/projects/bdau/envs/sc2026/lib/python3.9/site-packages/dlio_benchmark/framework/torch_framework.py", line 24, in <module>
    import torch
  File "/projects/bdau/envs/sc2026/lib/python3.9/site-packages/torch/__init__.py", line 416, in <module>
    from torch._C import *  # noqa: F403
ImportError: /projects/bdau/envs/sc2026/lib/python3.9/site-packages/torch/lib/../../nvidia/cusparse/lib/libcusparse.so.12: undefined symbol: __nvJitLinkCreate_12_8, version libnvJitLink.so.12

Set the environment variable HYDRA_FULL_ERROR=1 for a complete stack trace.
  File "/projects/bdau/envs/sc2026/lib/python3.9/site-packages/dlio_benchmark/main.py", line 72, in __init__
    self.storage = StorageFactory().get_storage(self.args.storage_type, self.args.storage_root,
  File "/projects/bdau/envs/sc2026/lib/python3.9/site-packages/dlio_benchmark/storage/storage_factory.py", line 29, in get_storage
    return FileStorage(namespace, framework)
  File "/projects/bdau/envs/sc2026/lib/python3.9/site-packages/dftracer/logger.py", line 275, in new_init
    init(*args, **kwargs)
  File "/projects/bdau/envs/sc2026/lib/python3.9/site-packages/dlio_benchmark/storage/file_storage.py", line 38, in __init__
    super().__init__(framework)
  File "/projects/bdau/envs/sc2026/lib/python3.9/site-packages/dlio_benchmark/storage/storage_handler.py", line 30, in __init__
    self.framework = FrameworkFactory().get_framework(self._args.framework, profiling=False)
  File "/projects/bdau/envs/sc2026/lib/python3.9/site-packages/dlio_benchmark/framework/framework_factory.py", line 32, in get_framework
    from dlio_benchmark.framework.torch_framework import TorchFramework
  File "/projects/bdau/envs/sc2026/lib/python3.9/site-packages/dlio_benchmark/framework/torch_framework.py", line 24, in <module>
    import torch
  File "/projects/bdau/envs/sc2026/lib/python3.9/site-packages/torch/__init__.py", line 416, in <module>
    from torch._C import *  # noqa: F403
ImportError: /projects/bdau/envs/sc2026/lib/python3.9/site-packages/torch/lib/../../nvidia/cusparse/lib/libcusparse.so.12: undefined symbol: __nvJitLinkCreate_12_8, version libnvJitLink.so.12

Set the environment variable HYDRA_FULL_ERROR=1 for a complete stack trace.
Traceback (most recent call last):
  File "/projects/bdau/envs/sc2026/lib/python3.9/site-packages/dlio_benchmark/main.py", line 383, in run_benchmark
    benchmark = DLIOBenchmark(cfg['workload'])
  File "/projects/bdau/envs/sc2026/lib/python3.9/site-packages/dlio_benchmark/main.py", line 72, in __init__
    self.storage = StorageFactory().get_storage(self.args.storage_type, self.args.storage_root,
  File "/projects/bdau/envs/sc2026/lib/python3.9/site-packages/dlio_benchmark/storage/storage_factory.py", line 29, in get_storage
    return FileStorage(namespace, framework)
  File "/projects/bdau/envs/sc2026/lib/python3.9/site-packages/dftracer/logger.py", line 275, in new_init
    init(*args, **kwargs)
  File "/projects/bdau/envs/sc2026/lib/python3.9/site-packages/dlio_benchmark/storage/file_storage.py", line 38, in __init__
    super().__init__(framework)
  File "/projects/bdau/envs/sc2026/lib/python3.9/site-packages/dlio_benchmark/storage/storage_handler.py", line 30, in __init__
    self.framework = FrameworkFactory().get_framework(self._args.framework, profiling=False)
  File "/projects/bdau/envs/sc2026/lib/python3.9/site-packages/dlio_benchmark/framework/framework_factory.py", line 32, in get_framework
    from dlio_benchmark.framework.torch_framework import TorchFramework
  File "/projects/bdau/envs/sc2026/lib/python3.9/site-packages/dlio_benchmark/framework/torch_framework.py", line 24, in <module>
    import torch
  File "/projects/bdau/envs/sc2026/lib/python3.9/site-packages/torch/__init__.py", line 416, in <module>
    from torch._C import *  # noqa: F403
ImportError: /projects/bdau/envs/sc2026/lib/python3.9/site-packages/torch/lib/../../nvidia/cusparse/lib/libcusparse.so.12: undefined symbol: __nvJitLinkCreate_12_8, version libnvJitLink.so.12

Set the environment variable HYDRA_FULL_ERROR=1 for a complete stack trace.
  File "/projects/bdau/envs/sc2026/lib/python3.9/site-packages/dlio_benchmark/main.py", line 383, in run_benchmark
    benchmark = DLIOBenchmark(cfg['workload'])
  File "/projects/bdau/envs/sc2026/lib/python3.9/site-packages/dlio_benchmark/main.py", line 72, in __init__
    self.storage = StorageFactory().get_storage(self.args.storage_type, self.args.storage_root,
  File "/projects/bdau/envs/sc2026/lib/python3.9/site-packages/dlio_benchmark/storage/storage_factory.py", line 29, in get_storage
    return FileStorage(namespace, framework)
  File "/projects/bdau/envs/sc2026/lib/python3.9/site-packages/dftracer/logger.py", line 275, in new_init
    init(*args, **kwargs)
  File "/projects/bdau/envs/sc2026/lib/python3.9/site-packages/dlio_benchmark/storage/file_storage.py", line 38, in __init__
    super().__init__(framework)
  File "/projects/bdau/envs/sc2026/lib/python3.9/site-packages/dlio_benchmark/storage/storage_handler.py", line 30, in __init__
    self.framework = FrameworkFactory().get_framework(self._args.framework, profiling=False)
  File "/projects/bdau/envs/sc2026/lib/python3.9/site-packages/dlio_benchmark/framework/framework_factory.py", line 32, in get_framework
    from dlio_benchmark.framework.torch_framework import TorchFramework
  File "/projects/bdau/envs/sc2026/lib/python3.9/site-packages/dlio_benchmark/framework/torch_framework.py", line 24, in <module>
    import torch
  File "/projects/bdau/envs/sc2026/lib/python3.9/site-packages/torch/__init__.py", line 416, in <module>
    from torch._C import *  # noqa: F403
ImportError: /projects/bdau/envs/sc2026/lib/python3.9/site-packages/torch/lib/../../nvidia/cusparse/lib/libcusparse.so.12: undefined symbol: __nvJitLinkCreate_12_8, version libnvJitLink.so.12

Set the environment variable HYDRA_FULL_ERROR=1 for a complete stack trace.
Traceback (most recent call last):
  File "/projects/bdau/envs/sc2026/lib/python3.9/site-packages/dlio_benchmark/main.py", line 383, in run_benchmark
    benchmark = DLIOBenchmark(cfg['workload'])
  File "/projects/bdau/envs/sc2026/lib/python3.9/site-packages/dlio_benchmark/main.py", line 72, in __init__
    self.storage = StorageFactory().get_storage(self.args.storage_type, self.args.storage_root,
  File "/projects/bdau/envs/sc2026/lib/python3.9/site-packages/dlio_benchmark/storage/storage_factory.py", line 29, in get_storage
    return FileStorage(namespace, framework)
  File "/projects/bdau/envs/sc2026/lib/python3.9/site-packages/dftracer/logger.py", line 275, in new_init
    init(*args, **kwargs)
  File "/projects/bdau/envs/sc2026/lib/python3.9/site-packages/dlio_benchmark/storage/file_storage.py", line 38, in __init__
    super().__init__(framework)
  File "/projects/bdau/envs/sc2026/lib/python3.9/site-packages/dlio_benchmark/storage/storage_handler.py", line 30, in __init__
    self.framework = FrameworkFactory().get_framework(self._args.framework, profiling=False)
  File "/projects/bdau/envs/sc2026/lib/python3.9/site-packages/dlio_benchmark/framework/framework_factory.py", line 32, in get_framework
    from dlio_benchmark.framework.torch_framework import TorchFramework
  File "/projects/bdau/envs/sc2026/lib/python3.9/site-packages/dlio_benchmark/framework/torch_framework.py", line 24, in <module>
    import torch
  File "/projects/bdau/envs/sc2026/lib/python3.9/site-packages/torch/__init__.py", line 416, in <module>
    from torch._C import *  # noqa: F403
ImportError: /projects/bdau/envs/sc2026/lib/python3.9/site-packages/torch/lib/../../nvidia/cusparse/lib/libcusparse.so.12: undefined symbol: __nvJitLinkCreate_12_8, version libnvJitLink.so.12

Set the environment variable HYDRA_FULL_ERROR=1 for a complete stack trace.
ImportError: /projects/bdau/envs/sc2026/lib/python3.9/site-packages/torch/lib/../../nvidia/cusparse/lib/libcusparse.so.12: undefined symbol: __nvJitLinkCreate_12_8, version libnvJitLink.so.12

Set the environment variable HYDRA_FULL_ERROR=1 for a complete stack trace.
Traceback (most recent call last):
  File "/projects/bdau/envs/sc2026/lib/python3.9/site-packages/dlio_benchmark/main.py", line 383, in run_benchmark
    benchmark = DLIOBenchmark(cfg['workload'])
  File "/projects/bdau/envs/sc2026/lib/python3.9/site-packages/dlio_benchmark/main.py", line 72, in __init__
    self.storage = StorageFactory().get_storage(self.args.storage_type, self.args.storage_root,
  File "/projects/bdau/envs/sc2026/lib/python3.9/site-packages/dlio_benchmark/storage/storage_factory.py", line 29, in get_storage
    return FileStorage(namespace, framework)
  File "/projects/bdau/envs/sc2026/lib/python3.9/site-packages/dftracer/logger.py", line 275, in new_init
    init(*args, **kwargs)
  File "/projects/bdau/envs/sc2026/lib/python3.9/site-packages/dlio_benchmark/storage/file_storage.py", line 38, in __init__
    super().__init__(framework)
  File "/projects/bdau/envs/sc2026/lib/python3.9/site-packages/dlio_benchmark/storage/storage_handler.py", line 30, in __init__
    self.framework = FrameworkFactory().get_framework(self._args.framework, profiling=False)
  File "/projects/bdau/envs/sc2026/lib/python3.9/site-packages/dlio_benchmark/framework/framework_factory.py", line 32, in get_framework
    from dlio_benchmark.framework.torch_framework import TorchFramework
  File "/projects/bdau/envs/sc2026/lib/python3.9/site-packages/dlio_benchmark/framework/torch_framework.py", line 24, in <module>
    import torch
  File "/projects/bdau/envs/sc2026/lib/python3.9/site-packages/torch/__init__.py", line 416, in <module>
    from torch._C import *  # noqa: F403
ImportError: /projects/bdau/envs/sc2026/lib/python3.9/site-packages/torch/lib/../../nvidia/cusparse/lib/libcusparse.so.12: undefined symbol: __nvJitLinkCreate_12_8, version libnvJitLink.so.12

Set the environment variable HYDRA_FULL_ERROR=1 for a complete stack trace.
Traceback (most recent call last):
  File "/projects/bdau/envs/sc2026/lib/python3.9/site-packages/dlio_benchmark/main.py", line 383, in run_benchmark
    benchmark = DLIOBenchmark(cfg['workload'])
  File "/projects/bdau/envs/sc2026/lib/python3.9/site-packages/dlio_benchmark/main.py", line 72, in __init__
    self.storage = StorageFactory().get_storage(self.args.storage_type, self.args.storage_root,
  File "/projects/bdau/envs/sc2026/lib/python3.9/site-packages/dlio_benchmark/storage/storage_factory.py", line 29, in get_storage
    return FileStorage(namespace, framework)
  File "/projects/bdau/envs/sc2026/lib/python3.9/site-packages/dftracer/logger.py", line 275, in new_init
    init(*args, **kwargs)
  File "/projects/bdau/envs/sc2026/lib/python3.9/site-packages/dlio_benchmark/storage/file_storage.py", line 38, in __init__
    super().__init__(framework)
  File "/projects/bdau/envs/sc2026/lib/python3.9/site-packages/dlio_benchmark/storage/storage_handler.py", line 30, in __init__
    self.framework = FrameworkFactory().get_framework(self._args.framework, profiling=False)
  File "/projects/bdau/envs/sc2026/lib/python3.9/site-packages/dlio_benchmark/framework/framework_factory.py", line 32, in get_framework
    from dlio_benchmark.framework.torch_framework import TorchFramework
  File "/projects/bdau/envs/sc2026/lib/python3.9/site-packages/dlio_benchmark/framework/torch_framework.py", line 24, in <module>
    import torch
  File "/projects/bdau/envs/sc2026/lib/python3.9/site-packages/torch/__init__.py", line 416, in <module>
    from torch._C import *  # noqa: F403
ImportError: /projects/bdau/envs/sc2026/lib/python3.9/site-packages/torch/lib/../../nvidia/cusparse/lib/libcusparse.so.12: undefined symbol: __nvJitLinkCreate_12_8, version libnvJitLink.so.12

Set the environment variable HYDRA_FULL_ERROR=1 for a complete stack trace.
Traceback (most recent call last):
  File "/projects/bdau/envs/sc2026/lib/python3.9/site-packages/dlio_benchmark/main.py", line 383, in run_benchmark
    benchmark = DLIOBenchmark(cfg['workload'])
  File "/projects/bdau/envs/sc2026/lib/python3.9/site-packages/dlio_benchmark/main.py", line 72, in __init__
    self.storage = StorageFactory().get_storage(self.args.storage_type, self.args.storage_root,
  File "/projects/bdau/envs/sc2026/lib/python3.9/site-packages/dlio_benchmark/storage/storage_factory.py", line 29, in get_storage
    return FileStorage(namespace, framework)
  File "/projects/bdau/envs/sc2026/lib/python3.9/site-packages/dftracer/logger.py", line 275, in new_init
    init(*args, **kwargs)
  File "/projects/bdau/envs/sc2026/lib/python3.9/site-packages/dlio_benchmark/storage/file_storage.py", line 38, in __init__
    super().__init__(framework)
  File "/projects/bdau/envs/sc2026/lib/python3.9/site-packages/dlio_benchmark/storage/storage_handler.py", line 30, in __init__
    self.framework = FrameworkFactory().get_framework(self._args.framework, profiling=False)
  File "/projects/bdau/envs/sc2026/lib/python3.9/site-packages/dlio_benchmark/framework/framework_factory.py", line 32, in get_framework
    from dlio_benchmark.framework.torch_framework import TorchFramework
  File "/projects/bdau/envs/sc2026/lib/python3.9/site-packages/dlio_benchmark/framework/torch_framework.py", line 24, in <module>
    import torch
  File "/projects/bdau/envs/sc2026/lib/python3.9/site-packages/torch/__init__.py", line 416, in <module>
    from torch._C import *  # noqa: F403
ImportError: /projects/bdau/envs/sc2026/lib/python3.9/site-packages/torch/lib/../../nvidia/cusparse/lib/libcusparse.so.12: undefined symbol: __nvJitLinkCreate_12_8, version libnvJitLink.so.12

Set the environment variable HYDRA_FULL_ERROR=1 for a complete stack trace.

Set the environment variable HYDRA_FULL_ERROR=1 for a complete stack trace.

Set the environment variable HYDRA_FULL_ERROR=1 for a complete stack trace.
Traceback (most recent call last):
  File "/projects/bdau/envs/sc2026/lib/python3.9/site-packages/dlio_benchmark/main.py", line 383, in run_benchmark
    benchmark = DLIOBenchmark(cfg['workload'])
  File "/projects/bdau/envs/sc2026/lib/python3.9/site-packages/dlio_benchmark/main.py", line 72, in __init__
    self.storage = StorageFactory().get_storage(self.args.storage_type, self.args.storage_root,
  File "/projects/bdau/envs/sc2026/lib/python3.9/site-packages/dlio_benchmark/storage/storage_factory.py", line 29, in get_storage
    return FileStorage(namespace, framework)
  File "/projects/bdau/envs/sc2026/lib/python3.9/site-packages/dftracer/logger.py", line 275, in new_init
    init(*args, **kwargs)
  File "/projects/bdau/envs/sc2026/lib/python3.9/site-packages/dlio_benchmark/storage/file_storage.py", line 38, in __init__
    super().__init__(framework)
  File "/projects/bdau/envs/sc2026/lib/python3.9/site-packages/dlio_benchmark/storage/storage_handler.py", line 30, in __init__
    self.framework = FrameworkFactory().get_framework(self._args.framework, profiling=False)
  File "/projects/bdau/envs/sc2026/lib/python3.9/site-packages/dlio_benchmark/framework/framework_factory.py", line 32, in get_framework
    from dlio_benchmark.framework.torch_framework import TorchFramework
  File "/projects/bdau/envs/sc2026/lib/python3.9/site-packages/dlio_benchmark/framework/torch_framework.py", line 24, in <module>
    import torch
  File "/projects/bdau/envs/sc2026/lib/python3.9/site-packages/torch/__init__.py", line 416, in <module>
    from torch._C import *  # noqa: F403
ImportError: /projects/bdau/envs/sc2026/lib/python3.9/site-packages/torch/lib/../../nvidia/cusparse/lib/libcusparse.so.12: undefined symbol: __nvJitLinkCreate_12_8, version libnvJitLink.so.12

Set the environment variable HYDRA_FULL_ERROR=1 for a complete stack trace.
srun: error: cn104: tasks 0-15: Exited with exit code 1
Error executing job with overrides: ['workload=unet3d_v100', '++workload.workflow.generate_data=False', '++workload.workflow.train=True', '++workload.dataset.data_folder=/work/hdd/bdau/mbanisharifdehkordi/bench_scratch/iterative/iter_dlio_shuffle_heavy_r0_baseline', '++workload.dataset.record_length=65536', '++workload.dataset.num_files_train=5000', '++workload.dataset.num_samples_per_file=1', '++workload.reader.batch_size=1', '++workload.reader.read_threads=1', '++workload.train.computation_time=0.01', '++workload.train.epochs=2', '++workload.train.seed=42', '++workload.dataset.format=npz', '++workload.reader.sample_shuffle=random', '++workload.reader.file_shuffle=random']
Error executing job with overrides: ['workload=unet3d_v100', '++workload.workflow.generate_data=False', '++workload.workflow.train=True', '++workload.dataset.data_folder=/work/hdd/bdau/mbanisharifdehkordi/bench_scratch/iterative/iter_dlio_shuffle_heavy_r0_baseline', '++workload.dataset.record_length=65536', '++workload.dataset.num_files_train=5000', '++workload.dataset.num_samples_per_file=1', '++workload.reader.batch_size=1', '++workload.reader.read_threads=1', '++workload.train.computation_time=0.01', '++workload.train.epochs=2', '++workload.train.seed=42', '++workload.dataset.format=npz', '++workload.reader.sample_shuffle=random', '++workload.reader.file_shuffle=random']
Error executing job with overrides: ['workload=unet3d_v100', '++workload.workflow.generate_data=False', '++workload.workflow.train=True', '++workload.dataset.data_folder=/work/hdd/bdau/mbanisharifdehkordi/bench_scratch/iterative/iter_dlio_shuffle_heavy_r0_baseline', '++workload.dataset.record_length=65536', '++workload.dataset.num_files_train=5000', '++workload.dataset.num_samples_per_file=1', '++workload.reader.batch_size=1', '++workload.reader.read_threads=1', '++workload.train.computation_time=0.01', '++workload.train.epochs=2', '++workload.train.seed=42', '++workload.dataset.format=npz', '++workload.reader.sample_shuffle=random', '++workload.reader.file_shuffle=random']
Error executing job with overrides: ['workload=unet3d_v100', '++workload.workflow.generate_data=False', '++workload.workflow.train=True', '++workload.dataset.data_folder=/work/hdd/bdau/mbanisharifdehkordi/bench_scratch/iterative/iter_dlio_shuffle_heavy_r0_baseline', '++workload.dataset.record_length=65536', '++workload.dataset.num_files_train=5000', '++workload.dataset.num_samples_per_file=1', '++workload.reader.batch_size=1', '++workload.reader.read_threads=1', '++workload.train.computation_time=0.01', '++workload.train.epochs=2', '++workload.train.seed=42', '++workload.dataset.format=npz', '++workload.reader.sample_shuffle=random', '++workload.reader.file_shuffle=random']
Error executing job with overrides: ['workload=unet3d_v100', '++workload.workflow.generate_data=False', '++workload.workflow.train=True', '++workload.dataset.data_folder=/work/hdd/bdau/mbanisharifdehkordi/bench_scratch/iterative/iter_dlio_shuffle_heavy_r0_baseline', '++workload.dataset.record_length=65536', '++workload.dataset.num_files_train=5000', '++workload.dataset.num_samples_per_file=1', '++workload.reader.batch_size=1', '++workload.reader.read_threads=1', '++workload.train.computation_time=0.01', '++workload.train.epochs=2', '++workload.train.seed=42', '++workload.dataset.format=npz', '++workload.reader.sample_shuffle=random', '++workload.reader.file_shuffle=random']
Error executing job with overrides: ['workload=unet3d_v100', '++workload.workflow.generate_data=False', '++workload.workflow.train=True', '++workload.dataset.data_folder=/work/hdd/bdau/mbanisharifdehkordi/bench_scratch/iterative/iter_dlio_shuffle_heavy_r0_baseline', '++workload.dataset.record_length=65536', '++workload.dataset.num_files_train=5000', '++workload.dataset.num_samples_per_file=1', '++workload.reader.batch_size=1', '++workload.reader.read_threads=1', '++workload.train.computation_time=0.01', '++workload.train.epochs=2', '++workload.train.seed=42', '++workload.dataset.format=npz', '++workload.reader.sample_shuffle=random', '++workload.reader.file_shuffle=random']
Error executing job with overrides: ['workload=unet3d_v100', '++workload.workflow.generate_data=False', '++workload.workflow.train=True', '++workload.dataset.data_folder=/work/hdd/bdau/mbanisharifdehkordi/bench_scratch/iterative/iter_dlio_shuffle_heavy_r0_baseline', '++workload.dataset.record_length=65536', '++workload.dataset.num_files_train=5000', '++workload.dataset.num_samples_per_file=1', '++workload.reader.batch_size=1', '++workload.reader.read_threads=1', '++workload.train.computation_time=0.01', '++workload.train.epochs=2', '++workload.train.seed=42', '++workload.dataset.format=npz', '++workload.reader.sample_shuffle=random', '++workload.reader.file_shuffle=random']
Error executing job with overrides: ['workload=unet3d_v100', '++workload.workflow.generate_data=False', '++workload.workflow.train=True', '++workload.dataset.data_folder=/work/hdd/bdau/mbanisharifdehkordi/bench_scratch/iterative/iter_dlio_shuffle_heavy_r0_baseline', '++workload.dataset.record_length=65536', '++workload.dataset.num_files_train=5000', '++workload.dataset.num_samples_per_file=1', '++workload.reader.batch_size=1', '++workload.reader.read_threads=1', '++workload.train.computation_time=0.01', '++workload.train.epochs=2', '++workload.train.seed=42', '++workload.dataset.format=npz', '++workload.reader.sample_shuffle=random', '++workload.reader.file_shuffle=random']
Error executing job with overrides: ['workload=unet3d_v100', '++workload.workflow.generate_data=False', '++workload.workflow.train=True', '++workload.dataset.data_folder=/work/hdd/bdau/mbanisharifdehkordi/bench_scratch/iterative/iter_dlio_shuffle_heavy_r0_baseline', '++workload.dataset.record_length=65536', '++workload.dataset.num_files_train=5000', '++workload.dataset.num_samples_per_file=1', '++workload.reader.batch_size=1', '++workload.reader.read_threads=1', '++workload.train.computation_time=0.01', '++workload.train.epochs=2', '++workload.train.seed=42', '++workload.dataset.format=npz', '++workload.reader.sample_shuffle=random', '++workload.reader.file_shuffle=random']
Error executing job with overrides: ['workload=unet3d_v100', '++workload.workflow.generate_data=False', '++workload.workflow.train=True', '++workload.dataset.data_folder=/work/hdd/bdau/mbanisharifdehkordi/bench_scratch/iterative/iter_dlio_shuffle_heavy_r0_baseline', '++workload.dataset.record_length=65536', '++workload.dataset.num_files_train=5000', '++workload.dataset.num_samples_per_file=1', '++workload.reader.batch_size=1', '++workload.reader.read_threads=1', '++workload.train.computation_time=0.01', '++workload.train.epochs=2', '++workload.train.seed=42', '++workload.dataset.format=npz', '++workload.reader.sample_shuffle=random', '++workload.reader.file_shuffle=random']
Error executing job with overrides: ['workload=unet3d_v100', '++workload.workflow.generate_data=False', '++workload.workflow.train=True', '++workload.dataset.data_folder=/work/hdd/bdau/mbanisharifdehkordi/bench_scratch/iterative/iter_dlio_shuffle_heavy_r0_baseline', '++workload.dataset.record_length=65536', '++workload.dataset.num_files_train=5000', '++workload.dataset.num_samples_per_file=1', '++workload.reader.batch_size=1', '++workload.reader.read_threads=1', '++workload.train.computation_time=0.01', '++workload.train.epochs=2', '++workload.train.seed=42', '++workload.dataset.format=npz', '++workload.reader.sample_shuffle=random', '++workload.reader.file_shuffle=random']
Error executing job with overrides: ['workload=unet3d_v100', '++workload.workflow.generate_data=False', '++workload.workflow.train=True', '++workload.dataset.data_folder=/work/hdd/bdau/mbanisharifdehkordi/bench_scratch/iterative/iter_dlio_shuffle_heavy_r0_baseline', '++workload.dataset.record_length=65536', '++workload.dataset.num_files_train=5000', '++workload.dataset.num_samples_per_file=1', '++workload.reader.batch_size=1', '++workload.reader.read_threads=1', '++workload.train.computation_time=0.01', '++workload.train.epochs=2', '++workload.train.seed=42', '++workload.dataset.format=npz', '++workload.reader.sample_shuffle=random', '++workload.reader.file_shuffle=random']
Error executing job with overrides: ['workload=unet3d_v100', '++workload.workflow.generate_data=False', '++workload.workflow.train=True', '++workload.dataset.data_folder=/work/hdd/bdau/mbanisharifdehkordi/bench_scratch/iterative/iter_dlio_shuffle_heavy_r0_baseline', '++workload.dataset.record_length=65536', '++workload.dataset.num_files_train=5000', '++workload.dataset.num_samples_per_file=1', '++workload.reader.batch_size=1', '++workload.reader.read_threads=1', '++workload.train.computation_time=0.01', '++workload.train.epochs=2', '++workload.train.seed=42', '++workload.dataset.format=npz', '++workload.reader.sample_shuffle=random', '++workload.reader.file_shuffle=random']
Error executing job with overrides: ['workload=unet3d_v100', '++workload.workflow.generate_data=False', '++workload.workflow.train=True', '++workload.dataset.data_folder=/work/hdd/bdau/mbanisharifdehkordi/bench_scratch/iterative/iter_dlio_shuffle_heavy_r0_baseline', '++workload.dataset.record_length=65536', '++workload.dataset.num_files_train=5000', '++workload.dataset.num_samples_per_file=1', '++workload.reader.batch_size=1', '++workload.reader.read_threads=1', '++workload.train.computation_time=0.01', '++workload.train.epochs=2', '++workload.train.seed=42', '++workload.dataset.format=npz', '++workload.reader.sample_shuffle=random', '++workload.reader.file_shuffle=random']
Error executing job with overrides: ['workload=unet3d_v100', '++workload.workflow.generate_data=False', '++workload.workflow.train=True', '++workload.dataset.data_folder=/work/hdd/bdau/mbanisharifdehkordi/bench_scratch/iterative/iter_dlio_shuffle_heavy_r0_baseline', '++workload.dataset.record_length=65536', '++workload.dataset.num_files_train=5000', '++workload.dataset.num_samples_per_file=1', '++workload.reader.batch_size=1', '++workload.reader.read_threads=1', '++workload.train.computation_time=0.01', '++workload.train.epochs=2', '++workload.train.seed=42', '++workload.dataset.format=npz', '++workload.reader.sample_shuffle=random', '++workload.reader.file_shuffle=random']
Error executing job with overrides: ['workload=unet3d_v100', '++workload.workflow.generate_data=False', '++workload.workflow.train=True', '++workload.dataset.data_folder=/work/hdd/bdau/mbanisharifdehkordi/bench_scratch/iterative/iter_dlio_shuffle_heavy_r0_baseline', '++workload.dataset.record_length=65536', '++workload.dataset.num_files_train=5000', '++workload.dataset.num_samples_per_file=1', '++workload.reader.batch_size=1', '++workload.reader.read_threads=1', '++workload.train.computation_time=0.01', '++workload.train.epochs=2', '++workload.train.seed=42', '++workload.dataset.format=npz', '++workload.reader.sample_shuffle=random', '++workload.reader.file_shuffle=random']
Traceback (most recent call last):
  File "/projects/bdau/envs/sc2026/lib/python3.9/site-packages/dlio_benchmark/main.py", line 383, in run_benchmark
    benchmark = DLIOBenchmark(cfg['workload'])
  File "/projects/bdau/envs/sc2026/lib/python3.9/site-packages/dlio_benchmark/main.py", line 72, in __init__
    self.storage = StorageFactory().get_storage(self.args.storage_type, self.args.storage_root,
  File "/projects/bdau/envs/sc2026/lib/python3.9/site-packages/dlio_benchmark/storage/storage_factory.py", line 29, in get_storage
    return FileStorage(namespace, framework)
  File "/projects/bdau/envs/sc2026/lib/python3.9/site-packages/dftracer/logger.py", line 275, in new_init
    init(*args, **kwargs)
  File "/projects/bdau/envs/sc2026/lib/python3.9/site-packages/dlio_benchmark/storage/file_storage.py", line 38, in __init__
    super().__init__(framework)
  File "/projects/bdau/envs/sc2026/lib/python3.9/site-packages/dlio_benchmark/storage/storage_handler.py", line 30, in __init__
    self.framework = FrameworkFactory().get_framework(self._args.framework, profiling=False)
  File "/projects/bdau/envs/sc2026/lib/python3.9/site-packages/dlio_benchmark/framework/framework_factory.py", line 32, in get_framework
    from dlio_benchmark.framework.torch_framework import TorchFramework
  File "/projects/bdau/envs/sc2026/lib/python3.9/site-packages/dlio_benchmark/framework/torch_framework.py", line 24, in <module>
    import torch
  File "/projects/bdau/envs/sc2026/lib/python3.9/site-packages/torch/__init__.py", line 416, in <module>
    from torch._C import *  # noqa: F403
ImportError: /projects/bdau/envs/sc2026/lib/python3.9/site-packages/torch/lib/../../nvidia/cusparse/lib/libcusparse.so.12: undefined symbol: __nvJitLinkCreate_12_8, version libnvJitLink.so.12

Set the environment variable HYDRA_FULL_ERROR=1 for a complete stack trace.
Traceback (most recent call last):
Traceback (most recent call last):
Traceback (most recent call last):
  File "/projects/bdau/envs/sc2026/lib/python3.9/site-packages/dlio_benchmark/main.py", line 383, in run_benchmark
    benchmark = DLIOBenchmark(cfg['workload'])
  File "/projects/bdau/envs/sc2026/lib/python3.9/site-packages/dlio_benchmark/main.py", line 72, in __init__
    self.storage = StorageFactory().get_storage(self.args.storage_type, self.args.storage_root,
  File "/projects/bdau/envs/sc2026/lib/python3.9/site-packages/dlio_benchmark/storage/storage_factory.py", line 29, in get_storage
    return FileStorage(namespace, framework)
  File "/projects/bdau/envs/sc2026/lib/python3.9/site-packages/dftracer/logger.py", line 275, in new_init
    init(*args, **kwargs)
  File "/projects/bdau/envs/sc2026/lib/python3.9/site-packages/dlio_benchmark/storage/file_storage.py", line 38, in __init__
    super().__init__(framework)
  File "/projects/bdau/envs/sc2026/lib/python3.9/site-packages/dlio_benchmark/storage/storage_handler.py", line 30, in __init__
    self.framework = FrameworkFactory().get_framework(self._args.framework, profiling=False)
  File "/projects/bdau/envs/sc2026/lib/python3.9/site-packages/dlio_benchmark/framework/framework_factory.py", line 32, in get_framework
    from dlio_benchmark.framework.torch_framework import TorchFramework
  File "/projects/bdau/envs/sc2026/lib/python3.9/site-packages/dlio_benchmark/framework/torch_framework.py", line 24, in <module>
    import torch
  File "/projects/bdau/envs/sc2026/lib/python3.9/site-packages/torch/__init__.py", line 416, in <module>
    from torch._C import *  # noqa: F403
  File "/projects/bdau/envs/sc2026/lib/python3.9/site-packages/dlio_benchmark/main.py", line 383, in run_benchmark
    benchmark = DLIOBenchmark(cfg['workload'])
  File "/projects/bdau/envs/sc2026/lib/python3.9/site-packages/dlio_benchmark/main.py", line 72, in __init__
    self.storage = StorageFactory().get_storage(self.args.storage_type, self.args.storage_root,
  File "/projects/bdau/envs/sc2026/lib/python3.9/site-packages/dlio_benchmark/storage/storage_factory.py", line 29, in get_storage
    return FileStorage(namespace, framework)
  File "/projects/bdau/envs/sc2026/lib/python3.9/site-packages/dftracer/logger.py", line 275, in new_init
    init(*args, **kwargs)
  File "/projects/bdau/envs/sc2026/lib/python3.9/site-packages/dlio_benchmark/storage/file_storage.py", line 38, in __init__
    super().__init__(framework)
  File "/projects/bdau/envs/sc2026/lib/python3.9/site-packages/dlio_benchmark/storage/storage_handler.py", line 30, in __init__
    self.framework = FrameworkFactory().get_framework(self._args.framework, profiling=False)
  File "/projects/bdau/envs/sc2026/lib/python3.9/site-packages/dlio_benchmark/framework/framework_factory.py", line 32, in get_framework
    from dlio_benchmark.framework.torch_framework import TorchFramework
  File "/projects/bdau/envs/sc2026/lib/python3.9/site-packages/dlio_benchmark/framework/torch_framework.py", line 24, in <module>
    import torch
  File "/projects/bdau/envs/sc2026/lib/python3.9/site-packages/torch/__init__.py", line 416, in <module>
    from torch._C import *  # noqa: F403
  File "/projects/bdau/envs/sc2026/lib/python3.9/site-packages/dlio_benchmark/main.py", line 383, in run_benchmark
    benchmark = DLIOBenchmark(cfg['workload'])
  File "/projects/bdau/envs/sc2026/lib/python3.9/site-packages/dlio_benchmark/main.py", line 72, in __init__
    self.storage = StorageFactory().get_storage(self.args.storage_type, self.args.storage_root,
  File "/projects/bdau/envs/sc2026/lib/python3.9/site-packages/dlio_benchmark/storage/storage_factory.py", line 29, in get_storage
    return FileStorage(namespace, framework)
  File "/projects/bdau/envs/sc2026/lib/python3.9/site-packages/dftracer/logger.py", line 275, in new_init
    init(*args, **kwargs)
  File "/projects/bdau/envs/sc2026/lib/python3.9/site-packages/dlio_benchmark/storage/file_storage.py", line 38, in __init__
    super().__init__(framework)
  File "/projects/bdau/envs/sc2026/lib/python3.9/site-packages/dlio_benchmark/storage/storage_handler.py", line 30, in __init__
    self.framework = FrameworkFactory().get_framework(self._args.framework, profiling=False)
  File "/projects/bdau/envs/sc2026/lib/python3.9/site-packages/dlio_benchmark/framework/framework_factory.py", line 32, in get_framework
    from dlio_benchmark.framework.torch_framework import TorchFramework
  File "/projects/bdau/envs/sc2026/lib/python3.9/site-packages/dlio_benchmark/framework/torch_framework.py", line 24, in <module>
    import torch
  File "/projects/bdau/envs/sc2026/lib/python3.9/site-packages/torch/__init__.py", line 416, in <module>
    from torch._C import *  # noqa: F403
ImportError: /projects/bdau/envs/sc2026/lib/python3.9/site-packages/torch/lib/../../nvidia/cusparse/lib/libcusparse.so.12: undefined symbol: __nvJitLinkCreate_12_8, version libnvJitLink.so.12

Set the environment variable HYDRA_FULL_ERROR=1 for a complete stack trace.
ImportError: /projects/bdau/envs/sc2026/lib/python3.9/site-packages/torch/lib/../../nvidia/cusparse/lib/libcusparse.so.12: undefined symbol: __nvJitLinkCreate_12_8, version libnvJitLink.so.12

Set the environment variable HYDRA_FULL_ERROR=1 for a complete stack trace.
ImportError: /projects/bdau/envs/sc2026/lib/python3.9/site-packages/torch/lib/../../nvidia/cusparse/lib/libcusparse.so.12: undefined symbol: __nvJitLinkCreate_12_8, version libnvJitLink.so.12

Set the environment variable HYDRA_FULL_ERROR=1 for a complete stack trace.
Traceback (most recent call last):
  File "/projects/bdau/envs/sc2026/lib/python3.9/site-packages/dlio_benchmark/main.py", line 383, in run_benchmark
    benchmark = DLIOBenchmark(cfg['workload'])
  File "/projects/bdau/envs/sc2026/lib/python3.9/site-packages/dlio_benchmark/main.py", line 72, in __init__
    self.storage = StorageFactory().get_storage(self.args.storage_type, self.args.storage_root,
  File "/projects/bdau/envs/sc2026/lib/python3.9/site-packages/dlio_benchmark/storage/storage_factory.py", line 29, in get_storage
    return FileStorage(namespace, framework)
  File "/projects/bdau/envs/sc2026/lib/python3.9/site-packages/dftracer/logger.py", line 275, in new_init
    init(*args, **kwargs)
  File "/projects/bdau/envs/sc2026/lib/python3.9/site-packages/dlio_benchmark/storage/file_storage.py", line 38, in __init__
    super().__init__(framework)
  File "/projects/bdau/envs/sc2026/lib/python3.9/site-packages/dlio_benchmark/storage/storage_handler.py", line 30, in __init__
    self.framework = FrameworkFactory().get_framework(self._args.framework, profiling=False)
  File "/projects/bdau/envs/sc2026/lib/python3.9/site-packages/dlio_benchmark/framework/framework_factory.py", line 32, in get_framework
    from dlio_benchmark.framework.torch_framework import TorchFramework
  File "/projects/bdau/envs/sc2026/lib/python3.9/site-packages/dlio_benchmark/framework/torch_framework.py", line 24, in <module>
    import torch
  File "/projects/bdau/envs/sc2026/lib/python3.9/site-packages/torch/__init__.py", line 416, in <module>
    from torch._C import *  # noqa: F403
ImportError: /projects/bdau/envs/sc2026/lib/python3.9/site-packages/torch/lib/../../nvidia/cusparse/lib/libcusparse.so.12: undefined symbol: __nvJitLinkCreate_12_8, version libnvJitLink.so.12

Set the environment variable HYDRA_FULL_ERROR=1 for a complete stack trace.
Traceback (most recent call last):
Traceback (most recent call last):
  File "/projects/bdau/envs/sc2026/lib/python3.9/site-packages/dlio_benchmark/main.py", line 383, in run_benchmark
    benchmark = DLIOBenchmark(cfg['workload'])
  File "/projects/bdau/envs/sc2026/lib/python3.9/site-packages/dlio_benchmark/main.py", line 72, in __init__
    self.storage = StorageFactory().get_storage(self.args.storage_type, self.args.storage_root,
  File "/projects/bdau/envs/sc2026/lib/python3.9/site-packages/dlio_benchmark/storage/storage_factory.py", line 29, in get_storage
    return FileStorage(namespace, framework)
  File "/projects/bdau/envs/sc2026/lib/python3.9/site-packages/dftracer/logger.py", line 275, in new_init
    init(*args, **kwargs)
  File "/projects/bdau/envs/sc2026/lib/python3.9/site-packages/dlio_benchmark/storage/file_storage.py", line 38, in __init__
    super().__init__(framework)
  File "/projects/bdau/envs/sc2026/lib/python3.9/site-packages/dlio_benchmark/storage/storage_handler.py", line 30, in __init__
    self.framework = FrameworkFactory().get_framework(self._args.framework, profiling=False)
  File "/projects/bdau/envs/sc2026/lib/python3.9/site-packages/dlio_benchmark/framework/framework_factory.py", line 32, in get_framework
    from dlio_benchmark.framework.torch_framework import TorchFramework
  File "/projects/bdau/envs/sc2026/lib/python3.9/site-packages/dlio_benchmark/framework/torch_framework.py", line 24, in <module>
    import torch
Traceback (most recent call last):
  File "/projects/bdau/envs/sc2026/lib/python3.9/site-packages/dlio_benchmark/main.py", line 383, in run_benchmark
    benchmark = DLIOBenchmark(cfg['workload'])
  File "/projects/bdau/envs/sc2026/lib/python3.9/site-packages/dlio_benchmark/main.py", line 72, in __init__
    self.storage = StorageFactory().get_storage(self.args.storage_type, self.args.storage_root,
  File "/projects/bdau/envs/sc2026/lib/python3.9/site-packages/dlio_benchmark/storage/storage_factory.py", line 29, in get_storage
    return FileStorage(namespace, framework)
  File "/projects/bdau/envs/sc2026/lib/python3.9/site-packages/dftracer/logger.py", line 275, in new_init
    init(*args, **kwargs)
  File "/projects/bdau/envs/sc2026/lib/python3.9/site-packages/dlio_benchmark/main.py", line 383, in run_benchmark
    benchmark = DLIOBenchmark(cfg['workload'])
  File "/projects/bdau/envs/sc2026/lib/python3.9/site-packages/dlio_benchmark/main.py", line 72, in __init__
    self.storage = StorageFactory().get_storage(self.args.storage_type, self.args.storage_root,
  File "/projects/bdau/envs/sc2026/lib/python3.9/site-packages/dlio_benchmark/storage/storage_factory.py", line 29, in get_storage
    return FileStorage(namespace, framework)
  File "/projects/bdau/envs/sc2026/lib/python3.9/site-packages/dftracer/logger.py", line 275, in new_init
    init(*args, **kwargs)
  File "/projects/bdau/envs/sc2026/lib/python3.9/site-packages/dlio_benchmark/storage/file_storage.py", line 38, in __init__
    super().__init__(framework)
  File "/projects/bdau/envs/sc2026/lib/python3.9/site-packages/torch/__init__.py", line 416, in <module>
    from torch._C import *  # noqa: F403
ImportError: /projects/bdau/envs/sc2026/lib/python3.9/site-packages/torch/lib/../../nvidia/cusparse/lib/libcusparse.so.12: undefined symbol: __nvJitLinkCreate_12_8, version libnvJitLink.so.12

Set the environment variable HYDRA_FULL_ERROR=1 for a complete stack trace.
  File "/projects/bdau/envs/sc2026/lib/python3.9/site-packages/dlio_benchmark/storage/file_storage.py", line 38, in __init__
    super().__init__(framework)
  File "/projects/bdau/envs/sc2026/lib/python3.9/site-packages/dlio_benchmark/storage/storage_handler.py", line 30, in __init__
    self.framework = FrameworkFactory().get_framework(self._args.framework, profiling=False)
  File "/projects/bdau/envs/sc2026/lib/python3.9/site-packages/dlio_benchmark/framework/framework_factory.py", line 32, in get_framework
    from dlio_benchmark.framework.torch_framework import TorchFramework
  File "/projects/bdau/envs/sc2026/lib/python3.9/site-packages/dlio_benchmark/framework/torch_framework.py", line 24, in <module>
    import torch
  File "/projects/bdau/envs/sc2026/lib/python3.9/site-packages/torch/__init__.py", line 416, in <module>
    from torch._C import *  # noqa: F403
ImportError: /projects/bdau/envs/sc2026/lib/python3.9/site-packages/torch/lib/../../nvidia/cusparse/lib/libcusparse.so.12: undefined symbol: __nvJitLinkCreate_12_8, version libnvJitLink.so.12
  File "/projects/bdau/envs/sc2026/lib/python3.9/site-packages/dlio_benchmark/storage/storage_handler.py", line 30, in __init__
    self.framework = FrameworkFactory().get_framework(self._args.framework, profiling=False)
  File "/projects/bdau/envs/sc2026/lib/python3.9/site-packages/dlio_benchmark/framework/framework_factory.py", line 32, in get_framework
    from dlio_benchmark.framework.torch_framework import TorchFramework
  File "/projects/bdau/envs/sc2026/lib/python3.9/site-packages/dlio_benchmark/framework/torch_framework.py", line 24, in <module>
    import torch
  File "/projects/bdau/envs/sc2026/lib/python3.9/site-packages/torch/__init__.py", line 416, in <module>
    from torch._C import *  # noqa: F403
ImportError: /projects/bdau/envs/sc2026/lib/python3.9/site-packages/torch/lib/../../nvidia/cusparse/lib/libcusparse.so.12: undefined symbol: __nvJitLinkCreate_12_8, version libnvJitLink.so.12

Set the environment variable HYDRA_FULL_ERROR=1 for a complete stack trace.

Set the environment variable HYDRA_FULL_ERROR=1 for a complete stack trace.
Traceback (most recent call last):
  File "/projects/bdau/envs/sc2026/lib/python3.9/site-packages/dlio_benchmark/main.py", line 383, in run_benchmark
    benchmark = DLIOBenchmark(cfg['workload'])
  File "/projects/bdau/envs/sc2026/lib/python3.9/site-packages/dlio_benchmark/main.py", line 72, in __init__
    self.storage = StorageFactory().get_storage(self.args.storage_type, self.args.storage_root,
  File "/projects/bdau/envs/sc2026/lib/python3.9/site-packages/dlio_benchmark/storage/storage_factory.py", line 29, in get_storage
    return FileStorage(namespace, framework)
  File "/projects/bdau/envs/sc2026/lib/python3.9/site-packages/dftracer/logger.py", line 275, in new_init
    init(*args, **kwargs)
  File "/projects/bdau/envs/sc2026/lib/python3.9/site-packages/dlio_benchmark/storage/file_storage.py", line 38, in __init__
    super().__init__(framework)
  File "/projects/bdau/envs/sc2026/lib/python3.9/site-packages/dlio_benchmark/storage/storage_handler.py", line 30, in __init__
    self.framework = FrameworkFactory().get_framework(self._args.framework, profiling=False)
  File "/projects/bdau/envs/sc2026/lib/python3.9/site-packages/dlio_benchmark/framework/framework_factory.py", line 32, in get_framework
    from dlio_benchmark.framework.torch_framework import TorchFramework
  File "/projects/bdau/envs/sc2026/lib/python3.9/site-packages/dlio_benchmark/framework/torch_framework.py", line 24, in <module>
    import torch
  File "/projects/bdau/envs/sc2026/lib/python3.9/site-packages/torch/__init__.py", line 416, in <module>
    from torch._C import *  # noqa: F403
ImportError: /projects/bdau/envs/sc2026/lib/python3.9/site-packages/torch/lib/../../nvidia/cusparse/lib/libcusparse.so.12: undefined symbol: __nvJitLinkCreate_12_8, version libnvJitLink.so.12

Set the environment variable HYDRA_FULL_ERROR=1 for a complete stack trace.
Traceback (most recent call last):
  File "/projects/bdau/envs/sc2026/lib/python3.9/site-packages/dlio_benchmark/main.py", line 383, in run_benchmark
    benchmark = DLIOBenchmark(cfg['workload'])
  File "/projects/bdau/envs/sc2026/lib/python3.9/site-packages/dlio_benchmark/main.py", line 72, in __init__
    self.storage = StorageFactory().get_storage(self.args.storage_type, self.args.storage_root,
  File "/projects/bdau/envs/sc2026/lib/python3.9/site-packages/dlio_benchmark/storage/storage_factory.py", line 29, in get_storage
    return FileStorage(namespace, framework)
  File "/projects/bdau/envs/sc2026/lib/python3.9/site-packages/dftracer/logger.py", line 275, in new_init
    init(*args, **kwargs)
  File "/projects/bdau/envs/sc2026/lib/python3.9/site-packages/dlio_benchmark/storage/file_storage.py", line 38, in __init__
    super().__init__(framework)
  File "/projects/bdau/envs/sc2026/lib/python3.9/site-packages/dlio_benchmark/storage/storage_handler.py", line 30, in __init__
    self.framework = FrameworkFactory().get_framework(self._args.framework, profiling=False)
  File "/projects/bdau/envs/sc2026/lib/python3.9/site-packages/dlio_benchmark/framework/framework_factory.py", line 32, in get_framework
    from dlio_benchmark.framework.torch_framework import TorchFramework
  File "/projects/bdau/envs/sc2026/lib/python3.9/site-packages/dlio_benchmark/framework/torch_framework.py", line 24, in <module>
    import torch
  File "/projects/bdau/envs/sc2026/lib/python3.9/site-packages/torch/__init__.py", line 416, in <module>
    from torch._C import *  # noqa: F403
ImportError: /projects/bdau/envs/sc2026/lib/python3.9/site-packages/torch/lib/../../nvidia/cusparse/lib/libcusparse.so.12: undefined symbol: __nvJitLinkCreate_12_8, version libnvJitLink.so.12

Set the environment variable HYDRA_FULL_ERROR=1 for a complete stack trace.
Traceback (most recent call last):
Traceback (most recent call last):
  File "/projects/bdau/envs/sc2026/lib/python3.9/site-packages/dlio_benchmark/main.py", line 383, in run_benchmark
    benchmark = DLIOBenchmark(cfg['workload'])
  File "/projects/bdau/envs/sc2026/lib/python3.9/site-packages/dlio_benchmark/main.py", line 72, in __init__
    self.storage = StorageFactory().get_storage(self.args.storage_type, self.args.storage_root,
  File "/projects/bdau/envs/sc2026/lib/python3.9/site-packages/dlio_benchmark/main.py", line 383, in run_benchmark
    benchmark = DLIOBenchmark(cfg['workload'])
  File "/projects/bdau/envs/sc2026/lib/python3.9/site-packages/dlio_benchmark/main.py", line 72, in __init__
    self.storage = StorageFactory().get_storage(self.args.storage_type, self.args.storage_root,
  File "/projects/bdau/envs/sc2026/lib/python3.9/site-packages/dlio_benchmark/storage/storage_factory.py", line 29, in get_storage
    return FileStorage(namespace, framework)
  File "/projects/bdau/envs/sc2026/lib/python3.9/site-packages/dftracer/logger.py", line 275, in new_init
    init(*args, **kwargs)
  File "/projects/bdau/envs/sc2026/lib/python3.9/site-packages/dlio_benchmark/storage/file_storage.py", line 38, in __init__
    super().__init__(framework)
  File "/projects/bdau/envs/sc2026/lib/python3.9/site-packages/dlio_benchmark/storage/storage_handler.py", line 30, in __init__
    self.framework = FrameworkFactory().get_framework(self._args.framework, profiling=False)
  File "/projects/bdau/envs/sc2026/lib/python3.9/site-packages/dlio_benchmark/framework/framework_factory.py", line 32, in get_framework
    from dlio_benchmark.framework.torch_framework import TorchFramework
  File "/projects/bdau/envs/sc2026/lib/python3.9/site-packages/dlio_benchmark/storage/storage_factory.py", line 29, in get_storage
    return FileStorage(namespace, framework)
  File "/projects/bdau/envs/sc2026/lib/python3.9/site-packages/dftracer/logger.py", line 275, in new_init
    init(*args, **kwargs)
  File "/projects/bdau/envs/sc2026/lib/python3.9/site-packages/dlio_benchmark/storage/file_storage.py", line 38, in __init__
    super().__init__(framework)
  File "/projects/bdau/envs/sc2026/lib/python3.9/site-packages/dlio_benchmark/storage/storage_handler.py", line 30, in __init__
    self.framework = FrameworkFactory().get_framework(self._args.framework, profiling=False)
  File "/projects/bdau/envs/sc2026/lib/python3.9/site-packages/dlio_benchmark/framework/framework_factory.py", line 32, in get_framework
    from dlio_benchmark.framework.torch_framework import TorchFramework
  File "/projects/bdau/envs/sc2026/lib/python3.9/site-packages/dlio_benchmark/framework/torch_framework.py", line 24, in <module>
    import torch
  File "/projects/bdau/envs/sc2026/lib/python3.9/site-packages/torch/__init__.py", line 416, in <module>
    from torch._C import *  # noqa: F403
ImportError: /projects/bdau/envs/sc2026/lib/python3.9/site-packages/torch/lib/../../nvidia/cusparse/lib/libcusparse.so.12: undefined symbol: __nvJitLinkCreate_12_8, version libnvJitLink.so.12
  File "/projects/bdau/envs/sc2026/lib/python3.9/site-packages/dlio_benchmark/framework/torch_framework.py", line 24, in <module>
    import torch
  File "/projects/bdau/envs/sc2026/lib/python3.9/site-packages/torch/__init__.py", line 416, in <module>
    from torch._C import *  # noqa: F403
ImportError: /projects/bdau/envs/sc2026/lib/python3.9/site-packages/torch/lib/../../nvidia/cusparse/lib/libcusparse.so.12: undefined symbol: __nvJitLinkCreate_12_8, version libnvJitLink.so.12

Set the environment variable HYDRA_FULL_ERROR=1 for a complete stack trace.

Set the environment variable HYDRA_FULL_ERROR=1 for a complete stack trace.
Traceback (most recent call last):
  File "/projects/bdau/envs/sc2026/lib/python3.9/site-packages/dlio_benchmark/main.py", line 383, in run_benchmark
    benchmark = DLIOBenchmark(cfg['workload'])
  File "/projects/bdau/envs/sc2026/lib/python3.9/site-packages/dlio_benchmark/main.py", line 72, in __init__
    self.storage = StorageFactory().get_storage(self.args.storage_type, self.args.storage_root,
  File "/projects/bdau/envs/sc2026/lib/python3.9/site-packages/dlio_benchmark/storage/storage_factory.py", line 29, in get_storage
    return FileStorage(namespace, framework)
  File "/projects/bdau/envs/sc2026/lib/python3.9/site-packages/dftracer/logger.py", line 275, in new_init
    init(*args, **kwargs)
  File "/projects/bdau/envs/sc2026/lib/python3.9/site-packages/dlio_benchmark/storage/file_storage.py", line 38, in __init__
    super().__init__(framework)
  File "/projects/bdau/envs/sc2026/lib/python3.9/site-packages/dlio_benchmark/storage/storage_handler.py", line 30, in __init__
    self.framework = FrameworkFactory().get_framework(self._args.framework, profiling=False)
  File "/projects/bdau/envs/sc2026/lib/python3.9/site-packages/dlio_benchmark/framework/framework_factory.py", line 32, in get_framework
    from dlio_benchmark.framework.torch_framework import TorchFramework
  File "/projects/bdau/envs/sc2026/lib/python3.9/site-packages/dlio_benchmark/framework/torch_framework.py", line 24, in <module>
    import torch
  File "/projects/bdau/envs/sc2026/lib/python3.9/site-packages/torch/__init__.py", line 416, in <module>
    from torch._C import *  # noqa: F403
ImportError: /projects/bdau/envs/sc2026/lib/python3.9/site-packages/torch/lib/../../nvidia/cusparse/lib/libcusparse.so.12: undefined symbol: __nvJitLinkCreate_12_8, version libnvJitLink.so.12

Set the environment variable HYDRA_FULL_ERROR=1 for a complete stack trace.
Traceback (most recent call last):
  File "/projects/bdau/envs/sc2026/lib/python3.9/site-packages/dlio_benchmark/main.py", line 383, in run_benchmark
    benchmark = DLIOBenchmark(cfg['workload'])
  File "/projects/bdau/envs/sc2026/lib/python3.9/site-packages/dlio_benchmark/main.py", line 72, in __init__
    self.storage = StorageFactory().get_storage(self.args.storage_type, self.args.storage_root,
  File "/projects/bdau/envs/sc2026/lib/python3.9/site-packages/dlio_benchmark/storage/storage_factory.py", line 29, in get_storage
    return FileStorage(namespace, framework)
  File "/projects/bdau/envs/sc2026/lib/python3.9/site-packages/dftracer/logger.py", line 275, in new_init
    init(*args, **kwargs)
  File "/projects/bdau/envs/sc2026/lib/python3.9/site-packages/dlio_benchmark/storage/file_storage.py", line 38, in __init__
    super().__init__(framework)
  File "/projects/bdau/envs/sc2026/lib/python3.9/site-packages/dlio_benchmark/storage/storage_handler.py", line 30, in __init__
    self.framework = FrameworkFactory().get_framework(self._args.framework, profiling=False)
  File "/projects/bdau/envs/sc2026/lib/python3.9/site-packages/dlio_benchmark/framework/framework_factory.py", line 32, in get_framework
    from dlio_benchmark.framework.torch_framework import TorchFramework
  File "/projects/bdau/envs/sc2026/lib/python3.9/site-packages/dlio_benchmark/framework/torch_framework.py", line 24, in <module>
    import torch
  File "/projects/bdau/envs/sc2026/lib/python3.9/site-packages/torch/__init__.py", line 416, in <module>
    from torch._C import *  # noqa: F403
ImportError: /projects/bdau/envs/sc2026/lib/python3.9/site-packages/torch/lib/../../nvidia/cusparse/lib/libcusparse.so.12: undefined symbol: __nvJitLinkCreate_12_8, version libnvJitLink.so.12

Set the environment variable HYDRA_FULL_ERROR=1 for a complete stack trace.
Traceback (most recent call last):
  File "/projects/bdau/envs/sc2026/lib/python3.9/site-packages/dlio_benchmark/main.py", line 383, in run_benchmark
    benchmark = DLIOBenchmark(cfg['workload'])
  File "/projects/bdau/envs/sc2026/lib/python3.9/site-packages/dlio_benchmark/main.py", line 72, in __init__
    self.storage = StorageFactory().get_storage(self.args.storage_type, self.args.storage_root,
  File "/projects/bdau/envs/sc2026/lib/python3.9/site-packages/dlio_benchmark/storage/storage_factory.py", line 29, in get_storage
    return FileStorage(namespace, framework)
  File "/projects/bdau/envs/sc2026/lib/python3.9/site-packages/dftracer/logger.py", line 275, in new_init
    init(*args, **kwargs)
  File "/projects/bdau/envs/sc2026/lib/python3.9/site-packages/dlio_benchmark/storage/file_storage.py", line 38, in __init__
    super().__init__(framework)
  File "/projects/bdau/envs/sc2026/lib/python3.9/site-packages/dlio_benchmark/storage/storage_handler.py", line 30, in __init__
    self.framework = FrameworkFactory().get_framework(self._args.framework, profiling=False)
  File "/projects/bdau/envs/sc2026/lib/python3.9/site-packages/dlio_benchmark/framework/framework_factory.py", line 32, in get_framework
    from dlio_benchmark.framework.torch_framework import TorchFramework
  File "/projects/bdau/envs/sc2026/lib/python3.9/site-packages/dlio_benchmark/framework/torch_framework.py", line 24, in <module>
    import torch
  File "/projects/bdau/envs/sc2026/lib/python3.9/site-packages/torch/__init__.py", line 416, in <module>
    from torch._C import *  # noqa: F403
ImportError: /projects/bdau/envs/sc2026/lib/python3.9/site-packages/torch/lib/../../nvidia/cusparse/lib/libcusparse.so.12: undefined symbol: __nvJitLinkCreate_12_8, version libnvJitLink.so.12

Set the environment variable HYDRA_FULL_ERROR=1 for a complete stack trace.
Traceback (most recent call last):
  File "/projects/bdau/envs/sc2026/lib/python3.9/site-packages/dlio_benchmark/main.py", line 383, in run_benchmark
    benchmark = DLIOBenchmark(cfg['workload'])
  File "/projects/bdau/envs/sc2026/lib/python3.9/site-packages/dlio_benchmark/main.py", line 72, in __init__
    self.storage = StorageFactory().get_storage(self.args.storage_type, self.args.storage_root,
  File "/projects/bdau/envs/sc2026/lib/python3.9/site-packages/dlio_benchmark/storage/storage_factory.py", line 29, in get_storage
    return FileStorage(namespace, framework)
  File "/projects/bdau/envs/sc2026/lib/python3.9/site-packages/dftracer/logger.py", line 275, in new_init
    init(*args, **kwargs)
  File "/projects/bdau/envs/sc2026/lib/python3.9/site-packages/dlio_benchmark/storage/file_storage.py", line 38, in __init__
    super().__init__(framework)
  File "/projects/bdau/envs/sc2026/lib/python3.9/site-packages/dlio_benchmark/storage/storage_handler.py", line 30, in __init__
    self.framework = FrameworkFactory().get_framework(self._args.framework, profiling=False)
  File "/projects/bdau/envs/sc2026/lib/python3.9/site-packages/dlio_benchmark/framework/framework_factory.py", line 32, in get_framework
    from dlio_benchmark.framework.torch_framework import TorchFramework
  File "/projects/bdau/envs/sc2026/lib/python3.9/site-packages/dlio_benchmark/framework/torch_framework.py", line 24, in <module>
    import torch
  File "/projects/bdau/envs/sc2026/lib/python3.9/site-packages/torch/__init__.py", line 416, in <module>
    from torch._C import *  # noqa: F403
ImportError: /projects/bdau/envs/sc2026/lib/python3.9/site-packages/torch/lib/../../nvidia/cusparse/lib/libcusparse.so.12: undefined symbol: __nvJitLinkCreate_12_8, version libnvJitLink.so.12

Set the environment variable HYDRA_FULL_ERROR=1 for a complete stack trace.
srun: error: cn104: tasks 0-15: Exited with exit code 1
