============================================================
Track C Iterative Optimization - Benchmark Execution
Job: iter_ior_small_posix_r0_baseline
Command: ior -a POSIX -t 64 -b 1048576 -s 100 -F -e -C -w -r -o /work/hdd/bdau/mbanisharifdehkordi/bench_scratch/iterative/ior_test_file
Date: Thu Mar 26 13:40:13 CDT 2026
Host: cn070.delta.ncsa.illinois.edu
============================================================
IOR-3.3.0: MPI Coordinated Test of Parallel I/O
Began               : Thu Mar 26 13:40:14 2026
Command line        : /sw/rh9.4/spack/v1.0.0/sw/linux-x86_64_v2/ior-3.3.0-oznn4mz/bin/ior -a POSIX -t 64 -b 1048576 -s 100 -F -e -C -w -r -o /work/hdd/bdau/mbanisharifdehkordi/bench_scratch/iterative/ior_test_file
Machine             : Linux cn070.delta.ncsa.illinois.edu
TestID              : 0
StartTime           : Thu Mar 26 13:40:14 2026
Path                : /work/hdd/bdau/mbanisharifdehkordi/bench_scratch/iterative
FS                  : 1.5 TiB   Used FS: 22.9%   Inodes: 2.4 Mi   Used Inodes: 70.4%

Options: 
api                 : POSIX
apiVersion          : 
test filename       : /work/hdd/bdau/mbanisharifdehkordi/bench_scratch/iterative/ior_test_file
access              : file-per-process
type                : independent
segments            : 100
ordering in a file  : sequential
ordering inter file : constant task offset
task offset         : 1
nodes               : 1
tasks               : 16
clients per node    : 16
repetitions         : 1
xfersize            : 64 bytes
blocksize           : 1 MiB
aggregate filesize  : 1.56 GiB

Results: 

access    bw(MiB/s)  IOPS       Latency(s)  block(KiB) xfer(KiB)  open(s)    wr/rd(s)   close(s)   total(s)   iter
------    ---------  ----       ----------  ---------- ---------  --------   --------   --------   --------   ----
write     249.51     4092253    0.000357    1024.00    0.062500   0.020212   6.41       1.27       6.41       0   
read      320.03     5244817    0.000287    1024.00    0.062500   0.013974   5.00       0.577227   5.00       0   
remove    -          -          -           -          -          -          -          -          0.369885   0   
Max Write: 249.51 MiB/sec (261.63 MB/sec)
Max Read:  320.03 MiB/sec (335.58 MB/sec)

Summary of all tests:
Operation   Max(MiB)   Min(MiB)  Mean(MiB)     StdDev   Max(OPs)   Min(OPs)  Mean(OPs)     StdDev    Mean(s) Stonewall(s) Stonewall(MiB) Test# #Tasks tPN reps fPP reord reordoff reordrand seed segcnt   blksiz    xsize aggs(MiB)   API RefNum
write         249.51     249.51     249.51       0.00 4087927.13 4087927.13 4087927.13       0.00    6.41264         NA            NA     0     16  16    1   1     1        1         0    0    100  1048576       64    1600.0 POSIX      0
read          320.03     320.03     320.03       0.00 5243417.24 5243417.24 5243417.24       0.00    4.99949         NA            NA     0     16  16    1   1     1        1         0    0    100  1048576       64    1600.0 POSIX      0
Finished            : Thu Mar 26 13:40:26 2026

Exit code: 0
Completed: Thu Mar 26 13:40:27 CDT 2026
Darshan log: /work/hdd/bdau/mbanisharifdehkordi/SC_2026/data/benchmark_logs/iterative/mbanisha_ior_id17009126-1197962_3-26-49214-4165194282800810207_1.darshan
