============================================================
Track C Iterative Optimization - Benchmark Execution
Job: iter_ior_small_posix_r0_baseline
Command: ior -a POSIX -t 64 -b 1048576 -s 100 -F -e -C -w -r -o /work/hdd/bdau/mbanisharifdehkordi/bench_scratch/iterative/ior_test_file
Date: Thu Mar 26 13:21:09 CDT 2026
Host: cn107.delta.ncsa.illinois.edu
============================================================
IOR-3.3.0: MPI Coordinated Test of Parallel I/O
Began               : Thu Mar 26 13:21:10 2026
Command line        : /sw/rh9.4/spack/v1.0.0/sw/linux-x86_64_v2/ior-3.3.0-oznn4mz/bin/ior -a POSIX -t 64 -b 1048576 -s 100 -F -e -C -w -r -o /work/hdd/bdau/mbanisharifdehkordi/bench_scratch/iterative/ior_test_file
Machine             : Linux cn107.delta.ncsa.illinois.edu
TestID              : 0
StartTime           : Thu Mar 26 13:21:10 2026
Path                : /work/hdd/bdau/mbanisharifdehkordi/bench_scratch/iterative
FS                  : 1.5 TiB   Used FS: 22.9%   Inodes: 2.4 Mi   Used Inodes: 68.5%

Options: 
api                 : POSIX
apiVersion          : 
test filename       : /work/hdd/bdau/mbanisharifdehkordi/bench_scratch/iterative/ior_test_file
access              : file-per-process
type                : independent
segments            : 100
ordering in a file  : sequential
ordering inter file : constant task offset
task offset         : 1
nodes               : 1
tasks               : 16
clients per node    : 16
repetitions         : 1
xfersize            : 64 bytes
blocksize           : 1 MiB
aggregate filesize  : 1.56 GiB

Results: 

access    bw(MiB/s)  IOPS       Latency(s)  block(KiB) xfer(KiB)  open(s)    wr/rd(s)   close(s)   total(s)   iter
------    ---------  ----       ----------  ---------- ---------  --------   --------   --------   --------   ----
write     254.53     4171924    0.000351    1024.00    0.062500   0.021344   6.28       0.951067   6.29       0   
read      269.49     4416112    0.000304    1024.00    0.062500   0.013872   5.94       1.30       5.94       0   
remove    -          -          -           -          -          -          -          -          0.372898   0   
Max Write: 254.53 MiB/sec (266.90 MB/sec)
Max Read:  269.49 MiB/sec (282.58 MB/sec)

Summary of all tests:
Operation   Max(MiB)   Min(MiB)  Mean(MiB)     StdDev   Max(OPs)   Min(OPs)  Mean(OPs)     StdDev    Mean(s) Stonewall(s) Stonewall(MiB) Test# #Tasks tPN reps fPP reord reordoff reordrand seed segcnt   blksiz    xsize aggs(MiB)   API RefNum
write         254.53     254.53     254.53       0.00 4170291.25 4170291.25 4170291.25       0.00    6.28599         NA            NA     0     16  16    1   1     1        1         0    0    100  1048576       64    1600.0 POSIX      0
read          269.49     269.49     269.49       0.00 4415272.00 4415272.00 4415272.00       0.00    5.93721         NA            NA     0     16  16    1   1     1        1         0    0    100  1048576       64    1600.0 POSIX      0
Finished            : Thu Mar 26 13:21:23 2026

Exit code: 0
Completed: Thu Mar 26 13:21:23 CDT 2026
Darshan log: /work/hdd/bdau/mbanisharifdehkordi/SC_2026/data/benchmark_logs/iterative/mbanisha_ior_id17008964-950887_3-26-48069-10617728518897315031_1.darshan
