============================================================
Track C Iterative Optimization - Benchmark Execution
Job: iter_ior_fsync_heavy_r2_i0
Command: ior -a POSIX -t 1048576 -b 104857600 -s 10 -F -e -C -Y -w -r -o /work/hdd/bdau/mbanisharifdehkordi/bench_scratch/iterative/ior_test_file
Date: Wed Mar 25 22:26:15 CDT 2026
Host: cn054.delta.ncsa.illinois.edu
============================================================
IOR-3.3.0: MPI Coordinated Test of Parallel I/O
Began               : Wed Mar 25 22:26:16 2026
Command line        : /sw/rh9.4/spack/v1.0.0/sw/linux-x86_64_v2/ior-3.3.0-oznn4mz/bin/ior -a POSIX -t 1048576 -b 104857600 -s 10 -F -e -C -Y -w -r -o /work/hdd/bdau/mbanisharifdehkordi/bench_scratch/iterative/ior_test_file
Machine             : Linux cn054.delta.ncsa.illinois.edu
TestID              : 0
StartTime           : Wed Mar 25 22:26:16 2026
Path                : /work/hdd/bdau/mbanisharifdehkordi/bench_scratch/iterative
FS                  : 1.5 TiB   Used FS: 22.8%   Inodes: 2.4 Mi   Used Inodes: 67.7%

Options: 
api                 : POSIX
apiVersion          : 
test filename       : /work/hdd/bdau/mbanisharifdehkordi/bench_scratch/iterative/ior_test_file
access              : file-per-process
type                : independent
segments            : 10
ordering in a file  : sequential
ordering inter file : constant task offset
task offset         : 1
nodes               : 1
tasks               : 16
clients per node    : 16
repetitions         : 1
xfersize            : 1 MiB
blocksize           : 100 MiB
aggregate filesize  : 15.62 GiB

Results: 

access    bw(MiB/s)  IOPS       Latency(s)  block(KiB) xfer(KiB)  open(s)    wr/rd(s)   close(s)   total(s)   iter
------    ---------  ----       ----------  ---------- ---------  --------   --------   --------   --------   ----
write     339.01     339.07     0.393047    102400     1024.00    0.019541   47.19      9.11       47.20      0   
read      28549      28617      0.001955    102400     1024.00    0.014191   0.559103   0.394398   0.560446   0   
remove    -          -          -           -          -          -          -          -          2.31       0   
Max Write: 339.01 MiB/sec (355.48 MB/sec)
Max Read:  28548.71 MiB/sec (29935.49 MB/sec)

Summary of all tests:
Operation   Max(MiB)   Min(MiB)  Mean(MiB)     StdDev   Max(OPs)   Min(OPs)  Mean(OPs)     StdDev    Mean(s) Stonewall(s) Stonewall(MiB) Test# #Tasks tPN reps fPP reord reordoff reordrand seed segcnt   blksiz    xsize aggs(MiB)   API RefNum
write         339.01     339.01     339.01       0.00     339.01     339.01     339.01       0.00   47.19560         NA            NA     0     16  16    1   1     1        1         0    0     10 104857600  1048576   16000.0 POSIX      0
read        28548.71   28548.71   28548.71       0.00   28548.71   28548.71   28548.71       0.00    0.56045         NA            NA     0     16  16    1   1     1        1         0    0     10 104857600  1048576   16000.0 POSIX      0
Finished            : Wed Mar 25 22:27:06 2026

Exit code: 0
Completed: Wed Mar 25 22:27:07 CDT 2026
Darshan log: /work/hdd/bdau/mbanisharifdehkordi/SC_2026/data/benchmark_logs/iterative/mbanisha_ior_id17003157-2453051_3-25-80776-12152591096231253949_1.darshan
