============================================================
IOSage Iterative Optimization - Benchmark Execution
Job: iter_ior_fsync_heavy_r0_llama_baseline
Command: ior -a POSIX -t 65536 -b 104857600 -s 10 -F -e -C -Y -w -r -o /work/hdd/bdau/mbanisharifdehkordi/bench_scratch/iterative/iter_ior_fsync_heavy_r0_llama_baseline/ior_test_file
Date: Mon Apr  6 01:23:22 CDT 2026
Host: cn066.delta.ncsa.illinois.edu
============================================================
IOR-3.3.0: MPI Coordinated Test of Parallel I/O
Began               : Mon Apr  6 01:23:22 2026
Command line        : /sw/rh9.4/spack/v1.0.0/sw/linux-x86_64_v2/ior-3.3.0-oznn4mz/bin/ior -a POSIX -t 65536 -b 104857600 -s 10 -F -e -C -Y -w -r -o /work/hdd/bdau/mbanisharifdehkordi/bench_scratch/iterative/iter_ior_fsync_heavy_r0_llama_baseline/ior_test_file
Machine             : Linux cn066.delta.ncsa.illinois.edu
TestID              : 0
StartTime           : Mon Apr  6 01:23:22 2026
Path                : /work/hdd/bdau/mbanisharifdehkordi/bench_scratch/iterative/iter_ior_fsync_heavy_r0_llama_baseline
FS                  : 1.5 TiB   Used FS: 34.7%   Inodes: 2.4 Mi   Used Inodes: 71.5%

Options: 
api                 : POSIX
apiVersion          : 
test filename       : /work/hdd/bdau/mbanisharifdehkordi/bench_scratch/iterative/iter_ior_fsync_heavy_r0_llama_baseline/ior_test_file
access              : file-per-process
type                : independent
segments            : 10
ordering in a file  : sequential
ordering inter file : constant task offset
task offset         : 1
nodes               : 1
tasks               : 16
clients per node    : 16
repetitions         : 1
xfersize            : 65536 bytes
blocksize           : 100 MiB
aggregate filesize  : 15.62 GiB

Results: 

access    bw(MiB/s)  IOPS       Latency(s)  block(KiB) xfer(KiB)  open(s)    wr/rd(s)   close(s)   total(s)   iter
------    ---------  ----       ----------  ---------- ---------  --------   --------   --------   --------   ----
write     61.08      977.25     0.077062    102400     64.00      0.005729   261.96     167.31     261.96     0   
read      14423      230913     0.000257    102400     64.00      0.000947   1.11       0.910835   1.11       0   
remove    -          -          -           -          -          -          -          -          9.20       0   
Max Write: 61.08 MiB/sec (64.04 MB/sec)
Max Read:  14422.53 MiB/sec (15123.12 MB/sec)

Summary of all tests:
Operation   Max(MiB)   Min(MiB)  Mean(MiB)     StdDev   Max(OPs)   Min(OPs)  Mean(OPs)     StdDev    Mean(s) Stonewall(s) Stonewall(MiB) Test# #Tasks tPN reps fPP reord reordoff reordrand seed segcnt   blksiz    xsize aggs(MiB)   API RefNum
write          61.08      61.08      61.08       0.00     977.24     977.24     977.24       0.00  261.96154         NA            NA     0     16  16    1   1     1        1         0    0     10 104857600    65536   16000.0 POSIX      0
read        14422.53   14422.53   14422.53       0.00  230760.46  230760.46  230760.46       0.00    1.10938         NA            NA     0     16  16    1   1     1        1         0    0     10 104857600    65536   16000.0 POSIX      0
Finished            : Mon Apr  6 01:27:55 2026

Exit code: 0
Completed: Mon Apr  6 01:27:56 CDT 2026
Darshan log: /work/hdd/bdau/mbanisharifdehkordi/SC_2026/data/benchmark_logs/iterative/mbanisha_ior_id17318813-2971699_4-6-5002-13574062574379747811_1.darshan
