============================================================
Track C Iterative Optimization - Benchmark Execution
Job: iter_ior_healthy_baseline_r0_baseline
Command: ior -a MPIIO -t 4194304 -b 1073741824 -s 4 -c -e -C -w -r -o /work/hdd/bdau/mbanisharifdehkordi/bench_scratch/iterative/ior_test_file
Date: Thu Mar 26 00:49:51 CDT 2026
Host: cn076.delta.ncsa.illinois.edu
============================================================
IOR-3.3.0: MPI Coordinated Test of Parallel I/O
Began               : Thu Mar 26 00:49:51 2026
Command line        : /sw/rh9.4/spack/v1.0.0/sw/linux-x86_64_v2/ior-3.3.0-oznn4mz/bin/ior -a MPIIO -t 4194304 -b 1073741824 -s 4 -c -e -C -w -r -o /work/hdd/bdau/mbanisharifdehkordi/bench_scratch/iterative/ior_test_file
Machine             : Linux cn076.delta.ncsa.illinois.edu
TestID              : 0
StartTime           : Thu Mar 26 00:49:51 2026
Path                : /work/hdd/bdau/mbanisharifdehkordi/bench_scratch/iterative
FS                  : 1.5 TiB   Used FS: 22.8%   Inodes: 2.4 Mi   Used Inodes: 67.7%

Options: 
api                 : MPIIO
apiVersion          : (3.1)
test filename       : /work/hdd/bdau/mbanisharifdehkordi/bench_scratch/iterative/ior_test_file
access              : single-shared-file
type                : collective
segments            : 4
ordering in a file  : sequential
ordering inter file : constant task offset
task offset         : 1
nodes               : 1
tasks               : 16
clients per node    : 16
repetitions         : 1
xfersize            : 4 MiB
blocksize           : 1 GiB
aggregate filesize  : 64 GiB

Results: 

access    bw(MiB/s)  IOPS       Latency(s)  block(KiB) xfer(KiB)  open(s)    wr/rd(s)   close(s)   total(s)   iter
------    ---------  ----       ----------  ---------- ---------  --------   --------   --------   --------   ----
write     763.76     191.06     0.334927    1048576    4096       0.017607   85.75      0.048527   85.81      0   
read      6326       1582.08    0.040447    1048576    4096       0.003900   10.36      0.002905   10.36      0   
remove    -          -          -           -          -          -          -          -          18.61      0   
Max Write: 763.76 MiB/sec (800.86 MB/sec)
Max Read:  6325.51 MiB/sec (6632.78 MB/sec)

Summary of all tests:
Operation   Max(MiB)   Min(MiB)  Mean(MiB)     StdDev   Max(OPs)   Min(OPs)  Mean(OPs)     StdDev    Mean(s) Stonewall(s) Stonewall(MiB) Test# #Tasks tPN reps fPP reord reordoff reordrand seed segcnt   blksiz    xsize aggs(MiB)   API RefNum
write         763.76     763.76     763.76       0.00     190.94     190.94     190.94       0.00   85.80731         NA            NA     0     16  16    1   0     1        1         0    0      4 1073741824  4194304   65536.0 MPIIO      0
read         6325.51    6325.51    6325.51       0.00    1581.38    1581.38    1581.38       0.00   10.36059         NA            NA     0     16  16    1   0     1        1         0    0      4 1073741824  4194304   65536.0 MPIIO      0
Finished            : Thu Mar 26 00:51:46 2026

Exit code: 0
Completed: Thu Mar 26 00:51:47 CDT 2026
Darshan log: /work/hdd/bdau/mbanisharifdehkordi/SC_2026/data/benchmark_logs/iterative/mbanisha_ior_id17003904-3424879_3-26-2991-919273146021473597_1.darshan
