============================================================
Track C Iterative Optimization - Benchmark Execution
Job: iter_ior_random_access_r0_baseline
Command: ior -a POSIX -t 65536 -b 104857600 -s 10 -F -e -C -z -w -r -o /work/hdd/bdau/mbanisharifdehkordi/bench_scratch/iterative/iter_ior_random_access_r0_baseline/ior_test_file
Date: Thu Mar 26 14:51:39 CDT 2026
Host: cn121.delta.ncsa.illinois.edu
============================================================
IOR-3.3.0: MPI Coordinated Test of Parallel I/O
Began               : Thu Mar 26 14:51:40 2026
Command line        : /sw/rh9.4/spack/v1.0.0/sw/linux-x86_64_v2/ior-3.3.0-oznn4mz/bin/ior -a POSIX -t 65536 -b 104857600 -s 10 -F -e -C -z -w -r -o /work/hdd/bdau/mbanisharifdehkordi/bench_scratch/iterative/iter_ior_random_access_r0_baseline/ior_test_file
Machine             : Linux cn121.delta.ncsa.illinois.edu
TestID              : 0
StartTime           : Thu Mar 26 14:51:40 2026
Path                : /work/hdd/bdau/mbanisharifdehkordi/bench_scratch/iterative/iter_ior_random_access_r0_baseline
FS                  : 1.5 TiB   Used FS: 22.9%   Inodes: 2.4 Mi   Used Inodes: 72.2%

Options: 
api                 : POSIX
apiVersion          : 
test filename       : /work/hdd/bdau/mbanisharifdehkordi/bench_scratch/iterative/iter_ior_random_access_r0_baseline/ior_test_file
access              : file-per-process
type                : independent
segments            : 10
ordering in a file  : random
ordering inter file : constant task offset
task offset         : 1
nodes               : 1
tasks               : 16
clients per node    : 16
repetitions         : 1
xfersize            : 65536 bytes
blocksize           : 100 MiB
aggregate filesize  : 15.62 GiB

Results: 

access    bw(MiB/s)  IOPS       Latency(s)  block(KiB) xfer(KiB)  open(s)    wr/rd(s)   close(s)   total(s)   iter
------    ---------  ----       ----------  ---------- ---------  --------   --------   --------   --------   ----
write     1639.87    26263      0.006087    102400     64.00      0.024213   9.75       3.03       9.76       0   
read      5063       81060      0.001954    102400     64.00      0.017360   3.16       2.80       3.16       0   
remove    -          -          -           -          -          -          -          -          3.02       0   
Max Write: 1639.87 MiB/sec (1719.53 MB/sec)
Max Read:  5063.47 MiB/sec (5309.43 MB/sec)

Summary of all tests:
Operation   Max(MiB)   Min(MiB)  Mean(MiB)     StdDev   Max(OPs)   Min(OPs)  Mean(OPs)     StdDev    Mean(s) Stonewall(s) Stonewall(MiB) Test# #Tasks tPN reps fPP reord reordoff reordrand seed segcnt   blksiz    xsize aggs(MiB)   API RefNum
write        1639.87    1639.87    1639.87       0.00   26237.95   26237.95   26237.95       0.00    9.75686         NA            NA     0     16  16    1   1     1        1         0    0     10 104857600    65536   16000.0 POSIX      0
read         5063.47    5063.47    5063.47       0.00   81015.49   81015.49   81015.49       0.00    3.15989         NA            NA     0     16  16    1   1     1        1         0    0     10 104857600    65536   16000.0 POSIX      0
Finished            : Thu Mar 26 14:51:56 2026

Exit code: 0
Completed: Thu Mar 26 14:51:57 CDT 2026
Darshan log: /work/hdd/bdau/mbanisharifdehkordi/SC_2026/data/benchmark_logs/iterative/mbanisha_ior_id17009916-4113713_3-26-53500-4967130503816648445_1.darshan
