============================================================
Track C Iterative Optimization - Benchmark Execution
Job: iter_ior_random_access_r0_i2
Command: ior -a MPIIO -t 1048576 -b 104857600 -s 10 -e -C -w -r -c -o /work/hdd/bdau/mbanisharifdehkordi/bench_scratch/iterative/iter_ior_random_access_r0_i2/ior_test_file
Date: Thu Mar 26 14:18:38 CDT 2026
Host: cn112.delta.ncsa.illinois.edu
============================================================
IOR-3.3.0: MPI Coordinated Test of Parallel I/O
Began               : Thu Mar 26 14:18:38 2026
Command line        : /sw/rh9.4/spack/v1.0.0/sw/linux-x86_64_v2/ior-3.3.0-oznn4mz/bin/ior -a MPIIO -t 1048576 -b 104857600 -s 10 -e -C -w -r -c -o /work/hdd/bdau/mbanisharifdehkordi/bench_scratch/iterative/iter_ior_random_access_r0_i2/ior_test_file
Machine             : Linux cn112.delta.ncsa.illinois.edu
TestID              : 0
StartTime           : Thu Mar 26 14:18:38 2026
Path                : /work/hdd/bdau/mbanisharifdehkordi/bench_scratch/iterative/iter_ior_random_access_r0_i2
FS                  : 1.5 TiB   Used FS: 23.5%   Inodes: 2.4 Mi   Used Inodes: 68.4%

Options: 
api                 : MPIIO
apiVersion          : (3.1)
test filename       : /work/hdd/bdau/mbanisharifdehkordi/bench_scratch/iterative/iter_ior_random_access_r0_i2/ior_test_file
access              : single-shared-file
type                : collective
segments            : 10
ordering in a file  : sequential
ordering inter file : constant task offset
task offset         : 1
nodes               : 1
tasks               : 16
clients per node    : 16
repetitions         : 1
xfersize            : 1 MiB
blocksize           : 100 MiB
aggregate filesize  : 15.62 GiB

Results: 

access    bw(MiB/s)  IOPS       Latency(s)  block(KiB) xfer(KiB)  open(s)    wr/rd(s)   close(s)   total(s)   iter
------    ---------  ----       ----------  ---------- ---------  --------   --------   --------   --------   ----
write     459.86     460.41     0.347510    102400     1024.00    0.040808   34.75      0.002457   34.79      0   
read      1554.96    1556.19    0.102780    102400     1024.00    0.007685   10.28      0.004025   10.29      0   
remove    -          -          -           -          -          -          -          -          5.30       0   
Max Write: 459.86 MiB/sec (482.20 MB/sec)
Max Read:  1554.96 MiB/sec (1630.49 MB/sec)

Summary of all tests:
Operation   Max(MiB)   Min(MiB)  Mean(MiB)     StdDev   Max(OPs)   Min(OPs)  Mean(OPs)     StdDev    Mean(s) Stonewall(s) Stonewall(MiB) Test# #Tasks tPN reps fPP reord reordoff reordrand seed segcnt   blksiz    xsize aggs(MiB)   API RefNum
write         459.86     459.86     459.86       0.00     459.86     459.86     459.86       0.00   34.79320         NA            NA     0     16  16    1   0     1        1         0    0     10 104857600  1048576   16000.0 MPIIO      0
read         1554.96    1554.96    1554.96       0.00    1554.96    1554.96    1554.96       0.00   10.28969         NA            NA     0     16  16    1   0     1        1         0    0     10 104857600  1048576   16000.0 MPIIO      0
Finished            : Thu Mar 26 14:19:30 2026

Exit code: 0
Completed: Thu Mar 26 14:19:30 CDT 2026
Darshan log: /work/hdd/bdau/mbanisharifdehkordi/SC_2026/data/benchmark_logs/iterative/mbanisha_ior_id17009654-2802035_3-26-51518-17886685420999750079_1.darshan
