============================================================
Track C Iterative Optimization - Benchmark Execution
Job: iter_ior_small_posix_r1_i1
Command: ior -a MPIIO -t 1048576 -b 1048576 -s 100 -F -e -C -w -r -c -o /work/hdd/bdau/mbanisharifdehkordi/bench_scratch/iterative/ior_test_file
Date: Wed Mar 25 17:59:29 CDT 2026
Host: cn044.delta.ncsa.illinois.edu
============================================================
IOR-3.3.0: MPI Coordinated Test of Parallel I/O
Began               : Wed Mar 25 17:59:29 2026
Command line        : /sw/rh9.4/spack/v1.0.0/sw/linux-x86_64_v2/ior-3.3.0-oznn4mz/bin/ior -a MPIIO -t 1048576 -b 1048576 -s 100 -F -e -C -w -r -c -o /work/hdd/bdau/mbanisharifdehkordi/bench_scratch/iterative/ior_test_file
Machine             : Linux cn044.delta.ncsa.illinois.edu
TestID              : 0
StartTime           : Wed Mar 25 17:59:29 2026
Path                : /work/hdd/bdau/mbanisharifdehkordi/bench_scratch/iterative
FS                  : 1.5 TiB   Used FS: 22.8%   Inodes: 2.4 Mi   Used Inodes: 67.7%

Options: 
api                 : MPIIO
apiVersion          : (3.1)
test filename       : /work/hdd/bdau/mbanisharifdehkordi/bench_scratch/iterative/ior_test_file
access              : file-per-process
type                : collective
segments            : 100
ordering in a file  : sequential
ordering inter file : constant task offset
task offset         : 1
nodes               : 1
tasks               : 16
clients per node    : 16
repetitions         : 1
xfersize            : 1 MiB
blocksize           : 1 MiB
aggregate filesize  : 1.56 GiB

Results: 

access    bw(MiB/s)  IOPS       Latency(s)  block(KiB) xfer(KiB)  open(s)    wr/rd(s)   close(s)   total(s)   iter
------    ---------  ----       ----------  ---------- ---------  --------   --------   --------   --------   ----
write     2092.94    2137.32    0.581730    1024.00    1024.00    0.051218   0.748602   0.243203   0.764476   0   
read      12055      13523      0.105658    1024.00    1024.00    0.014911   0.118316   0.072622   0.132727   0   
remove    -          -          -           -          -          -          -          -          0.285027   0   
Max Write: 2092.94 MiB/sec (2194.60 MB/sec)
Max Read:  12054.83 MiB/sec (12640.41 MB/sec)

Summary of all tests:
Operation   Max(MiB)   Min(MiB)  Mean(MiB)     StdDev   Max(OPs)   Min(OPs)  Mean(OPs)     StdDev    Mean(s) Stonewall(s) Stonewall(MiB) Test# #Tasks tPN reps fPP reord reordoff reordrand seed segcnt   blksiz    xsize aggs(MiB)   API RefNum
write        2092.94    2092.94    2092.94       0.00    2092.94    2092.94    2092.94       0.00    0.76448         NA            NA     0     16  16    1   1     1        1         0    0    100  1048576  1048576    1600.0 MPIIO      0
read        12054.83   12054.83   12054.83       0.00   12054.83   12054.83   12054.83       0.00    0.13273         NA            NA     0     16  16    1   1     1        1         0    0    100  1048576  1048576    1600.0 MPIIO      0
Finished            : Wed Mar 25 17:59:31 2026

Exit code: 0
Completed: Wed Mar 25 17:59:31 CDT 2026
Darshan log: /work/hdd/bdau/mbanisharifdehkordi/SC_2026/data/benchmark_logs/iterative/mbanisha_ior_id17001129-752417_3-25-64769-16026723197132174842_1.darshan
