============================================================
Track C Iterative Optimization - Benchmark Execution
Job: iter_ior_random_access_r0_i1
Command: ior -a POSIX -t 16777216 -b 117440512 -s 10 -F -e -C -w -r -o /work/hdd/bdau/mbanisharifdehkordi/bench_scratch/iterative/ior_test_file
Date: Thu Mar 26 00:32:29 CDT 2026
Host: cn039.delta.ncsa.illinois.edu
============================================================
IOR-3.3.0: MPI Coordinated Test of Parallel I/O
Began               : Thu Mar 26 00:32:30 2026
Command line        : /sw/rh9.4/spack/v1.0.0/sw/linux-x86_64_v2/ior-3.3.0-oznn4mz/bin/ior -a POSIX -t 16777216 -b 117440512 -s 10 -F -e -C -w -r -o /work/hdd/bdau/mbanisharifdehkordi/bench_scratch/iterative/ior_test_file
Machine             : Linux cn039.delta.ncsa.illinois.edu
TestID              : 0
StartTime           : Thu Mar 26 00:32:30 2026
Path                : /work/hdd/bdau/mbanisharifdehkordi/bench_scratch/iterative
FS                  : 1.5 TiB   Used FS: 22.8%   Inodes: 2.4 Mi   Used Inodes: 67.7%

Options: 
api                 : POSIX
apiVersion          : 
test filename       : /work/hdd/bdau/mbanisharifdehkordi/bench_scratch/iterative/ior_test_file
access              : file-per-process
type                : independent
segments            : 10
ordering in a file  : sequential
ordering inter file : constant task offset
task offset         : 1
nodes               : 1
tasks               : 16
clients per node    : 16
repetitions         : 1
xfersize            : 16 MiB
blocksize           : 112 MiB
aggregate filesize  : 17.50 GiB

Results: 

access    bw(MiB/s)  IOPS       Latency(s)  block(KiB) xfer(KiB)  open(s)    wr/rd(s)   close(s)   total(s)   iter
------    ---------  ----       ----------  ---------- ---------  --------   --------   --------   --------   ----
write     2959.21    185.20     0.819233    114688     16384      0.034327   6.05       1.49       6.06       0   
read      10622      665.02     0.031217    114688     16384      0.016605   1.68       1.50       1.69       0   
remove    -          -          -           -          -          -          -          -          3.29       0   
Max Write: 2959.21 MiB/sec (3102.96 MB/sec)
Max Read:  10621.99 MiB/sec (11137.96 MB/sec)

Summary of all tests:
Operation   Max(MiB)   Min(MiB)  Mean(MiB)     StdDev   Max(OPs)   Min(OPs)  Mean(OPs)     StdDev    Mean(s) Stonewall(s) Stonewall(MiB) Test# #Tasks tPN reps fPP reord reordoff reordrand seed segcnt   blksiz    xsize aggs(MiB)   API RefNum
write        2959.21    2959.21    2959.21       0.00     184.95     184.95     184.95       0.00    6.05567         NA            NA     0     16  16    1   1     1        1         0    0     10 117440512 16777216   17920.0 POSIX      0
read        10621.99   10621.99   10621.99       0.00     663.87     663.87     663.87       0.00    1.68707         NA            NA     0     16  16    1   1     1        1         0    0     10 117440512 16777216   17920.0 POSIX      0
Finished            : Thu Mar 26 00:32:42 2026

Exit code: 0
Completed: Thu Mar 26 00:32:43 CDT 2026
Darshan log: /work/hdd/bdau/mbanisharifdehkordi/SC_2026/data/benchmark_logs/iterative/mbanisha_ior_id17003814-3684076_3-26-1950-12641576554636991408_1.darshan
