In 'config': Could not find 'workload/unet3d'

Available options in 'workload':
	bert_v100
	cosmoflow_a100
	cosmoflow_h100
	cosmoflow_v100
	default
	dlrm
	megatron_deepspeed
	resnet50_a100
	resnet50_h100
	resnet50_tf
	resnet50_v100
	unet3d_a100
	unet3d_h100
	unet3d_v100
Config search path:
	provider=hydra, path=pkg://hydra.conf
	provider=main, path=pkg://dlio_benchmark.configs
	provider=schema, path=structured://

Set the environment variable HYDRA_FULL_ERROR=1 for a complete stack trace.
In 'config': Could not find 'workload/unet3d'

Available options in 'workload':
	bert_v100
	cosmoflow_a100
	cosmoflow_h100
	cosmoflow_v100
	default
	dlrm
	megatron_deepspeed
	resnet50_a100
	resnet50_h100
	resnet50_tf
	resnet50_v100
	unet3d_a100
	unet3d_h100
	unet3d_v100
Config search path:
	provider=hydra, path=pkg://hydra.conf
	provider=main, path=pkg://dlio_benchmark.configs
	provider=schema, path=structured://

Set the environment variable HYDRA_FULL_ERROR=1 for a complete stack trace.
In 'config': Could not find 'workload/unet3d'

Available options in 'workload':
	bert_v100
	cosmoflow_a100
	cosmoflow_h100
	cosmoflow_v100
	default
	dlrm
	megatron_deepspeed
	resnet50_a100
	resnet50_h100
	resnet50_tf
	resnet50_v100
	unet3d_a100
	unet3d_h100
	unet3d_v100
Config search path:
	provider=hydra, path=pkg://hydra.conf
	provider=main, path=pkg://dlio_benchmark.configs
	provider=schema, path=structured://

Set the environment variable HYDRA_FULL_ERROR=1 for a complete stack trace.
In 'config': Could not find 'workload/unet3d'

Available options in 'workload':
	bert_v100
	cosmoflow_a100
	cosmoflow_h100
	cosmoflow_v100
	default
	dlrm
	megatron_deepspeed
	resnet50_a100
	resnet50_h100
	resnet50_tf
	resnet50_v100
	unet3d_a100
	unet3d_h100
	unet3d_v100
Config search path:
	provider=hydra, path=pkg://hydra.conf
	provider=main, path=pkg://dlio_benchmark.configs
	provider=schema, path=structured://

Set the environment variable HYDRA_FULL_ERROR=1 for a complete stack trace.
In 'config': Could not find 'workload/unet3d'

Available options in 'workload':
	bert_v100
	cosmoflow_a100
	cosmoflow_h100
	cosmoflow_v100
	default
	dlrm
	megatron_deepspeed
	resnet50_a100
	resnet50_h100
	resnet50_tf
	resnet50_v100
	unet3d_a100
	unet3d_h100
	unet3d_v100
Config search path:
	provider=hydra, path=pkg://hydra.conf
	provider=main, path=pkg://dlio_benchmark.configs
	provider=schema, path=structured://

Set the environment variable HYDRA_FULL_ERROR=1 for a complete stack trace.
In 'config': Could not find 'workload/unet3d'

Available options in 'workload':
	bert_v100
	cosmoflow_a100
	cosmoflow_h100
	cosmoflow_v100
	default
	dlrm
	megatron_deepspeed
	resnet50_a100
	resnet50_h100
	resnet50_tf
	resnet50_v100
	unet3d_a100
	unet3d_h100
	unet3d_v100
Config search path:
	provider=hydra, path=pkg://hydra.conf
	provider=main, path=pkg://dlio_benchmark.configs
	provider=schema, path=structured://

Set the environment variable HYDRA_FULL_ERROR=1 for a complete stack trace.
In 'config': Could not find 'workload/unet3d'

Available options in 'workload':
	bert_v100
	cosmoflow_a100
	cosmoflow_h100
	cosmoflow_v100
	default
	dlrm
	megatron_deepspeed
	resnet50_a100
	resnet50_h100
	resnet50_tf
	resnet50_v100
	unet3d_a100
	unet3d_h100
	unet3d_v100
Config search path:
	provider=hydra, path=pkg://hydra.conf
	provider=main, path=pkg://dlio_benchmark.configs
	provider=schema, path=structured://

Set the environment variable HYDRA_FULL_ERROR=1 for a complete stack trace.
In 'config': Could not find 'workload/unet3d'

Available options in 'workload':
	bert_v100
	cosmoflow_a100
	cosmoflow_h100
	cosmoflow_v100
	default
	dlrm
	megatron_deepspeed
	resnet50_a100
	resnet50_h100
	resnet50_tf
	resnet50_v100
	unet3d_a100
	unet3d_h100
	unet3d_v100
Config search path:
	provider=hydra, path=pkg://hydra.conf
	provider=main, path=pkg://dlio_benchmark.configs
	provider=schema, path=structured://

Set the environment variable HYDRA_FULL_ERROR=1 for a complete stack trace.
In 'config': Could not find 'workload/unet3d'

Available options in 'workload':
	bert_v100
	cosmoflow_a100
	cosmoflow_h100
	cosmoflow_v100
	default
	dlrm
	megatron_deepspeed
	resnet50_a100
	resnet50_h100
	resnet50_tf
	resnet50_v100
	unet3d_a100
	unet3d_h100
	unet3d_v100
Config search path:
	provider=hydra, path=pkg://hydra.conf
	provider=main, path=pkg://dlio_benchmark.configs
	provider=schema, path=structured://

Set the environment variable HYDRA_FULL_ERROR=1 for a complete stack trace.
In 'config': Could not find 'workload/unet3d'

Available options in 'workload':
	bert_v100
	cosmoflow_a100
	cosmoflow_h100
	cosmoflow_v100
	default
	dlrm
	megatron_deepspeed
	resnet50_a100
	resnet50_h100
	resnet50_tf
	resnet50_v100
	unet3d_a100
	unet3d_h100
	unet3d_v100
Config search path:
	provider=hydra, path=pkg://hydra.conf
	provider=main, path=pkg://dlio_benchmark.configs
	provider=schema, path=structured://
In 'config': Could not find 'workload/unet3d'

Available options in 'workload':
	bert_v100
	cosmoflow_a100
	cosmoflow_h100
	cosmoflow_v100
	default
	dlrm
	megatron_deepspeed
	resnet50_a100
	resnet50_h100
	resnet50_tf
	resnet50_v100
	unet3d_a100
	unet3d_h100
	unet3d_v100
Config search path:
	provider=hydra, path=pkg://hydra.conf
	provider=main, path=pkg://dlio_benchmark.configs
	provider=schema, path=structured://

Set the environment variable HYDRA_FULL_ERROR=1 for a complete stack trace.
In 'config': Could not find 'workload/unet3d'

Available options in 'workload':
	bert_v100
	cosmoflow_a100
	cosmoflow_h100
	cosmoflow_v100
	default
	dlrm
	megatron_deepspeed
	resnet50_a100
	resnet50_h100
	resnet50_tf
	resnet50_v100
	unet3d_a100
	unet3d_h100
	unet3d_v100
Config search path:
	provider=hydra, path=pkg://hydra.conf
	provider=main, path=pkg://dlio_benchmark.configs
	provider=schema, path=structured://
In 'config': Could not find 'workload/unet3d'

Available options in 'workload':
	bert_v100
	cosmoflow_a100
	cosmoflow_h100
	cosmoflow_v100
	default
	dlrm
	megatron_deepspeed
	resnet50_a100
	resnet50_h100
	resnet50_tf
	resnet50_v100
	unet3d_a100
	unet3d_h100
	unet3d_v100
Config search path:
	provider=hydra, path=pkg://hydra.conf
	provider=main, path=pkg://dlio_benchmark.configs
	provider=schema, path=structured://

Set the environment variable HYDRA_FULL_ERROR=1 for a complete stack trace.

Set the environment variable HYDRA_FULL_ERROR=1 for a complete stack trace.

Set the environment variable HYDRA_FULL_ERROR=1 for a complete stack trace.
In 'config': Could not find 'workload/unet3d'

Available options in 'workload':
	bert_v100
	cosmoflow_a100
	cosmoflow_h100
	cosmoflow_v100
	default
	dlrm
	megatron_deepspeed
	resnet50_a100
	resnet50_h100
	resnet50_tf
	resnet50_v100
	unet3d_a100
	unet3d_h100
	unet3d_v100
Config search path:
	provider=hydra, path=pkg://hydra.conf
	provider=main, path=pkg://dlio_benchmark.configs
	provider=schema, path=structured://

Set the environment variable HYDRA_FULL_ERROR=1 for a complete stack trace.
In 'config': Could not find 'workload/unet3d'

Available options in 'workload':
	bert_v100
	cosmoflow_a100
	cosmoflow_h100
	cosmoflow_v100
	default
	dlrm
	megatron_deepspeed
	resnet50_a100
	resnet50_h100
	resnet50_tf
	resnet50_v100
	unet3d_a100
	unet3d_h100
	unet3d_v100
Config search path:
	provider=hydra, path=pkg://hydra.conf
	provider=main, path=pkg://dlio_benchmark.configs
	provider=schema, path=structured://

Set the environment variable HYDRA_FULL_ERROR=1 for a complete stack trace.
In 'config': Could not find 'workload/unet3d'

Available options in 'workload':
	bert_v100
	cosmoflow_a100
	cosmoflow_h100
	cosmoflow_v100
	default
	dlrm
	megatron_deepspeed
	resnet50_a100
	resnet50_h100
	resnet50_tf
	resnet50_v100
	unet3d_a100
	unet3d_h100
	unet3d_v100
Config search path:
	provider=hydra, path=pkg://hydra.conf
	provider=main, path=pkg://dlio_benchmark.configs
	provider=schema, path=structured://

Set the environment variable HYDRA_FULL_ERROR=1 for a complete stack trace.
srun: error: cn100: tasks 0-15: Exited with exit code 1
In 'config': Could not find 'workload/unet3d'

Available options in 'workload':
	bert_v100
	cosmoflow_a100
	cosmoflow_h100
	cosmoflow_v100
	default
	dlrm
	megatron_deepspeed
	resnet50_a100
	resnet50_h100
	resnet50_tf
	resnet50_v100
	unet3d_a100
	unet3d_h100
	unet3d_v100
Config search path:
	provider=hydra, path=pkg://hydra.conf
	provider=main, path=pkg://dlio_benchmark.configs
	provider=schema, path=structured://

Set the environment variable HYDRA_FULL_ERROR=1 for a complete stack trace.
In 'config': Could not find 'workload/unet3d'

Available options in 'workload':
	bert_v100
	cosmoflow_a100
	cosmoflow_h100
	cosmoflow_v100
	default
	dlrm
	megatron_deepspeed
	resnet50_a100
	resnet50_h100
	resnet50_tf
	resnet50_v100
	unet3d_a100
	unet3d_h100
	unet3d_v100
Config search path:
	provider=hydra, path=pkg://hydra.conf
	provider=main, path=pkg://dlio_benchmark.configs
	provider=schema, path=structured://

Set the environment variable HYDRA_FULL_ERROR=1 for a complete stack trace.
In 'config': Could not find 'workload/unet3d'

Available options in 'workload':
	bert_v100
	cosmoflow_a100
	cosmoflow_h100
	cosmoflow_v100
	default
	dlrm
	megatron_deepspeed
	resnet50_a100
	resnet50_h100
	resnet50_tf
	resnet50_v100
	unet3d_a100
	unet3d_h100
	unet3d_v100
Config search path:
	provider=hydra, path=pkg://hydra.conf
	provider=main, path=pkg://dlio_benchmark.configs
	provider=schema, path=structured://

Set the environment variable HYDRA_FULL_ERROR=1 for a complete stack trace.
In 'config': Could not find 'workload/unet3d'

Available options in 'workload':
	bert_v100
	cosmoflow_a100
	cosmoflow_h100
	cosmoflow_v100
	default
	dlrm
	megatron_deepspeed
	resnet50_a100
	resnet50_h100
	resnet50_tf
	resnet50_v100
	unet3d_a100
	unet3d_h100
	unet3d_v100
Config search path:
	provider=hydra, path=pkg://hydra.conf
	provider=main, path=pkg://dlio_benchmark.configs
	provider=schema, path=structured://

Set the environment variable HYDRA_FULL_ERROR=1 for a complete stack trace.
In 'config': Could not find 'workload/unet3d'

Available options in 'workload':
	bert_v100
	cosmoflow_a100
	cosmoflow_h100
	cosmoflow_v100
	default
	dlrm
	megatron_deepspeed
	resnet50_a100
	resnet50_h100
	resnet50_tf
	resnet50_v100
	unet3d_a100
	unet3d_h100
	unet3d_v100
Config search path:
	provider=hydra, path=pkg://hydra.conf
	provider=main, path=pkg://dlio_benchmark.configs
	provider=schema, path=structured://

Set the environment variable HYDRA_FULL_ERROR=1 for a complete stack trace.
In 'config': Could not find 'workload/unet3d'

Available options in 'workload':
	bert_v100
	cosmoflow_a100
	cosmoflow_h100
	cosmoflow_v100
	default
	dlrm
	megatron_deepspeed
	resnet50_a100
	resnet50_h100
	resnet50_tf
	resnet50_v100
	unet3d_a100
	unet3d_h100
	unet3d_v100
Config search path:
	provider=hydra, path=pkg://hydra.conf
	provider=main, path=pkg://dlio_benchmark.configs
	provider=schema, path=structured://

Set the environment variable HYDRA_FULL_ERROR=1 for a complete stack trace.
In 'config': Could not find 'workload/unet3d'

Available options in 'workload':
	bert_v100
	cosmoflow_a100
	cosmoflow_h100
	cosmoflow_v100
	default
	dlrm
	megatron_deepspeed
	resnet50_a100
	resnet50_h100
	resnet50_tf
	resnet50_v100
	unet3d_a100
	unet3d_h100
	unet3d_v100
Config search path:
	provider=hydra, path=pkg://hydra.conf
	provider=main, path=pkg://dlio_benchmark.configs
	provider=schema, path=structured://

Set the environment variable HYDRA_FULL_ERROR=1 for a complete stack trace.
In 'config': Could not find 'workload/unet3d'

Available options in 'workload':
	bert_v100
	cosmoflow_a100
	cosmoflow_h100
	cosmoflow_v100
	default
	dlrm
	megatron_deepspeed
	resnet50_a100
	resnet50_h100
	resnet50_tf
	resnet50_v100
	unet3d_a100
	unet3d_h100
	unet3d_v100
Config search path:
	provider=hydra, path=pkg://hydra.conf
	provider=main, path=pkg://dlio_benchmark.configs
	provider=schema, path=structured://

Set the environment variable HYDRA_FULL_ERROR=1 for a complete stack trace.
In 'config': Could not find 'workload/unet3d'

Available options in 'workload':
	bert_v100
	cosmoflow_a100
	cosmoflow_h100
	cosmoflow_v100
	default
	dlrm
	megatron_deepspeed
	resnet50_a100
	resnet50_h100
	resnet50_tf
	resnet50_v100
	unet3d_a100
	unet3d_h100
	unet3d_v100
Config search path:
	provider=hydra, path=pkg://hydra.conf
	provider=main, path=pkg://dlio_benchmark.configs
	provider=schema, path=structured://
In 'config': Could not find 'workload/unet3d'

Available options in 'workload':
	bert_v100
	cosmoflow_a100
	cosmoflow_h100
	cosmoflow_v100
	default
	dlrm
	megatron_deepspeed
	resnet50_a100
	resnet50_h100
	resnet50_tf
	resnet50_v100
	unet3d_a100
	unet3d_h100
	unet3d_v100
Config search path:
	provider=hydra, path=pkg://hydra.conf
	provider=main, path=pkg://dlio_benchmark.configs
	provider=schema, path=structured://

Set the environment variable HYDRA_FULL_ERROR=1 for a complete stack trace.
In 'config': Could not find 'workload/unet3d'

Available options in 'workload':
	bert_v100
	cosmoflow_a100
	cosmoflow_h100
	cosmoflow_v100
	default
	dlrm
	megatron_deepspeed
	resnet50_a100
	resnet50_h100
	resnet50_tf
	resnet50_v100
	unet3d_a100
	unet3d_h100
	unet3d_v100
Config search path:
	provider=hydra, path=pkg://hydra.conf
	provider=main, path=pkg://dlio_benchmark.configs
	provider=schema, path=structured://

Set the environment variable HYDRA_FULL_ERROR=1 for a complete stack trace.
In 'config': Could not find 'workload/unet3d'

Available options in 'workload':
	bert_v100
	cosmoflow_a100
	cosmoflow_h100
	cosmoflow_v100
	default
	dlrm
	megatron_deepspeed
	resnet50_a100
	resnet50_h100
	resnet50_tf
	resnet50_v100
	unet3d_a100
	unet3d_h100
	unet3d_v100
Config search path:
	provider=hydra, path=pkg://hydra.conf
	provider=main, path=pkg://dlio_benchmark.configs
	provider=schema, path=structured://

Set the environment variable HYDRA_FULL_ERROR=1 for a complete stack trace.

Set the environment variable HYDRA_FULL_ERROR=1 for a complete stack trace.
In 'config': Could not find 'workload/unet3d'

Available options in 'workload':
	bert_v100
	cosmoflow_a100
	cosmoflow_h100
	cosmoflow_v100
	default
	dlrm
	megatron_deepspeed
	resnet50_a100
	resnet50_h100
	resnet50_tf
	resnet50_v100
	unet3d_a100
	unet3d_h100
	unet3d_v100
Config search path:
	provider=hydra, path=pkg://hydra.conf
	provider=main, path=pkg://dlio_benchmark.configs
	provider=schema, path=structured://

Set the environment variable HYDRA_FULL_ERROR=1 for a complete stack trace.
In 'config': Could not find 'workload/unet3d'

Available options in 'workload':
	bert_v100
	cosmoflow_a100
	cosmoflow_h100
	cosmoflow_v100
	default
	dlrm
	megatron_deepspeed
	resnet50_a100
	resnet50_h100
	resnet50_tf
	resnet50_v100
	unet3d_a100
	unet3d_h100
	unet3d_v100
Config search path:
	provider=hydra, path=pkg://hydra.conf
	provider=main, path=pkg://dlio_benchmark.configs
	provider=schema, path=structured://

Set the environment variable HYDRA_FULL_ERROR=1 for a complete stack trace.
In 'config': Could not find 'workload/unet3d'

Available options in 'workload':
	bert_v100
	cosmoflow_a100
	cosmoflow_h100
	cosmoflow_v100
	default
	dlrm
	megatron_deepspeed
	resnet50_a100
	resnet50_h100
	resnet50_tf
	resnet50_v100
	unet3d_a100
	unet3d_h100
	unet3d_v100
Config search path:
	provider=hydra, path=pkg://hydra.conf
	provider=main, path=pkg://dlio_benchmark.configs
	provider=schema, path=structured://

Set the environment variable HYDRA_FULL_ERROR=1 for a complete stack trace.
In 'config': Could not find 'workload/unet3d'

Available options in 'workload':
	bert_v100
	cosmoflow_a100
	cosmoflow_h100
	cosmoflow_v100
	default
	dlrm
	megatron_deepspeed
	resnet50_a100
	resnet50_h100
	resnet50_tf
	resnet50_v100
	unet3d_a100
	unet3d_h100
	unet3d_v100
Config search path:
	provider=hydra, path=pkg://hydra.conf
	provider=main, path=pkg://dlio_benchmark.configs
	provider=schema, path=structured://

Set the environment variable HYDRA_FULL_ERROR=1 for a complete stack trace.
srun: error: cn100: tasks 0-15: Exited with exit code 1
