============================================================
Track C Iterative Optimization - Benchmark Execution
Job: iter_ior_fsync_heavy_r0_baseline
Command: ior -a POSIX -t 65536 -b 104857600 -s 10 -F -e -C -Y -w -r -o /work/hdd/bdau/mbanisharifdehkordi/bench_scratch/iterative/iter_ior_fsync_heavy_r0_baseline/ior_test_file
Date: Thu Mar 26 14:03:14 CDT 2026
Host: cn040.delta.ncsa.illinois.edu
============================================================
IOR-3.3.0: MPI Coordinated Test of Parallel I/O
Began               : Thu Mar 26 14:03:14 2026
Command line        : /sw/rh9.4/spack/v1.0.0/sw/linux-x86_64_v2/ior-3.3.0-oznn4mz/bin/ior -a POSIX -t 65536 -b 104857600 -s 10 -F -e -C -Y -w -r -o /work/hdd/bdau/mbanisharifdehkordi/bench_scratch/iterative/iter_ior_fsync_heavy_r0_baseline/ior_test_file
Machine             : Linux cn040.delta.ncsa.illinois.edu
TestID              : 0
StartTime           : Thu Mar 26 14:03:14 2026
Path                : /work/hdd/bdau/mbanisharifdehkordi/bench_scratch/iterative/iter_ior_fsync_heavy_r0_baseline
FS                  : 1.5 TiB   Used FS: 22.8%   Inodes: 2.4 Mi   Used Inodes: 72.3%

Options: 
api                 : POSIX
apiVersion          : 
test filename       : /work/hdd/bdau/mbanisharifdehkordi/bench_scratch/iterative/iter_ior_fsync_heavy_r0_baseline/ior_test_file
access              : file-per-process
type                : independent
segments            : 10
ordering in a file  : sequential
ordering inter file : constant task offset
task offset         : 1
nodes               : 1
tasks               : 16
clients per node    : 16
repetitions         : 1
xfersize            : 65536 bytes
blocksize           : 100 MiB
aggregate filesize  : 15.62 GiB

Results: 

access    bw(MiB/s)  IOPS       Latency(s)  block(KiB) xfer(KiB)  open(s)    wr/rd(s)   close(s)   total(s)   iter
------    ---------  ----       ----------  ---------- ---------  --------   --------   --------   --------   ----
WARNING: Expected aggregate file size       = 16777216000.
WARNING: Stat() of aggregate file size      = 8550481920.
WARNING: Using actual aggregate bytes moved = 16777216000.
write     47.65      762.40     0.120398    102400     64.00      0.006953   335.78     143.14     335.78     0   
ior ERROR: read(7, 0x105d000, 65536) returned EOF prematurely, errno 2, No such file or directory (aiori-POSIX.c:547)
ior ERROR: read(7, 0x1bf6000, 65536) returned EOF prematurely, errno 2, No such file or directory (aiori-POSIX.c:547)
ior ERROR: read(7, 0x123f000, 65536) returned EOF prematurely, errno 2, No such file or directory (aiori-POSIX.c:547)
ior ERROR: read(7, 0x1a08000, 65536) returned EOF prematurely, errno 2, No such file or directory (aiori-POSIX.c:547)
ior ERROR: read(7, 0x18b0000, 65536) returned EOF prematurely, errno 2, No such file or directory (aiori-POSIX.c:547)
ior ERROR: read(7, 0x19b0000, 65536) returned EOF prematurely, errno 2, No such file or directory (aiori-POSIX.c:547)
ior ERROR: read(7, 0x582000, 65536) returned EOF prematurely, errno 2, No such file or directory (aiori-POSIX.c:547)
ior ERROR: read(7, 0x1498000, 65536) returned EOF prematurely, errno 2, No such file or directory (aiori-POSIX.c:547)
ior ERROR: read(7, 0x1ac4000, 65536) returned EOF prematurely, errno 2, No such file or directory (aiori-POSIX.c:547)
ior ERROR: read(7, 0x2218000, 65536) returned EOF prematurely, errno 2, No such file or directory (aiori-POSIX.c:547)
ior ERROR: read(7, 0x20ac000, 65536) returned EOF prematurely, errno 2, No such file or directory (aiori-POSIX.c:547)
ior ERROR: read(7, 0x74d000, 65536) returned EOF prematurely, errno 2, No such file or directory (aiori-POSIX.c:547)
ior ERROR: read(7, 0x1ce7000, 65536) returned EOF prematurely, errno 2, No such file or directory (aiori-POSIX.c:547)
ior ERROR: read(7, 0x1b7f000, 65536) returned EOF prematurely, errno 2, No such file or directory (aiori-POSIX.c:547)
ior ERROR: read(7, 0x1b70000, 65536) returned EOF prematurely, errno 2, No such file or directory (aiori-POSIX.c:547)
