============================================================
Track C Iterative Optimization - Benchmark Execution
Job: iter_ior_healthy_baseline_r0_baseline
Command: ior -a MPIIO -t 4194304 -b 1073741824 -s 4 -c -e -C -w -r -o /work/hdd/bdau/mbanisharifdehkordi/bench_scratch/iterative/ior_test_file
Date: Wed Mar 25 17:21:13 CDT 2026
Host: cn055.delta.ncsa.illinois.edu
============================================================
IOR-3.3.0: MPI Coordinated Test of Parallel I/O
Began               : Wed Mar 25 17:21:13 2026
Command line        : /sw/rh9.4/spack/v1.0.0/sw/linux-x86_64_v2/ior-3.3.0-oznn4mz/bin/ior -a MPIIO -t 4194304 -b 1073741824 -s 4 -c -e -C -w -r -o /work/hdd/bdau/mbanisharifdehkordi/bench_scratch/iterative/ior_test_file
Machine             : Linux cn055.delta.ncsa.illinois.edu
TestID              : 0
StartTime           : Wed Mar 25 17:21:13 2026
Path                : /work/hdd/bdau/mbanisharifdehkordi/bench_scratch/iterative
FS                  : 1.5 TiB   Used FS: 22.8%   Inodes: 2.4 Mi   Used Inodes: 67.6%

Options: 
api                 : MPIIO
apiVersion          : (3.1)
test filename       : /work/hdd/bdau/mbanisharifdehkordi/bench_scratch/iterative/ior_test_file
access              : single-shared-file
type                : collective
segments            : 4
ordering in a file  : sequential
ordering inter file : constant task offset
task offset         : 1
nodes               : 1
tasks               : 16
clients per node    : 16
repetitions         : 1
xfersize            : 4 MiB
blocksize           : 1 GiB
aggregate filesize  : 64 GiB

Results: 

access    bw(MiB/s)  IOPS       Latency(s)  block(KiB) xfer(KiB)  open(s)    wr/rd(s)   close(s)   total(s)   iter
------    ---------  ----       ----------  ---------- ---------  --------   --------   --------   --------   ----
write     976.04     244.04     0.262250    1048576    4096       0.007724   67.14      0.001132   67.14      0   
read      898.34     224.60     0.284897    1048576    4096       0.003780   72.95      0.023065   72.95      0   
remove    -          -          -           -          -          -          -          -          10.22      0   
Max Write: 976.04 MiB/sec (1023.45 MB/sec)
Max Read:  898.34 MiB/sec (941.98 MB/sec)

Summary of all tests:
Operation   Max(MiB)   Min(MiB)  Mean(MiB)     StdDev   Max(OPs)   Min(OPs)  Mean(OPs)     StdDev    Mean(s) Stonewall(s) Stonewall(MiB) Test# #Tasks tPN reps fPP reord reordoff reordrand seed segcnt   blksiz    xsize aggs(MiB)   API RefNum
write         976.04     976.04     976.04       0.00     244.01     244.01     244.01       0.00   67.14476         NA            NA     0     16  16    1   0     1        1         0    0      4 1073741824  4194304   65536.0 MPIIO      0
read          898.34     898.34     898.34       0.00     224.59     224.59     224.59       0.00   72.95215         NA            NA     0     16  16    1   0     1        1         0    0      4 1073741824  4194304   65536.0 MPIIO      0
Finished            : Wed Mar 25 17:23:44 2026

Exit code: 0
Completed: Wed Mar 25 17:23:44 CDT 2026
Darshan log: /work/hdd/bdau/mbanisharifdehkordi/SC_2026/data/benchmark_logs/iterative/mbanisha_ior_id17000893-1316989_3-25-62473-11174087975681489516_1.darshan
