============================================================
Track C Iterative Optimization - Benchmark Execution
Job: iter_ior_fsync_heavy_r0_baseline
Command: ior -a POSIX -t 65536 -b 104857600 -s 10 -F -e -C -Y -w -r -o /work/hdd/bdau/mbanisharifdehkordi/bench_scratch/iterative/iter_ior_fsync_heavy_r0_baseline/ior_test_file
Date: Thu Mar 26 14:33:36 CDT 2026
Host: cn113.delta.ncsa.illinois.edu
============================================================
IOR-3.3.0: MPI Coordinated Test of Parallel I/O
Began               : Thu Mar 26 14:33:36 2026
Command line        : /sw/rh9.4/spack/v1.0.0/sw/linux-x86_64_v2/ior-3.3.0-oznn4mz/bin/ior -a POSIX -t 65536 -b 104857600 -s 10 -F -e -C -Y -w -r -o /work/hdd/bdau/mbanisharifdehkordi/bench_scratch/iterative/iter_ior_fsync_heavy_r0_baseline/ior_test_file
Machine             : Linux cn113.delta.ncsa.illinois.edu
TestID              : 0
StartTime           : Thu Mar 26 14:33:36 2026
Path                : /work/hdd/bdau/mbanisharifdehkordi/bench_scratch/iterative/iter_ior_fsync_heavy_r0_baseline
FS                  : 1.5 TiB   Used FS: 22.9%   Inodes: 2.4 Mi   Used Inodes: 74.7%

Options: 
api                 : POSIX
apiVersion          : 
test filename       : /work/hdd/bdau/mbanisharifdehkordi/bench_scratch/iterative/iter_ior_fsync_heavy_r0_baseline/ior_test_file
access              : file-per-process
type                : independent
segments            : 10
ordering in a file  : sequential
ordering inter file : constant task offset
task offset         : 1
nodes               : 1
tasks               : 16
clients per node    : 16
repetitions         : 1
xfersize            : 65536 bytes
blocksize           : 100 MiB
aggregate filesize  : 15.62 GiB

Results: 

access    bw(MiB/s)  IOPS       Latency(s)  block(KiB) xfer(KiB)  open(s)    wr/rd(s)   close(s)   total(s)   iter
------    ---------  ----       ----------  ---------- ---------  --------   --------   --------   --------   ----
write     32.34      517.47     0.190985    102400     64.00      0.007043   494.72     322.94     494.72     0   
read      6000       96030      0.000251    102400     64.00      0.001359   2.67       2.42       2.67       0   
remove    -          -          -           -          -          -          -          -          2.61       0   
Max Write: 32.34 MiB/sec (33.91 MB/sec)
Max Read:  6000.16 MiB/sec (6291.62 MB/sec)

Summary of all tests:
Operation   Max(MiB)   Min(MiB)  Mean(MiB)     StdDev   Max(OPs)   Min(OPs)  Mean(OPs)     StdDev    Mean(s) Stonewall(s) Stonewall(MiB) Test# #Tasks tPN reps fPP reord reordoff reordrand seed segcnt   blksiz    xsize aggs(MiB)   API RefNum
write          32.34      32.34      32.34       0.00     517.47     517.47     517.47       0.00  494.71925         NA            NA     0     16  16    1   1     1        1         0    0     10 104857600    65536   16000.0 POSIX      0
read         6000.16    6000.16    6000.16       0.00   96002.48   96002.48   96002.48       0.00    2.66660         NA            NA     0     16  16    1   1     1        1         0    0     10 104857600    65536   16000.0 POSIX      0
Finished            : Thu Mar 26 14:41:57 2026

Exit code: 0
Completed: Thu Mar 26 14:41:58 CDT 2026
Darshan log: /work/hdd/bdau/mbanisharifdehkordi/SC_2026/data/benchmark_logs/iterative/mbanisha_ior_id17009766-3329432_3-26-52416-8480223491301875160_1.darshan
