============================================================
Track C Iterative Optimization - Benchmark Execution
Job: iter_ior_healthy_baseline_r0_baseline
Command: ior -a MPIIO -t 4194304 -b 1073741824 -s 4 -c -e -C -w -r -o /work/hdd/bdau/mbanisharifdehkordi/bench_scratch/iterative/ior_test_file
Date: Thu Mar 26 01:39:23 CDT 2026
Host: cn036.delta.ncsa.illinois.edu
============================================================
IOR-3.3.0: MPI Coordinated Test of Parallel I/O
Began               : Thu Mar 26 01:39:24 2026
Command line        : /sw/rh9.4/spack/v1.0.0/sw/linux-x86_64_v2/ior-3.3.0-oznn4mz/bin/ior -a MPIIO -t 4194304 -b 1073741824 -s 4 -c -e -C -w -r -o /work/hdd/bdau/mbanisharifdehkordi/bench_scratch/iterative/ior_test_file
Machine             : Linux cn036.delta.ncsa.illinois.edu
TestID              : 0
StartTime           : Thu Mar 26 01:39:24 2026
Path                : /work/hdd/bdau/mbanisharifdehkordi/bench_scratch/iterative
FS                  : 1.5 TiB   Used FS: 22.8%   Inodes: 2.4 Mi   Used Inodes: 68.3%

Options: 
api                 : MPIIO
apiVersion          : (3.1)
test filename       : /work/hdd/bdau/mbanisharifdehkordi/bench_scratch/iterative/ior_test_file
access              : single-shared-file
type                : collective
segments            : 4
ordering in a file  : sequential
ordering inter file : constant task offset
task offset         : 1
nodes               : 1
tasks               : 16
clients per node    : 16
repetitions         : 1
xfersize            : 4 MiB
blocksize           : 1 GiB
aggregate filesize  : 64 GiB

Results: 

access    bw(MiB/s)  IOPS       Latency(s)  block(KiB) xfer(KiB)  open(s)    wr/rd(s)   close(s)   total(s)   iter
------    ---------  ----       ----------  ---------- ---------  --------   --------   --------   --------   ----
write     680.06     170.08     0.376288    1048576    4096       0.033755   96.33      0.004814   96.37      0   
read      796.49     199.40     0.320931    1048576    4096       0.006533   82.16      0.116454   82.28      0   
remove    -          -          -           -          -          -          -          -          15.31      0   
Max Write: 680.06 MiB/sec (713.09 MB/sec)
Max Read:  796.49 MiB/sec (835.18 MB/sec)

Summary of all tests:
Operation   Max(MiB)   Min(MiB)  Mean(MiB)     StdDev   Max(OPs)   Min(OPs)  Mean(OPs)     StdDev    Mean(s) Stonewall(s) Stonewall(MiB) Test# #Tasks tPN reps fPP reord reordoff reordrand seed segcnt   blksiz    xsize aggs(MiB)   API RefNum
write         680.06     680.06     680.06       0.00     170.01     170.01     170.01       0.00   96.36837         NA            NA     0     16  16    1   0     1        1         0    0      4 1073741824  4194304   65536.0 MPIIO      0
read          796.49     796.49     796.49       0.00     199.12     199.12     199.12       0.00   82.28127         NA            NA     0     16  16    1   0     1        1         0    0      4 1073741824  4194304   65536.0 MPIIO      0
Finished            : Thu Mar 26 01:42:38 2026

Exit code: 0
Completed: Thu Mar 26 01:42:39 CDT 2026
Darshan log: /work/hdd/bdau/mbanisharifdehkordi/SC_2026/data/benchmark_logs/iterative/mbanisha_ior_id17004101-3647812_3-26-5963-12901427895388447565_1.darshan
