============================================================
Track C Iterative Optimization - Benchmark Execution
Job: iter_ior_random_access_r0_i1
Command: ior -a MPIIO -t 1048576 -b 104857600 -s 10 -F -e -C -w -r -c -o /work/hdd/bdau/mbanisharifdehkordi/bench_scratch/iterative/ior_test_file
Date: Wed Mar 25 17:26:39 CDT 2026
Host: cn105.delta.ncsa.illinois.edu
============================================================
IOR-3.3.0: MPI Coordinated Test of Parallel I/O
Began               : Wed Mar 25 17:26:40 2026
Command line        : /sw/rh9.4/spack/v1.0.0/sw/linux-x86_64_v2/ior-3.3.0-oznn4mz/bin/ior -a MPIIO -t 1048576 -b 104857600 -s 10 -F -e -C -w -r -c -o /work/hdd/bdau/mbanisharifdehkordi/bench_scratch/iterative/ior_test_file
Machine             : Linux cn105.delta.ncsa.illinois.edu
TestID              : 0
StartTime           : Wed Mar 25 17:26:40 2026
Path                : /work/hdd/bdau/mbanisharifdehkordi/bench_scratch/iterative
FS                  : 1.5 TiB   Used FS: 22.8%   Inodes: 2.4 Mi   Used Inodes: 67.6%

Options: 
api                 : MPIIO
apiVersion          : (3.1)
test filename       : /work/hdd/bdau/mbanisharifdehkordi/bench_scratch/iterative/ior_test_file
access              : file-per-process
type                : collective
segments            : 10
ordering in a file  : sequential
ordering inter file : constant task offset
task offset         : 1
nodes               : 1
tasks               : 16
clients per node    : 16
repetitions         : 1
xfersize            : 1 MiB
blocksize           : 100 MiB
aggregate filesize  : 15.62 GiB

Results: 

access    bw(MiB/s)  IOPS       Latency(s)  block(KiB) xfer(KiB)  open(s)    wr/rd(s)   close(s)   total(s)   iter
------    ---------  ----       ----------  ---------- ---------  --------   --------   --------   --------   ----
write     3511.28    3514.74    0.045429    102400     1024.00    0.046371   4.55       1.07       4.56       0   
read      28151      28245      0.002655    102400     1024.00    0.002343   0.566468   0.379977   0.568361   0   
remove    -          -          -           -          -          -          -          -          2.86       0   
Max Write: 3511.28 MiB/sec (3681.85 MB/sec)
Max Read:  28151.10 MiB/sec (29518.57 MB/sec)

Summary of all tests:
Operation   Max(MiB)   Min(MiB)  Mean(MiB)     StdDev   Max(OPs)   Min(OPs)  Mean(OPs)     StdDev    Mean(s) Stonewall(s) Stonewall(MiB) Test# #Tasks tPN reps fPP reord reordoff reordrand seed segcnt   blksiz    xsize aggs(MiB)   API RefNum
write        3511.28    3511.28    3511.28       0.00    3511.28    3511.28    3511.28       0.00    4.55674         NA            NA     0     16  16    1   1     1        1         0    0     10 104857600  1048576   16000.0 MPIIO      0
read        28151.10   28151.10   28151.10       0.00   28151.10   28151.10   28151.10       0.00    0.56836         NA            NA     0     16  16    1   1     1        1         0    0     10 104857600  1048576   16000.0 MPIIO      0
Finished            : Wed Mar 25 17:26:48 2026

Exit code: 0
Completed: Wed Mar 25 17:26:48 CDT 2026
Darshan log: /work/hdd/bdau/mbanisharifdehkordi/SC_2026/data/benchmark_logs/iterative/mbanisha_ior_id17000973-1545667_3-25-62800-17377554371759687142_1.darshan
