============================================================
Track C Iterative Optimization - Benchmark Execution
Job: iter_ior_fsync_heavy_r0_i1
Command: ior -a POSIX -t 10485760 -b 104857600 -s 10 -F -e -C -w -r -o /work/hdd/bdau/mbanisharifdehkordi/bench_scratch/iterative/ior_test_file
Date: Wed Mar 25 20:56:07 CDT 2026
Host: cn033.delta.ncsa.illinois.edu
============================================================
IOR-3.3.0: MPI Coordinated Test of Parallel I/O
Began               : Wed Mar 25 20:56:07 2026
Command line        : /sw/rh9.4/spack/v1.0.0/sw/linux-x86_64_v2/ior-3.3.0-oznn4mz/bin/ior -a POSIX -t 10485760 -b 104857600 -s 10 -F -e -C -w -r -o /work/hdd/bdau/mbanisharifdehkordi/bench_scratch/iterative/ior_test_file
Machine             : Linux cn033.delta.ncsa.illinois.edu
TestID              : 0
StartTime           : Wed Mar 25 20:56:07 2026
Path                : /work/hdd/bdau/mbanisharifdehkordi/bench_scratch/iterative
FS                  : 1.5 TiB   Used FS: 22.8%   Inodes: 2.4 Mi   Used Inodes: 67.7%

Options: 
api                 : POSIX
apiVersion          : 
test filename       : /work/hdd/bdau/mbanisharifdehkordi/bench_scratch/iterative/ior_test_file
access              : file-per-process
type                : independent
segments            : 10
ordering in a file  : sequential
ordering inter file : constant task offset
task offset         : 1
nodes               : 1
tasks               : 16
clients per node    : 16
repetitions         : 1
xfersize            : 10 MiB
blocksize           : 100 MiB
aggregate filesize  : 15.62 GiB

Results: 

access    bw(MiB/s)  IOPS       Latency(s)  block(KiB) xfer(KiB)  open(s)    wr/rd(s)   close(s)   total(s)   iter
------    ---------  ----       ----------  ---------- ---------  --------   --------   --------   --------   ----
write     2614.08    261.48     0.439074    102400     10240      0.007083   6.12       1.96       6.12       0   
read      23349      2338.55    0.017787    102400     10240      0.008038   0.684185   0.521007   0.685241   0   
remove    -          -          -           -          -          -          -          -          3.31       0   
Max Write: 2614.08 MiB/sec (2741.06 MB/sec)
Max Read:  23349.46 MiB/sec (24483.68 MB/sec)

Summary of all tests:
Operation   Max(MiB)   Min(MiB)  Mean(MiB)     StdDev   Max(OPs)   Min(OPs)  Mean(OPs)     StdDev    Mean(s) Stonewall(s) Stonewall(MiB) Test# #Tasks tPN reps fPP reord reordoff reordrand seed segcnt   blksiz    xsize aggs(MiB)   API RefNum
write        2614.08    2614.08    2614.08       0.00     261.41     261.41     261.41       0.00    6.12070         NA            NA     0     16  16    1   1     1        1         0    0     10 104857600 10485760   16000.0 POSIX      0
read        23349.46   23349.46   23349.46       0.00    2334.95    2334.95    2334.95       0.00    0.68524         NA            NA     0     16  16    1   1     1        1         0    0     10 104857600 10485760   16000.0 POSIX      0
Finished            : Wed Mar 25 20:56:17 2026

Exit code: 0
Completed: Wed Mar 25 20:56:18 CDT 2026
Darshan log: /work/hdd/bdau/mbanisharifdehkordi/SC_2026/data/benchmark_logs/iterative/mbanisha_ior_id17002726-2705477_3-25-75367-127517908454554254_1.darshan
