============================================================
Track C Iterative Optimization - Benchmark Execution
Job: iter_ior_small_posix_r0_i0
Command: ior -a POSIX -t 1048576 -b 1048576 -s 100 -F -e -C -w -r -o /work/hdd/bdau/mbanisharifdehkordi/bench_scratch/iterative/iter_ior_small_posix_r0_i0/ior_test_file
Date: Thu Mar 26 14:41:57 CDT 2026
Host: cn121.delta.ncsa.illinois.edu
============================================================
IOR-3.3.0: MPI Coordinated Test of Parallel I/O
Began               : Thu Mar 26 14:41:58 2026
Command line        : /sw/rh9.4/spack/v1.0.0/sw/linux-x86_64_v2/ior-3.3.0-oznn4mz/bin/ior -a POSIX -t 1048576 -b 1048576 -s 100 -F -e -C -w -r -o /work/hdd/bdau/mbanisharifdehkordi/bench_scratch/iterative/iter_ior_small_posix_r0_i0/ior_test_file
Machine             : Linux cn121.delta.ncsa.illinois.edu
TestID              : 0
StartTime           : Thu Mar 26 14:41:58 2026
Path                : /work/hdd/bdau/mbanisharifdehkordi/bench_scratch/iterative/iter_ior_small_posix_r0_i0
FS                  : 1.5 TiB   Used FS: 23.8%   Inodes: 2.4 Mi   Used Inodes: 68.8%

Options: 
api                 : POSIX
apiVersion          : 
test filename       : /work/hdd/bdau/mbanisharifdehkordi/bench_scratch/iterative/iter_ior_small_posix_r0_i0/ior_test_file
access              : file-per-process
type                : independent
segments            : 100
ordering in a file  : sequential
ordering inter file : constant task offset
task offset         : 1
nodes               : 1
tasks               : 16
clients per node    : 16
repetitions         : 1
xfersize            : 1 MiB
blocksize           : 1 MiB
aggregate filesize  : 1.56 GiB

Results: 

access    bw(MiB/s)  IOPS       Latency(s)  block(KiB) xfer(KiB)  open(s)    wr/rd(s)   close(s)   total(s)   iter
------    ---------  ----       ----------  ---------- ---------  --------   --------   --------   --------   ----
write     1485.01    1492.77    0.970382    1024.00    1024.00    0.020259   1.07       0.370173   1.08       0   
read      14837      15056      0.079719    1024.00    1024.00    0.015135   0.106273   0.027468   0.107840   0   
remove    -          -          -           -          -          -          -          -          0.342960   0   
Max Write: 1485.01 MiB/sec (1557.15 MB/sec)
Max Read:  14836.85 MiB/sec (15557.57 MB/sec)

Summary of all tests:
Operation   Max(MiB)   Min(MiB)  Mean(MiB)     StdDev   Max(OPs)   Min(OPs)  Mean(OPs)     StdDev    Mean(s) Stonewall(s) Stonewall(MiB) Test# #Tasks tPN reps fPP reord reordoff reordrand seed segcnt   blksiz    xsize aggs(MiB)   API RefNum
write        1485.01    1485.01    1485.01       0.00    1485.01    1485.01    1485.01       0.00    1.07743         NA            NA     0     16  16    1   1     1        1         0    0    100  1048576  1048576    1600.0 POSIX      0
read        14836.85   14836.85   14836.85       0.00   14836.85   14836.85   14836.85       0.00    0.10784         NA            NA     0     16  16    1   1     1        1         0    0    100  1048576  1048576    1600.0 POSIX      0
Finished            : Thu Mar 26 14:42:00 2026

Exit code: 0
Completed: Thu Mar 26 14:42:00 CDT 2026
Darshan log: /work/hdd/bdau/mbanisharifdehkordi/SC_2026/data/benchmark_logs/iterative/mbanisha_ior_id17009825-4110155_3-26-52917-14161863794580959759_1.darshan
