============================================================
Track C Iterative Optimization - Benchmark Execution
Job: iter_ior_small_direct_r0_baseline
Command: ior -a POSIX -t 4096 -b 1048576 -s 100 -F -e -C -w -r -O -o /work/hdd/bdau/mbanisharifdehkordi/bench_scratch/iterative/ior_test_file
Date: Wed Mar 25 17:17:00 CDT 2026
Host: cn055.delta.ncsa.illinois.edu
============================================================
Invalid option substring string: "-o" in "-o"
Invalid option substring string: "-o" in "-o"
Invalid option substring string: "-o" in "-o"
Invalid option substring string: "-o" in "-o"
Invalid option substring string: "-o" in "-o"
Invalid option substring string: "-o" in "-o"
Invalid option substring string: "-o" in "-o"
Invalid option substring string: "-o" in "-o"
Invalid option substring string: "-o" in "-o"
Invalid option substring string: "-o" in "-o"
Invalid option substring string: "-o" in "-o"
Invalid option substring string: "-o" in "-o"
Invalid option substring string: "-o" in "-o"
Invalid option substring string: "-o" in "-o"
Invalid option substring string: "-o" in "-o"
Invalid option substring string: "-o" in "-o"

Exit code: 1
Completed: Wed Mar 25 17:17:00 CDT 2026
Darshan log: /work/hdd/bdau/mbanisharifdehkordi/SC_2026/data/benchmark_logs/iterative/mbanisha_ior_id17000795-1314468_3-25-62135-11133228330186047268_2.darshan
