Pair: ior_collective_vs_independent (BAD)
Command: ior -a MPIIO -t 1048576 -b 100M -s 10 -e -C -w -r -o /work/hdd/bdau/mbanisharifdehkordi/bench_scratch/ioprescriber/ior_test_file
Date: Wed Mar 25 15:57:53 CDT 2026
Nodes: 4, Tasks: 64
IOR-3.3.0: MPI Coordinated Test of Parallel I/O
Began               : Wed Mar 25 15:57:54 2026
Command line        : /sw/rh9.4/spack/v1.0.0/sw/linux-x86_64_v2/ior-3.3.0-oznn4mz/bin/ior -a MPIIO -t 1048576 -b 100M -s 10 -e -C -w -r -o /work/hdd/bdau/mbanisharifdehkordi/bench_scratch/ioprescriber/ior_test_file
Machine             : Linux cn029.delta.ncsa.illinois.edu
TestID              : 0
StartTime           : Wed Mar 25 15:57:54 2026
Path                : /work/hdd/bdau/mbanisharifdehkordi/bench_scratch/ioprescriber
FS                  : 1.5 TiB   Used FS: 22.8%   Inodes: 2.4 Mi   Used Inodes: 67.6%

Options: 
api                 : MPIIO
apiVersion          : (3.1)
test filename       : /work/hdd/bdau/mbanisharifdehkordi/bench_scratch/ioprescriber/ior_test_file
access              : single-shared-file
type                : independent
segments            : 10
ordering in a file  : sequential
ordering inter file : constant task offset
task offset         : 1
nodes               : 4
tasks               : 64
clients per node    : 61
repetitions         : 1
xfersize            : 1 MiB
blocksize           : 100 MiB
aggregate filesize  : 62.50 GiB

Results: 

access    bw(MiB/s)  IOPS       Latency(s)  block(KiB) xfer(KiB)  open(s)    wr/rd(s)   close(s)   total(s)   iter
------    ---------  ----       ----------  ---------- ---------  --------   --------   --------   --------   ----
write     767.99     769.37     0.830186    102400     1024.00    0.127643   83.19      77.85      83.33      0   
read      1312.78    1317.18    0.485819    102400     1024.00    0.168155   48.59      46.07      48.75      0   
remove    -          -          -           -          -          -          -          -          10.24      0   
Max Write: 767.99 MiB/sec (805.30 MB/sec)
Max Read:  1312.78 MiB/sec (1376.55 MB/sec)

Summary of all tests:
Operation   Max(MiB)   Min(MiB)  Mean(MiB)     StdDev   Max(OPs)   Min(OPs)  Mean(OPs)     StdDev    Mean(s) Stonewall(s) Stonewall(MiB) Test# #Tasks tPN reps fPP reord reordoff reordrand seed segcnt   blksiz    xsize aggs(MiB)   API RefNum
write         767.99     767.99     767.99       0.00     767.99     767.99     767.99       0.00   83.33432         NA            NA     0     64  61    1   0     1        1         0    0     10 104857600  1048576   64000.0 MPIIO      0
read         1312.78    1312.78    1312.78       0.00    1312.78    1312.78    1312.78       0.00   48.75147         NA            NA     0     64  61    1   0     1        1         0    0     10 104857600  1048576   64000.0 MPIIO      0
Finished            : Wed Mar 25 16:00:18 2026
Exit code: 0
Completed: Wed Mar 25 16:00:18 CDT 2026
/work/hdd/bdau/mbanisharifdehkordi/SC_2026/data/benchmark_logs/ioprescriber/mbanisha_ior_id16999909-1662243_3-25-57474-11803777787495456237_1.darshan
