============================================================
IOPrescriber Closed-Loop Validation
Job: iop_good_ior_random_to_sequential
Command: ior -a POSIX -t 65536 -b 100M -s 10 -F -e -C -w -r -o /work/hdd/bdau/mbanisharifdehkordi/bench_scratch/ioprescriber/ior_test_file
Date: Mon Mar 23 16:41:37 CDT 2026
Host: cn057.delta.ncsa.illinois.edu
============================================================
IOR-3.3.0: MPI Coordinated Test of Parallel I/O
Began               : Mon Mar 23 16:41:37 2026
Command line        : /sw/rh9.4/spack/v1.0.0/sw/linux-x86_64_v2/ior-3.3.0-oznn4mz/bin/ior -a POSIX -t 65536 -b 100M -s 10 -F -e -C -w -r -o /work/hdd/bdau/mbanisharifdehkordi/bench_scratch/ioprescriber/ior_test_file
Machine             : Linux cn057.delta.ncsa.illinois.edu
TestID              : 0
StartTime           : Mon Mar 23 16:41:37 2026
Path                : /work/hdd/bdau/mbanisharifdehkordi/bench_scratch/ioprescriber
FS                  : 1.5 TiB   Used FS: 22.5%   Inodes: 2.4 Mi   Used Inodes: 63.0%

Options: 
api                 : POSIX
apiVersion          : 
test filename       : /work/hdd/bdau/mbanisharifdehkordi/bench_scratch/ioprescriber/ior_test_file
access              : file-per-process
type                : independent
segments            : 10
ordering in a file  : sequential
ordering inter file : constant task offset
task offset         : 1
nodes               : 1
tasks               : 16
clients per node    : 16
repetitions         : 1
xfersize            : 65536 bytes
blocksize           : 100 MiB
aggregate filesize  : 15.62 GiB

Results: 

access    bw(MiB/s)  IOPS       Latency(s)  block(KiB) xfer(KiB)  open(s)    wr/rd(s)   close(s)   total(s)   iter
------    ---------  ----       ----------  ---------- ---------  --------   --------   --------   --------   ----
write     3280.81    52507      0.002542    102400     64.00      0.006668   4.88       1.33       4.88       0   
read      23533      376940     0.000355    102400     64.00      0.000904   0.679154   0.445291   0.679888   0   
remove    -          -          -           -          -          -          -          -          3.67       0   
Max Write: 3280.81 MiB/sec (3440.17 MB/sec)
Max Read:  23533.30 MiB/sec (24676.46 MB/sec)

Summary of all tests:
Operation   Max(MiB)   Min(MiB)  Mean(MiB)     StdDev   Max(OPs)   Min(OPs)  Mean(OPs)     StdDev    Mean(s) Stonewall(s) Stonewall(MiB) Test# #Tasks tPN reps fPP reord reordoff reordrand seed segcnt   blksiz    xsize aggs(MiB)   API RefNum
write        3280.81    3280.81    3280.81       0.00   52492.89   52492.89   52492.89       0.00    4.87685         NA            NA     0     16  16    1   1     1        1         0    0     10 104857600    65536   16000.0 POSIX      0
read        23533.30   23533.30   23533.30       0.00  376532.83  376532.83  376532.83       0.00    0.67989         NA            NA     0     16  16    1   1     1        1         0    0     10 104857600    65536   16000.0 POSIX      0
Finished            : Mon Mar 23 16:41:47 2026

Exit code: 0
Completed: Mon Mar 23 16:41:47 CDT 2026
Darshan log: /work/hdd/bdau/mbanisharifdehkordi/SC_2026/data/benchmark_logs/ioprescriber/mbanisha_ior_id16929259-2996199_3-23-60097-10318609606132950358_1.darshan
