============================================================
IOPrescriber Closed-Loop Validation
Job: iop_good_ior_fsync_heavy
Command: ior -a POSIX -t 65536 -b 100M -s 10 -F -e -C -w -r -o /work/hdd/bdau/mbanisharifdehkordi/bench_scratch/ioprescriber/ior_test_file
Date: Mon Mar 23 16:48:59 CDT 2026
Host: cn092.delta.ncsa.illinois.edu
============================================================
IOR-3.3.0: MPI Coordinated Test of Parallel I/O
Began               : Mon Mar 23 16:48:59 2026
Command line        : /sw/rh9.4/spack/v1.0.0/sw/linux-x86_64_v2/ior-3.3.0-oznn4mz/bin/ior -a POSIX -t 65536 -b 100M -s 10 -F -e -C -w -r -o /work/hdd/bdau/mbanisharifdehkordi/bench_scratch/ioprescriber/ior_test_file
Machine             : Linux cn092.delta.ncsa.illinois.edu
TestID              : 0
StartTime           : Mon Mar 23 16:48:59 2026
Path                : /work/hdd/bdau/mbanisharifdehkordi/bench_scratch/ioprescriber
FS                  : 1.5 TiB   Used FS: 22.5%   Inodes: 2.4 Mi   Used Inodes: 63.0%

Options: 
api                 : POSIX
apiVersion          : 
test filename       : /work/hdd/bdau/mbanisharifdehkordi/bench_scratch/ioprescriber/ior_test_file
access              : file-per-process
type                : independent
segments            : 10
ordering in a file  : sequential
ordering inter file : constant task offset
task offset         : 1
nodes               : 1
tasks               : 16
clients per node    : 16
repetitions         : 1
xfersize            : 65536 bytes
blocksize           : 100 MiB
aggregate filesize  : 15.62 GiB

Results: 

access    bw(MiB/s)  IOPS       Latency(s)  block(KiB) xfer(KiB)  open(s)    wr/rd(s)   close(s)   total(s)   iter
------    ---------  ----       ----------  ---------- ---------  --------   --------   --------   --------   ----
write     3407.57    54540      0.002044    102400     64.00      0.006680   4.69       1.42       4.70       0   
read      21344      342002     0.000172    102400     64.00      0.001573   0.748533   0.499077   0.749639   0   
remove    -          -          -           -          -          -          -          -          2.33       0   
Max Write: 3407.57 MiB/sec (3573.10 MB/sec)
Max Read:  21343.60 MiB/sec (22380.38 MB/sec)

Summary of all tests:
Operation   Max(MiB)   Min(MiB)  Mean(MiB)     StdDev   Max(OPs)   Min(OPs)  Mean(OPs)     StdDev    Mean(s) Stonewall(s) Stonewall(MiB) Test# #Tasks tPN reps fPP reord reordoff reordrand seed segcnt   blksiz    xsize aggs(MiB)   API RefNum
write        3407.57    3407.57    3407.57       0.00   54521.13   54521.13   54521.13       0.00    4.69543         NA            NA     0     16  16    1   1     1        1         0    0     10 104857600    65536   16000.0 POSIX      0
read        21343.60   21343.60   21343.60       0.00  341497.55  341497.55  341497.55       0.00    0.74964         NA            NA     0     16  16    1   1     1        1         0    0     10 104857600    65536   16000.0 POSIX      0
Finished            : Mon Mar 23 16:49:07 2026

Exit code: 0
Completed: Mon Mar 23 16:49:08 CDT 2026
Darshan log: /work/hdd/bdau/mbanisharifdehkordi/SC_2026/data/benchmark_logs/ioprescriber/mbanisha_ior_id16928712-2838206_3-23-60539-6144987038771574568_1.darshan
