============================================================
IOPrescriber Closed-Loop Validation
Job: iop_bad_ior_random_to_sequential
Command: ior -a POSIX -t 65536 -b 100M -s 10 -F -e -C -z -w -r -o /work/hdd/bdau/mbanisharifdehkordi/bench_scratch/ioprescriber/ior_test_file
Date: Mon Mar 23 16:41:07 CDT 2026
Host: cn057.delta.ncsa.illinois.edu
============================================================
IOR-3.3.0: MPI Coordinated Test of Parallel I/O
Began               : Mon Mar 23 16:41:08 2026
Command line        : /sw/rh9.4/spack/v1.0.0/sw/linux-x86_64_v2/ior-3.3.0-oznn4mz/bin/ior -a POSIX -t 65536 -b 100M -s 10 -F -e -C -z -w -r -o /work/hdd/bdau/mbanisharifdehkordi/bench_scratch/ioprescriber/ior_test_file
Machine             : Linux cn057.delta.ncsa.illinois.edu
TestID              : 0
StartTime           : Mon Mar 23 16:41:08 2026
Path                : /work/hdd/bdau/mbanisharifdehkordi/bench_scratch/ioprescriber
FS                  : 1.5 TiB   Used FS: 22.5%   Inodes: 2.4 Mi   Used Inodes: 63.0%

Options: 
api                 : POSIX
apiVersion          : 
test filename       : /work/hdd/bdau/mbanisharifdehkordi/bench_scratch/ioprescriber/ior_test_file
access              : file-per-process
type                : independent
segments            : 10
ordering in a file  : random
ordering inter file : constant task offset
task offset         : 1
nodes               : 1
tasks               : 16
clients per node    : 16
repetitions         : 1
xfersize            : 65536 bytes
blocksize           : 100 MiB
aggregate filesize  : 15.62 GiB

Results: 

access    bw(MiB/s)  IOPS       Latency(s)  block(KiB) xfer(KiB)  open(s)    wr/rd(s)   close(s)   total(s)   iter
------    ---------  ----       ----------  ---------- ---------  --------   --------   --------   --------   ----
write     2211.75    35395      0.003838    102400     64.00      0.007346   7.23       1.39       7.23       0   
read      6549       104829     0.000132    102400     64.00      0.001073   2.44       2.27       2.44       0   
remove    -          -          -           -          -          -          -          -          2.91       0   
Max Write: 2211.75 MiB/sec (2319.19 MB/sec)
Max Read:  6548.89 MiB/sec (6867.01 MB/sec)

Summary of all tests:
Operation   Max(MiB)   Min(MiB)  Mean(MiB)     StdDev   Max(OPs)   Min(OPs)  Mean(OPs)     StdDev    Mean(s) Stonewall(s) Stonewall(MiB) Test# #Tasks tPN reps fPP reord reordoff reordrand seed segcnt   blksiz    xsize aggs(MiB)   API RefNum
write        2211.75    2211.75    2211.75       0.00   35388.07   35388.07   35388.07       0.00    7.23408         NA            NA     0     16  16    1   1     1        1         0    0     10 104857600    65536   16000.0 POSIX      0
read         6548.89    6548.89    6548.89       0.00  104782.24  104782.24  104782.24       0.00    2.44316         NA            NA     0     16  16    1   1     1        1         0    0     10 104857600    65536   16000.0 POSIX      0
Finished            : Mon Mar 23 16:41:21 2026

Exit code: 0
Completed: Mon Mar 23 16:41:21 CDT 2026
Darshan log: /work/hdd/bdau/mbanisharifdehkordi/SC_2026/data/benchmark_logs/ioprescriber/mbanisha_ior_id16929026-2996055_3-23-60068-9426448808817832116_1.darshan
