============================================================
IOPrescriber Closed-Loop Validation
Job: iop_good_ior_small_posix
Command: ior -a POSIX -t 1048576 -b 100M -s 10 -F -e -C -w -r -o /work/hdd/bdau/mbanisharifdehkordi/bench_scratch/ioprescriber/ior_test_file
Date: Mon Mar 23 08:03:24 CDT 2026
Host: cn132.delta.ncsa.illinois.edu
============================================================
IOR-3.3.0: MPI Coordinated Test of Parallel I/O
Began               : Mon Mar 23 08:03:24 2026
Command line        : /sw/rh9.4/spack/v1.0.0/sw/linux-x86_64_v2/ior-3.3.0-oznn4mz/bin/ior -a POSIX -t 1048576 -b 100M -s 10 -F -e -C -w -r -o /work/hdd/bdau/mbanisharifdehkordi/bench_scratch/ioprescriber/ior_test_file
Machine             : Linux cn132.delta.ncsa.illinois.edu
TestID              : 0
StartTime           : Mon Mar 23 08:03:24 2026
Path                : /work/hdd/bdau/mbanisharifdehkordi/bench_scratch/ioprescriber
FS                  : 1.5 TiB   Used FS: 22.5%   Inodes: 2.4 Mi   Used Inodes: 62.5%

Options: 
api                 : POSIX
apiVersion          : 
test filename       : /work/hdd/bdau/mbanisharifdehkordi/bench_scratch/ioprescriber/ior_test_file
access              : file-per-process
type                : independent
segments            : 10
ordering in a file  : sequential
ordering inter file : constant task offset
task offset         : 1
nodes               : 1
tasks               : 16
clients per node    : 16
repetitions         : 1
xfersize            : 1 MiB
blocksize           : 100 MiB
aggregate filesize  : 15.62 GiB

Results: 

access    bw(MiB/s)  IOPS       Latency(s)  block(KiB) xfer(KiB)  open(s)    wr/rd(s)   close(s)   total(s)   iter
------    ---------  ----       ----------  ---------- ---------  --------   --------   --------   --------   ----
write     2208.43    2208.84    0.071778    102400     1024.00    0.006925   7.24       1.79       7.24       0   
read      24687      24732      0.002809    102400     1024.00    0.001301   0.646939   0.485589   0.648113   0   
remove    -          -          -           -          -          -          -          -          2.74       0   
Max Write: 2208.43 MiB/sec (2315.71 MB/sec)
Max Read:  24687.04 MiB/sec (25886.24 MB/sec)

Summary of all tests:
Operation   Max(MiB)   Min(MiB)  Mean(MiB)     StdDev   Max(OPs)   Min(OPs)  Mean(OPs)     StdDev    Mean(s) Stonewall(s) Stonewall(MiB) Test# #Tasks tPN reps fPP reord reordoff reordrand seed segcnt   blksiz    xsize aggs(MiB)   API RefNum
write        2208.43    2208.43    2208.43       0.00    2208.43    2208.43    2208.43       0.00    7.24495         NA            NA     0     16  16    1   1     1        1         0    0     10 104857600  1048576   16000.0 POSIX      0
read        24687.04   24687.04   24687.04       0.00   24687.04   24687.04   24687.04       0.00    0.64811         NA            NA     0     16  16    1   1     1        1         0    0     10 104857600  1048576   16000.0 POSIX      0
Finished            : Mon Mar 23 08:03:35 2026

Exit code: 0
Completed: Mon Mar 23 08:03:35 CDT 2026
Darshan log: /work/hdd/bdau/mbanisharifdehkordi/SC_2026/data/benchmark_logs/ioprescriber/mbanisha_ior_id16928431-3955020_3-23-29004-11628004640911398025_1.darshan
